[32m[I 2023-10-13 15:43:31,954][0m A new study created in RDB with name: woselfloop-geom-squirrel[0m
/home/yuhe_guo/repos/polyFilterPlayground/data/geom_dataloader.py:36: RuntimeWarning: divide by zero encountered in power
  r_inv = np.power(rowsum, -1).flatten()
/home/yuhe_guo/repos/polyFilterPlayground/data/geom_dataloader.py:95: FutureWarning: adjacency_matrix will return a scipy.sparse array instead of a matrix in Networkx 3.0.
  adj = nx.adjacency_matrix(G, sorted(G.nodes()))
WARNING:root:The OGB package is out of date. Your version is 1.3.5, while the latest version is 1.3.6.
/home/yuhe_guo/repos/polyFilterPlayground/data/geom_dataloader.py:96: UserWarning: Creating a tensor from a list of numpy.ndarrays is extremely slow. Please consider converting the list to a single numpy.ndarray with numpy.array() before converting to a tensor. (Triggered internally at  ../torch/csrc/utils/tensor_new.cpp:201.)
  edge_index = th.Tensor(adj.nonzero())
[32m[I 2023-10-13 15:44:30,981][0m Trial 0 finished with value: 0.38653846153846155 and parameters: {'n_layers': 20, 'lr1': 0.009999999999999998, 'lr2': 0.039999999999999994, 'wd1': -3, 'wd2': -8, 'dropout': 0.8, 'dropout2': 0.4, 'alpha': 0.30000000000000004}. Best is trial 0 with value: 0.38653846153846155 and user_attrs {'test_acc': 0.3679154658981748, 'val_acc': 0.38653846153846155}.[0m
[32m[I 2023-10-13 15:44:45,933][0m Trial 1 finished with value: 0.3211538461538462 and parameters: {'n_layers': 16, 'lr1': -0.02, 'lr2': -0.02, 'wd1': -3, 'wd2': -7, 'dropout': 0.4, 'dropout2': 0.7000000000000001, 'alpha': 0.8}. Best is trial 0 with value: 0.38653846153846155 and user_attrs {'test_acc': 0.3679154658981748, 'val_acc': 0.38653846153846155}.[0m
[32m[I 2023-10-13 15:45:08,623][0m Trial 2 finished with value: 0.4807692307692308 and parameters: {'n_layers': 8, 'lr1': 0.02, 'lr2': 0.030000000000000002, 'wd1': -5, 'wd2': -5, 'dropout': 0.30000000000000004, 'dropout2': 0.1, 'alpha': 0.6}. Best is trial 2 with value: 0.4807692307692308 and user_attrs {'test_acc': 0.4745437079731028, 'val_acc': 0.4807692307692308}.[0m
[32m[I 2023-10-13 15:45:57,879][0m Trial 3 finished with value: 0.5682692307692307 and parameters: {'n_layers': 16, 'lr1': 0.039999999999999994, 'lr2': 0.030000000000000002, 'wd1': -7, 'wd2': -5, 'dropout': 0.30000000000000004, 'dropout2': 0.5, 'alpha': 0.8}. Best is trial 3 with value: 0.5682692307692307 and user_attrs {'test_acc': 0.5782901056676273, 'val_acc': 0.5682692307692307}.[0m
[32m[I 2023-10-13 15:46:20,109][0m Trial 4 finished with value: 0.3576923076923077 and parameters: {'n_layers': 4, 'lr1': 0.009999999999999998, 'lr2': 0.009999999999999998, 'wd1': -3, 'wd2': -5, 'dropout': 0.7000000000000001, 'dropout2': 0.0, 'alpha': 0.4}. Best is trial 3 with value: 0.5682692307692307 and user_attrs {'test_acc': 0.5782901056676273, 'val_acc': 0.5682692307692307}.[0m
[32m[I 2023-10-13 15:46:22,966][0m Trial 5 pruned. [0m
[32m[I 2023-10-13 15:46:50,323][0m Trial 6 finished with value: 0.5019230769230769 and parameters: {'n_layers': 20, 'lr1': 0.030000000000000002, 'lr2': 0.02, 'wd1': -5, 'wd2': -6, 'dropout': 0.5, 'dropout2': 0.5, 'alpha': 0.30000000000000004}. Best is trial 3 with value: 0.5682692307692307 and user_attrs {'test_acc': 0.5782901056676273, 'val_acc': 0.5682692307692307}.[0m
[32m[I 2023-10-13 15:46:53,318][0m Trial 7 pruned. [0m
[32m[I 2023-10-13 15:46:56,455][0m Trial 8 pruned. [0m
[32m[I 2023-10-13 15:46:59,491][0m Trial 9 pruned. [0m
[32m[I 2023-10-13 15:47:42,417][0m Trial 10 finished with value: 0.5875 and parameters: {'n_layers': 16, 'lr1': 0.05, 'lr2': 0.05, 'wd1': -8, 'wd2': -3, 'dropout': 0.0, 'dropout2': 0.9, 'alpha': 0.9}. Best is trial 10 with value: 0.5875 and user_attrs {'test_acc': 0.5840537944284342, 'val_acc': 0.5875}.[0m
[32m[I 2023-10-13 15:48:14,911][0m Trial 11 finished with value: 0.5807692307692308 and parameters: {'n_layers': 16, 'lr1': 0.05, 'lr2': 0.05, 'wd1': -8, 'wd2': -3, 'dropout': 0.0, 'dropout2': 0.9, 'alpha': 0.9}. Best is trial 10 with value: 0.5875 and user_attrs {'test_acc': 0.5840537944284342, 'val_acc': 0.5875}.[0m
[32m[I 2023-10-13 15:48:15,007][0m [YH INFO] Prune duplicated args![0m
[32m[I 2023-10-13 15:48:15,013][0m Trial 12 pruned. [0m
[32m[I 2023-10-13 15:48:54,550][0m Trial 13 finished with value: 0.5923076923076923 and parameters: {'n_layers': 12, 'lr1': 0.05, 'lr2': 0.05, 'wd1': -8, 'wd2': -3, 'dropout': 0.0, 'dropout2': 0.9, 'alpha': 0.6}. Best is trial 13 with value: 0.5923076923076923 and user_attrs {'test_acc': 0.5888568683957733, 'val_acc': 0.5923076923076923}.[0m
[32m[I 2023-10-13 15:48:57,633][0m Trial 14 pruned. [0m
[32m[I 2023-10-13 15:49:00,950][0m Trial 15 pruned. [0m
[32m[I 2023-10-13 15:49:04,097][0m Trial 16 pruned. [0m
[32m[I 2023-10-13 15:49:07,386][0m Trial 17 pruned. [0m
[32m[I 2023-10-13 15:49:10,499][0m Trial 18 pruned. [0m
[32m[I 2023-10-13 15:49:13,322][0m Trial 19 pruned. [0m
[32m[I 2023-10-13 15:49:16,783][0m Trial 20 pruned. [0m
[32m[I 2023-10-13 15:49:16,879][0m [YH INFO] Prune duplicated args![0m
[32m[I 2023-10-13 15:49:16,885][0m Trial 21 pruned. [0m
[32m[I 2023-10-13 15:49:20,073][0m Trial 22 pruned. [0m
[32m[I 2023-10-13 15:50:15,330][0m Trial 23 finished with value: 0.6048076923076923 and parameters: {'n_layers': 20, 'lr1': 0.039999999999999994, 'lr2': 0.039999999999999994, 'wd1': -7, 'wd2': -3, 'dropout': 0.1, 'dropout2': 0.8, 'alpha': 0.7000000000000001}. Best is trial 23 with value: 0.6048076923076923 and user_attrs {'test_acc': 0.5840537944284342, 'val_acc': 0.6048076923076923}.[0m
[32m[I 2023-10-13 15:50:47,889][0m Trial 24 finished with value: 0.5875 and parameters: {'n_layers': 20, 'lr1': 0.039999999999999994, 'lr2': 0.039999999999999994, 'wd1': -7, 'wd2': -4, 'dropout': 0.1, 'dropout2': 0.8, 'alpha': 0.7000000000000001}. Best is trial 23 with value: 0.6048076923076923 and user_attrs {'test_acc': 0.5840537944284342, 'val_acc': 0.6048076923076923}.[0m
[32m[I 2023-10-13 15:50:51,536][0m Trial 25 pruned. [0m
[32m[I 2023-10-13 15:50:58,052][0m Trial 26 pruned. [0m
[32m[I 2023-10-13 15:51:01,396][0m Trial 27 pruned. [0m
[32m[I 2023-10-13 15:51:29,424][0m Trial 28 pruned. [0m
[32m[I 2023-10-13 15:51:32,878][0m Trial 29 pruned. [0m
[32m[I 2023-10-13 15:51:36,398][0m Trial 30 pruned. [0m
[32m[I 2023-10-13 15:51:39,690][0m Trial 31 pruned. [0m
[32m[I 2023-10-13 15:51:43,021][0m Trial 32 pruned. [0m
[32m[I 2023-10-13 15:51:46,036][0m Trial 33 pruned. [0m
[32m[I 2023-10-13 15:51:49,130][0m Trial 34 pruned. [0m
[32m[I 2023-10-13 15:51:52,387][0m Trial 35 pruned. [0m
[32m[I 2023-10-13 15:51:55,315][0m Trial 36 pruned. [0m
[32m[I 2023-10-13 15:51:58,518][0m Trial 37 pruned. [0m
[32m[I 2023-10-13 15:52:01,675][0m Trial 38 pruned. [0m
[32m[I 2023-10-13 15:52:04,680][0m Trial 39 pruned. [0m
[32m[I 2023-10-13 15:52:08,823][0m Trial 40 pruned. [0m
[32m[I 2023-10-13 15:52:08,939][0m [YH INFO] Prune duplicated args![0m
[32m[I 2023-10-13 15:52:08,946][0m Trial 41 pruned. [0m
[32m[I 2023-10-13 15:52:12,055][0m Trial 42 pruned. [0m
[32m[I 2023-10-13 15:52:15,064][0m Trial 43 pruned. [0m
[32m[I 2023-10-13 15:52:18,349][0m Trial 44 pruned. [0m
[32m[I 2023-10-13 15:52:21,499][0m Trial 45 pruned. [0m
[32m[I 2023-10-13 15:52:39,804][0m Trial 46 pruned. [0m
[32m[I 2023-10-13 15:52:43,190][0m Trial 47 pruned. [0m
[32m[I 2023-10-13 15:52:48,777][0m Trial 48 pruned. [0m
[32m[I 2023-10-13 15:52:52,043][0m Trial 49 pruned. [0m
[32m[I 2023-10-13 15:52:55,009][0m Trial 50 pruned. [0m
[32m[I 2023-10-13 15:52:58,272][0m Trial 51 pruned. [0m
[32m[I 2023-10-13 15:53:01,451][0m Trial 52 pruned. [0m
[32m[I 2023-10-13 15:53:04,540][0m Trial 53 pruned. [0m
[32m[I 2023-10-13 15:53:07,983][0m Trial 54 pruned. [0m
[32m[I 2023-10-13 15:53:11,158][0m Trial 55 pruned. [0m
[32m[I 2023-10-13 15:53:14,593][0m Trial 56 pruned. [0m
[32m[I 2023-10-13 15:53:21,015][0m Trial 57 pruned. [0m
[32m[I 2023-10-13 15:53:23,994][0m Trial 58 pruned. [0m
[32m[I 2023-10-13 15:53:27,859][0m Trial 59 pruned. [0m
[32m[I 2023-10-13 15:54:05,624][0m Trial 60 finished with value: 0.5913461538461539 and parameters: {'n_layers': 16, 'lr1': 0.05, 'lr2': 0.05, 'wd1': -6, 'wd2': -5, 'dropout': 0.1, 'dropout2': 0.8, 'alpha': 0.7000000000000001}. Best is trial 23 with value: 0.6048076923076923 and user_attrs {'test_acc': 0.5840537944284342, 'val_acc': 0.6048076923076923}.[0m
[32m[I 2023-10-13 15:54:55,231][0m Trial 61 finished with value: 0.6028846153846154 and parameters: {'n_layers': 16, 'lr1': 0.05, 'lr2': 0.05, 'wd1': -6, 'wd2': -5, 'dropout': 0.1, 'dropout2': 0.8, 'alpha': 0.7000000000000001}. Best is trial 23 with value: 0.6048076923076923 and user_attrs {'test_acc': 0.5840537944284342, 'val_acc': 0.6048076923076923}.[0m
[32m[I 2023-10-13 15:55:27,076][0m Trial 62 finished with value: 0.5846153846153846 and parameters: {'n_layers': 16, 'lr1': 0.05, 'lr2': 0.05, 'wd1': -6, 'wd2': -5, 'dropout': 0.1, 'dropout2': 0.8, 'alpha': 0.6}. Best is trial 23 with value: 0.6048076923076923 and user_attrs {'test_acc': 0.5840537944284342, 'val_acc': 0.6048076923076923}.[0m
[32m[I 2023-10-13 15:55:33,554][0m Trial 63 pruned. [0m
[32m[I 2023-10-13 15:56:14,689][0m Trial 64 finished with value: 0.5971153846153846 and parameters: {'n_layers': 16, 'lr1': 0.05, 'lr2': 0.05, 'wd1': -6, 'wd2': -6, 'dropout': 0.1, 'dropout2': 0.8, 'alpha': 0.5}. Best is trial 23 with value: 0.6048076923076923 and user_attrs {'test_acc': 0.5840537944284342, 'val_acc': 0.6048076923076923}.[0m
[32m[I 2023-10-13 15:56:23,133][0m Trial 65 pruned. [0m
[32m[I 2023-10-13 15:56:26,534][0m Trial 66 pruned. [0m
[32m[I 2023-10-13 15:56:29,784][0m Trial 67 pruned. [0m
[32m[I 2023-10-13 15:56:34,007][0m Trial 68 pruned. [0m
[32m[I 2023-10-13 15:56:39,554][0m Trial 69 pruned. [0m
[32m[I 2023-10-13 15:56:42,790][0m Trial 70 pruned. [0m
[32m[I 2023-10-13 15:56:48,087][0m Trial 71 pruned. [0m
[32m[I 2023-10-13 15:56:50,996][0m Trial 72 pruned. [0m
[32m[I 2023-10-13 15:56:54,382][0m Trial 73 pruned. [0m
[32m[I 2023-10-13 15:56:57,432][0m Trial 74 pruned. [0m
[32m[I 2023-10-13 15:57:00,554][0m Trial 75 pruned. [0m
[32m[I 2023-10-13 15:57:03,488][0m Trial 76 pruned. [0m
[32m[I 2023-10-13 15:57:06,526][0m Trial 77 pruned. [0m
[32m[I 2023-10-13 15:57:09,774][0m Trial 78 pruned. [0m
[32m[I 2023-10-13 15:57:12,896][0m Trial 79 pruned. [0m
[32m[I 2023-10-13 15:57:15,930][0m Trial 80 pruned. [0m
[32m[I 2023-10-13 15:57:18,944][0m Trial 81 pruned. [0m
[32m[I 2023-10-13 15:57:22,216][0m Trial 82 pruned. [0m
[32m[I 2023-10-13 15:57:25,314][0m Trial 83 pruned. [0m
[32m[I 2023-10-13 15:57:38,676][0m Trial 84 pruned. [0m
[32m[I 2023-10-13 15:57:41,858][0m Trial 85 pruned. [0m
[32m[I 2023-10-13 15:57:44,924][0m Trial 86 pruned. [0m
[32m[I 2023-10-13 15:58:25,896][0m Trial 87 finished with value: 0.5875 and parameters: {'n_layers': 20, 'lr1': 0.05, 'lr2': 0.05, 'wd1': -7, 'wd2': -5, 'dropout': 0.0, 'dropout2': 0.9, 'alpha': 0.5}. Best is trial 23 with value: 0.6048076923076923 and user_attrs {'test_acc': 0.5840537944284342, 'val_acc': 0.6048076923076923}.[0m
[32m[I 2023-10-13 15:59:10,747][0m Trial 88 finished with value: 0.5923076923076923 and parameters: {'n_layers': 20, 'lr1': 0.05, 'lr2': 0.05, 'wd1': -7, 'wd2': -5, 'dropout': 0.0, 'dropout2': 0.9, 'alpha': 0.5}. Best is trial 23 with value: 0.6048076923076923 and user_attrs {'test_acc': 0.5840537944284342, 'val_acc': 0.6048076923076923}.[0m
[32m[I 2023-10-13 15:59:16,085][0m Trial 89 pruned. [0m
[32m[I 2023-10-13 15:59:20,933][0m Trial 90 pruned. [0m
[32m[I 2023-10-13 15:59:26,532][0m Trial 91 pruned. [0m
[32m[I 2023-10-13 15:59:26,639][0m [YH INFO] Prune duplicated args![0m
[32m[I 2023-10-13 15:59:26,646][0m Trial 92 pruned. [0m
[32m[I 2023-10-13 15:59:35,148][0m Trial 93 pruned. [0m
[32m[I 2023-10-13 15:59:38,305][0m Trial 94 pruned. [0m
[32m[I 2023-10-13 15:59:43,927][0m Trial 95 pruned. [0m
[32m[I 2023-10-13 15:59:47,851][0m Trial 96 pruned. [0m
[32m[I 2023-10-13 15:59:51,361][0m Trial 97 pruned. [0m
[32m[I 2023-10-13 15:59:55,002][0m Trial 98 pruned. [0m
[32m[I 2023-10-13 15:59:58,563][0m Trial 99 pruned. [0m
[32m[I 2023-10-13 16:00:04,432][0m Trial 100 pruned. [0m
[32m[I 2023-10-13 16:00:07,476][0m Trial 101 pruned. [0m
[32m[I 2023-10-13 16:00:07,582][0m [YH INFO] Prune duplicated args![0m
[32m[I 2023-10-13 16:00:07,587][0m Trial 102 pruned. [0m
[32m[I 2023-10-13 16:00:10,748][0m Trial 103 pruned. [0m
[32m[I 2023-10-13 16:00:13,938][0m Trial 104 pruned. [0m
[32m[I 2023-10-13 16:00:20,697][0m Trial 105 pruned. [0m
[32m[I 2023-10-13 16:00:23,864][0m Trial 106 pruned. [0m
[32m[I 2023-10-13 16:00:26,973][0m Trial 107 pruned. [0m
[32m[I 2023-10-13 16:00:30,142][0m Trial 108 pruned. [0m
[32m[I 2023-10-13 16:00:33,446][0m Trial 109 pruned. [0m
[32m[I 2023-10-13 16:00:36,768][0m Trial 110 pruned. [0m
[32m[I 2023-10-13 16:00:39,858][0m Trial 111 pruned. [0m
[32m[I 2023-10-13 16:00:42,974][0m Trial 112 pruned. [0m
[32m[I 2023-10-13 16:00:46,240][0m Trial 113 pruned. [0m
[32m[I 2023-10-13 16:00:49,403][0m Trial 114 pruned. [0m
[32m[I 2023-10-13 16:00:52,627][0m Trial 115 pruned. [0m
[32m[I 2023-10-13 16:00:56,048][0m Trial 116 pruned. [0m
[32m[I 2023-10-13 16:00:59,287][0m Trial 117 pruned. [0m
[32m[I 2023-10-13 16:01:02,426][0m Trial 118 pruned. [0m
[32m[I 2023-10-13 16:01:05,620][0m Trial 119 pruned. [0m
[32m[I 2023-10-13 16:01:08,761][0m Trial 120 pruned. [0m
[32m[I 2023-10-13 16:01:11,880][0m Trial 121 pruned. [0m
[32m[I 2023-10-13 16:01:15,002][0m Trial 122 pruned. [0m
[32m[I 2023-10-13 16:01:18,429][0m Trial 123 pruned. [0m
[32m[I 2023-10-13 16:01:21,683][0m Trial 124 pruned. [0m
[32m[I 2023-10-13 16:01:25,093][0m Trial 125 pruned. [0m
[32m[I 2023-10-13 16:01:28,534][0m Trial 126 pruned. [0m
[32m[I 2023-10-13 16:01:31,686][0m Trial 127 pruned. [0m
[32m[I 2023-10-13 16:01:34,855][0m Trial 128 pruned. [0m
[32m[I 2023-10-13 16:01:37,919][0m Trial 129 pruned. [0m
[32m[I 2023-10-13 16:01:43,031][0m Trial 130 pruned. [0m
[32m[I 2023-10-13 16:01:46,122][0m Trial 131 pruned. [0m
[32m[I 2023-10-13 16:01:49,162][0m Trial 132 pruned. [0m
[32m[I 2023-10-13 16:01:52,362][0m Trial 133 pruned. [0m
[32m[I 2023-10-13 16:01:55,629][0m Trial 134 pruned. [0m
[32m[I 2023-10-13 16:01:58,823][0m Trial 135 pruned. [0m
[32m[I 2023-10-13 16:02:01,922][0m Trial 136 pruned. [0m
[32m[I 2023-10-13 16:02:05,169][0m Trial 137 pruned. [0m
[32m[I 2023-10-13 16:02:08,540][0m Trial 138 pruned. [0m
[32m[I 2023-10-13 16:02:13,003][0m Trial 139 pruned. [0m
[32m[I 2023-10-13 16:02:16,298][0m Trial 140 pruned. [0m
[32m[I 2023-10-13 16:02:19,406][0m Trial 141 pruned. [0m
[32m[I 2023-10-13 16:02:22,589][0m Trial 142 pruned. [0m
[32m[I 2023-10-13 16:02:25,688][0m Trial 143 pruned. [0m
[32m[I 2023-10-13 16:02:28,756][0m Trial 144 pruned. [0m
[32m[I 2023-10-13 16:02:31,879][0m Trial 145 pruned. [0m
[32m[I 2023-10-13 16:02:35,007][0m Trial 146 pruned. [0m
[32m[I 2023-10-13 16:02:38,280][0m Trial 147 pruned. [0m
[32m[I 2023-10-13 16:02:41,545][0m Trial 148 pruned. [0m
[32m[I 2023-10-13 16:02:44,839][0m Trial 149 pruned. [0m
[32m[I 2023-10-13 16:02:48,193][0m Trial 150 pruned. [0m
[32m[I 2023-10-13 16:02:51,278][0m Trial 151 pruned. [0m
[32m[I 2023-10-13 16:02:54,435][0m Trial 152 pruned. [0m
[32m[I 2023-10-13 16:02:57,585][0m Trial 153 pruned. [0m
[32m[I 2023-10-13 16:03:00,488][0m Trial 154 pruned. [0m
[32m[I 2023-10-13 16:03:03,540][0m Trial 155 pruned. [0m
[32m[I 2023-10-13 16:03:06,650][0m Trial 156 pruned. [0m
[32m[I 2023-10-13 16:03:09,704][0m Trial 157 pruned. [0m
[32m[I 2023-10-13 16:03:12,952][0m Trial 158 pruned. [0m
[32m[I 2023-10-13 16:03:16,247][0m Trial 159 pruned. [0m
[32m[I 2023-10-13 16:03:19,474][0m Trial 160 pruned. [0m
[32m[I 2023-10-13 16:03:22,625][0m Trial 161 pruned. [0m
[32m[I 2023-10-13 16:03:25,800][0m Trial 162 pruned. [0m
[32m[I 2023-10-13 16:03:28,919][0m Trial 163 pruned. [0m
[32m[I 2023-10-13 16:03:32,194][0m Trial 164 pruned. [0m
[32m[I 2023-10-13 16:03:35,340][0m Trial 165 pruned. [0m
[32m[I 2023-10-13 16:03:38,518][0m Trial 166 pruned. [0m
[32m[I 2023-10-13 16:03:41,622][0m Trial 167 pruned. [0m
[32m[I 2023-10-13 16:03:44,736][0m Trial 168 pruned. [0m
[32m[I 2023-10-13 16:03:48,030][0m Trial 169 pruned. [0m
[32m[I 2023-10-13 16:03:51,458][0m Trial 170 pruned. [0m
[32m[I 2023-10-13 16:03:54,510][0m Trial 171 pruned. [0m
[32m[I 2023-10-13 16:03:57,583][0m Trial 172 pruned. [0m
[32m[I 2023-10-13 16:04:00,696][0m Trial 173 pruned. [0m
[32m[I 2023-10-13 16:04:04,101][0m Trial 174 pruned. [0m
[32m[I 2023-10-13 16:04:07,455][0m Trial 175 pruned. [0m
[32m[I 2023-10-13 16:04:10,406][0m Trial 176 pruned. [0m
[32m[I 2023-10-13 16:04:13,417][0m Trial 177 pruned. [0m
[32m[I 2023-10-13 16:04:16,583][0m Trial 178 pruned. [0m
[32m[I 2023-10-13 16:04:19,824][0m Trial 179 pruned. [0m
[32m[I 2023-10-13 16:04:22,982][0m Trial 180 pruned. [0m
[32m[I 2023-10-13 16:04:26,387][0m Trial 181 pruned. [0m
[32m[I 2023-10-13 16:04:29,587][0m Trial 182 pruned. [0m
[32m[I 2023-10-13 16:04:32,953][0m Trial 183 pruned. [0m
[32m[I 2023-10-13 16:04:36,165][0m Trial 184 pruned. [0m
[32m[I 2023-10-13 16:04:39,469][0m Trial 185 pruned. [0m
[32m[I 2023-10-13 16:04:42,543][0m Trial 186 pruned. [0m
[32m[I 2023-10-13 16:04:45,846][0m Trial 187 pruned. [0m
[32m[I 2023-10-13 16:04:48,822][0m Trial 188 pruned. [0m
[32m[I 2023-10-13 16:04:52,246][0m Trial 189 pruned. [0m
[32m[I 2023-10-13 16:04:55,366][0m Trial 190 pruned. [0m
[32m[I 2023-10-13 16:05:30,439][0m Trial 191 finished with value: 0.5788461538461539 and parameters: {'n_layers': 20, 'lr1': 0.05, 'lr2': 0.05, 'wd1': -6, 'wd2': -3, 'dropout': 0.1, 'dropout2': 0.8, 'alpha': 0.7000000000000001}. Best is trial 23 with value: 0.6048076923076923 and user_attrs {'test_acc': 0.5840537944284342, 'val_acc': 0.6048076923076923}.[0m
[32m[I 2023-10-13 16:06:04,742][0m Trial 192 finished with value: 0.5798076923076924 and parameters: {'n_layers': 20, 'lr1': 0.05, 'lr2': 0.05, 'wd1': -6, 'wd2': -3, 'dropout': 0.1, 'dropout2': 0.8, 'alpha': 0.7000000000000001}. Best is trial 23 with value: 0.6048076923076923 and user_attrs {'test_acc': 0.5840537944284342, 'val_acc': 0.6048076923076923}.[0m
[32m[I 2023-10-13 16:06:04,862][0m [YH INFO] Prune duplicated args![0m
[32m[I 2023-10-13 16:06:04,868][0m Trial 193 pruned. [0m
[32m[I 2023-10-13 16:06:04,982][0m [YH INFO] Prune duplicated args![0m
[32m[I 2023-10-13 16:06:04,988][0m Trial 194 pruned. [0m
[32m[I 2023-10-13 16:06:05,101][0m [YH INFO] Prune duplicated args![0m
[32m[I 2023-10-13 16:06:05,107][0m Trial 195 pruned. [0m
[32m[I 2023-10-13 16:06:05,239][0m [YH INFO] Prune duplicated args![0m
[32m[I 2023-10-13 16:06:05,245][0m Trial 196 pruned. [0m
[32m[I 2023-10-13 16:06:05,369][0m [YH INFO] Prune duplicated args![0m
[32m[I 2023-10-13 16:06:05,375][0m Trial 197 pruned. [0m
[32m[I 2023-10-13 16:06:08,825][0m Trial 198 pruned. [0m
[32m[I 2023-10-13 16:06:12,122][0m Trial 199 pruned. [0m
[32m[I 2023-10-13 16:06:15,206][0m Trial 200 pruned. [0m
[32m[I 2023-10-13 16:06:18,437][0m Trial 201 pruned. [0m
