[32m[I 2023-10-13 16:23:10,493][0m Trial 131 finished with value: 0.7230769230769231 and parameters: {'n_layers': 16, 'lr1': 0.05, 'lr2': 0.05, 'wd1': -5, 'wd2': -5, 'dropout': 0.4, 'dropout2': 0.5, 'alpha': 0.7000000000000001}. Best is trial 114 with value: 0.7230769230769231 and user_attrs {'test_acc': 0.6892778993435449, 'val_acc': 0.7230769230769231}.[0m
[32m[I 2023-10-13 16:24:30,070][0m Trial 132 finished with value: 0.7120879120879121 and parameters: {'n_layers': 16, 'lr1': 0.05, 'lr2': 0.05, 'wd1': -5, 'wd2': -5, 'dropout': 0.5, 'dropout2': 0.4, 'alpha': 0.7000000000000001}. Best is trial 114 with value: 0.7230769230769231 and user_attrs {'test_acc': 0.6892778993435449, 'val_acc': 0.7230769230769231}.[0m
[32m[I 2023-10-13 16:24:32,269][0m Trial 133 pruned. [0m
[32m[I 2023-10-13 16:24:34,549][0m Trial 134 pruned. [0m
[32m[I 2023-10-13 16:24:36,846][0m Trial 135 pruned. [0m
[32m[I 2023-10-13 16:24:39,076][0m Trial 136 pruned. [0m
[32m[I 2023-10-13 16:24:49,677][0m Trial 137 pruned. [0m
[32m[I 2023-10-13 16:25:33,482][0m Trial 138 finished with value: 0.7164835164835165 and parameters: {'n_layers': 16, 'lr1': 0.05, 'lr2': 0.05, 'wd1': -6, 'wd2': -4, 'dropout': 0.4, 'dropout2': 0.6000000000000001, 'alpha': 0.4}. Best is trial 114 with value: 0.7230769230769231 and user_attrs {'test_acc': 0.6892778993435449, 'val_acc': 0.7230769230769231}.[0m
[32m[I 2023-10-13 16:25:35,889][0m Trial 139 pruned. [0m
[32m[I 2023-10-13 16:25:58,085][0m Trial 140 pruned. [0m
[32m[I 2023-10-13 16:26:00,499][0m Trial 141 pruned. [0m
[32m[I 2023-10-13 16:27:08,434][0m Trial 142 finished with value: 0.7230769230769231 and parameters: {'n_layers': 16, 'lr1': 0.05, 'lr2': 0.05, 'wd1': -6, 'wd2': -4, 'dropout': 0.5, 'dropout2': 0.4, 'alpha': 0.30000000000000004}. Best is trial 114 with value: 0.7230769230769231 and user_attrs {'test_acc': 0.6892778993435449, 'val_acc': 0.7230769230769231}.[0m
[32m[I 2023-10-13 16:28:18,263][0m Trial 143 finished with value: 0.7208791208791209 and parameters: {'n_layers': 16, 'lr1': 0.05, 'lr2': 0.05, 'wd1': -6, 'wd2': -4, 'dropout': 0.5, 'dropout2': 0.4, 'alpha': 0.30000000000000004}. Best is trial 114 with value: 0.7230769230769231 and user_attrs {'test_acc': 0.6892778993435449, 'val_acc': 0.7230769230769231}.[0m
[32m[I 2023-10-13 16:28:18,376][0m [YH INFO] Prune duplicated args![0m
[32m[I 2023-10-13 16:28:18,382][0m Trial 144 pruned. [0m
[32m[I 2023-10-13 16:29:05,942][0m Trial 145 finished with value: 0.7186813186813187 and parameters: {'n_layers': 16, 'lr1': 0.05, 'lr2': 0.05, 'wd1': -6, 'wd2': -4, 'dropout': 0.5, 'dropout2': 0.5, 'alpha': 0.30000000000000004}. Best is trial 114 with value: 0.7230769230769231 and user_attrs {'test_acc': 0.6892778993435449, 'val_acc': 0.7230769230769231}.[0m
[32m[I 2023-10-13 16:30:06,744][0m Trial 146 finished with value: 0.7230769230769231 and parameters: {'n_layers': 16, 'lr1': 0.05, 'lr2': 0.05, 'wd1': -6, 'wd2': -3, 'dropout': 0.5, 'dropout2': 0.5, 'alpha': 0.30000000000000004}. Best is trial 114 with value: 0.7230769230769231 and user_attrs {'test_acc': 0.6892778993435449, 'val_acc': 0.7230769230769231}.[0m
[32m[I 2023-10-13 16:30:29,091][0m Trial 147 pruned. [0m
[32m[I 2023-10-13 16:31:16,791][0m Trial 148 finished with value: 0.7164835164835165 and parameters: {'n_layers': 16, 'lr1': 0.05, 'lr2': 0.05, 'wd1': -6, 'wd2': -3, 'dropout': 0.5, 'dropout2': 0.5, 'alpha': 0.30000000000000004}. Best is trial 114 with value: 0.7230769230769231 and user_attrs {'test_acc': 0.6892778993435449, 'val_acc': 0.7230769230769231}.[0m
[32m[I 2023-10-13 16:31:19,008][0m Trial 149 pruned. [0m
[32m[I 2023-10-13 16:31:21,187][0m Trial 150 pruned. [0m
[32m[I 2023-10-13 16:32:44,650][0m Trial 151 finished with value: 0.7142857142857143 and parameters: {'n_layers': 16, 'lr1': 0.05, 'lr2': 0.05, 'wd1': -6, 'wd2': -3, 'dropout': 0.5, 'dropout2': 0.5, 'alpha': 0.4}. Best is trial 114 with value: 0.7230769230769231 and user_attrs {'test_acc': 0.6892778993435449, 'val_acc': 0.7230769230769231}.[0m
[32m[I 2023-10-13 16:32:46,884][0m Trial 152 pruned. [0m
[32m[I 2023-10-13 16:33:06,284][0m Trial 153 pruned. [0m
[32m[I 2023-10-13 16:33:06,398][0m [YH INFO] Prune duplicated args![0m
[32m[I 2023-10-13 16:33:06,403][0m Trial 154 pruned. [0m
[32m[I 2023-10-13 16:33:06,513][0m [YH INFO] Prune duplicated args![0m
[32m[I 2023-10-13 16:33:06,518][0m Trial 155 pruned. [0m
[32m[I 2023-10-13 16:33:08,667][0m Trial 156 pruned. [0m
[32m[I 2023-10-13 16:33:11,065][0m Trial 157 pruned. [0m
[32m[I 2023-10-13 16:33:13,011][0m Trial 158 pruned. [0m
[32m[I 2023-10-13 16:33:15,526][0m Trial 159 pruned. [0m
[32m[I 2023-10-13 16:33:18,723][0m Trial 160 pruned. [0m
[32m[I 2023-10-13 16:33:21,293][0m Trial 161 pruned. [0m
[32m[I 2023-10-13 16:33:23,833][0m Trial 162 pruned. [0m
[32m[I 2023-10-13 16:33:23,948][0m [YH INFO] Prune duplicated args![0m
[32m[I 2023-10-13 16:33:23,954][0m Trial 163 pruned. [0m
[32m[I 2023-10-13 16:33:35,808][0m Trial 164 pruned. [0m
[32m[I 2023-10-13 16:33:37,873][0m Trial 165 pruned. [0m
[32m[I 2023-10-13 16:33:40,468][0m Trial 166 pruned. [0m
[32m[I 2023-10-13 16:33:41,983][0m Trial 167 pruned. [0m
[32m[I 2023-10-13 16:33:44,849][0m Trial 168 pruned. [0m
[32m[I 2023-10-13 16:35:08,718][0m Trial 169 finished with value: 0.7164835164835165 and parameters: {'n_layers': 16, 'lr1': 0.05, 'lr2': 0.05, 'wd1': -6, 'wd2': -3, 'dropout': 0.4, 'dropout2': 0.5, 'alpha': 0.4}. Best is trial 114 with value: 0.7230769230769231 and user_attrs {'test_acc': 0.6892778993435449, 'val_acc': 0.7230769230769231}.[0m
[32m[I 2023-10-13 16:35:10,289][0m Trial 170 pruned. [0m
[32m[I 2023-10-13 16:35:12,402][0m Trial 171 pruned. [0m
[32m[I 2023-10-13 16:35:15,370][0m Trial 172 pruned. [0m
[32m[I 2023-10-13 16:35:15,521][0m [YH INFO] Prune duplicated args![0m
[32m[I 2023-10-13 16:35:15,528][0m Trial 173 pruned. [0m
[32m[I 2023-10-13 16:35:18,609][0m Trial 174 pruned. [0m
[32m[I 2023-10-13 16:35:20,561][0m Trial 175 pruned. [0m
[32m[I 2023-10-13 16:35:20,684][0m [YH INFO] Prune duplicated args![0m
[32m[I 2023-10-13 16:35:20,690][0m Trial 176 pruned. [0m
[32m[I 2023-10-13 16:36:45,978][0m Trial 177 finished with value: 0.7186813186813187 and parameters: {'n_layers': 16, 'lr1': 0.05, 'lr2': 0.05, 'wd1': -6, 'wd2': -3, 'dropout': 0.5, 'dropout2': 0.5, 'alpha': 0.4}. Best is trial 114 with value: 0.7230769230769231 and user_attrs {'test_acc': 0.6892778993435449, 'val_acc': 0.7230769230769231}.[0m
[32m[I 2023-10-13 16:37:55,182][0m Trial 178 finished with value: 0.7208791208791209 and parameters: {'n_layers': 16, 'lr1': 0.05, 'lr2': 0.05, 'wd1': -5, 'wd2': -4, 'dropout': 0.4, 'dropout2': 0.5, 'alpha': 0.4}. Best is trial 114 with value: 0.7230769230769231 and user_attrs {'test_acc': 0.6892778993435449, 'val_acc': 0.7230769230769231}.[0m
[32m[I 2023-10-13 16:37:57,474][0m Trial 179 pruned. [0m
[32m[I 2023-10-13 16:39:18,383][0m Trial 180 finished with value: 0.7164835164835165 and parameters: {'n_layers': 16, 'lr1': 0.05, 'lr2': 0.05, 'wd1': -6, 'wd2': -3, 'dropout': 0.4, 'dropout2': 0.5, 'alpha': 0.4}. Best is trial 114 with value: 0.7230769230769231 and user_attrs {'test_acc': 0.6892778993435449, 'val_acc': 0.7230769230769231}.[0m
[32m[I 2023-10-13 16:39:20,442][0m Trial 181 pruned. [0m
[32m[I 2023-10-13 16:39:20,569][0m [YH INFO] Prune duplicated args![0m
[32m[I 2023-10-13 16:39:20,575][0m Trial 182 pruned. [0m
[32m[I 2023-10-13 16:39:32,685][0m Trial 183 pruned. [0m
[32m[I 2023-10-13 16:40:52,923][0m Trial 184 finished with value: 0.7164835164835165 and parameters: {'n_layers': 16, 'lr1': 0.05, 'lr2': 0.05, 'wd1': -5, 'wd2': -4, 'dropout': 0.4, 'dropout2': 0.5, 'alpha': 0.4}. Best is trial 114 with value: 0.7230769230769231 and user_attrs {'test_acc': 0.6892778993435449, 'val_acc': 0.7230769230769231}.[0m
[32m[I 2023-10-13 16:41:38,144][0m Trial 185 finished with value: 0.7142857142857143 and parameters: {'n_layers': 16, 'lr1': 0.05, 'lr2': 0.05, 'wd1': -5, 'wd2': -4, 'dropout': 0.5, 'dropout2': 0.1, 'alpha': 0.5}. Best is trial 114 with value: 0.7230769230769231 and user_attrs {'test_acc': 0.6892778993435449, 'val_acc': 0.7230769230769231}.[0m
[32m[I 2023-10-13 16:41:40,443][0m Trial 186 pruned. [0m
[32m[I 2023-10-13 16:41:42,771][0m Trial 187 pruned. [0m
[32m[I 2023-10-13 16:41:42,883][0m [YH INFO] Prune duplicated args![0m
[32m[I 2023-10-13 16:41:42,888][0m Trial 188 pruned. [0m
[32m[I 2023-10-13 16:41:45,132][0m Trial 189 pruned. [0m
[32m[I 2023-10-13 16:41:47,384][0m Trial 190 pruned. [0m
[32m[I 2023-10-13 16:42:35,270][0m Trial 191 finished with value: 0.7164835164835165 and parameters: {'n_layers': 16, 'lr1': 0.05, 'lr2': 0.05, 'wd1': -6, 'wd2': -4, 'dropout': 0.5, 'dropout2': 0.5, 'alpha': 0.30000000000000004}. Best is trial 114 with value: 0.7230769230769231 and user_attrs {'test_acc': 0.6892778993435449, 'val_acc': 0.7230769230769231}.[0m
[32m[I 2023-10-13 16:42:37,463][0m Trial 192 pruned. [0m
[32m[I 2023-10-13 16:43:52,807][0m Trial 193 finished with value: 0.7230769230769231 and parameters: {'n_layers': 16, 'lr1': 0.05, 'lr2': 0.05, 'wd1': -5, 'wd2': -4, 'dropout': 0.4, 'dropout2': 0.6000000000000001, 'alpha': 0.4}. Best is trial 114 with value: 0.7230769230769231 and user_attrs {'test_acc': 0.6892778993435449, 'val_acc': 0.7230769230769231}.[0m
[32m[I 2023-10-13 16:43:54,461][0m Trial 194 pruned. [0m
[32m[I 2023-10-13 16:44:02,532][0m Trial 195 pruned. [0m
[32m[I 2023-10-13 16:45:18,801][0m Trial 196 finished with value: 0.7142857142857143 and parameters: {'n_layers': 16, 'lr1': 0.05, 'lr2': 0.05, 'wd1': -5, 'wd2': -4, 'dropout': 0.4, 'dropout2': 0.6000000000000001, 'alpha': 0.4}. Best is trial 114 with value: 0.7230769230769231 and user_attrs {'test_acc': 0.6892778993435449, 'val_acc': 0.7230769230769231}.[0m
[32m[I 2023-10-13 16:45:20,783][0m Trial 197 pruned. [0m
[32m[I 2023-10-13 16:45:23,172][0m Trial 198 pruned. [0m
[32m[I 2023-10-13 16:45:25,433][0m Trial 199 pruned. [0m
[32m[I 2023-10-13 16:45:27,841][0m Trial 200 pruned. [0m
[32m[I 2023-10-13 16:46:26,213][0m Trial 201 finished with value: 0.7120879120879121 and parameters: {'n_layers': 16, 'lr1': 0.05, 'lr2': 0.05, 'wd1': -5, 'wd2': -5, 'dropout': 0.4, 'dropout2': 0.4, 'alpha': 0.8}. Best is trial 114 with value: 0.7230769230769231 and user_attrs {'test_acc': 0.6892778993435449, 'val_acc': 0.7230769230769231}.[0m
