[32m[I 2023-10-14 04:45:10,824][0m Trial 107 pruned. [0m
[32m[I 2023-10-14 04:46:20,633][0m Trial 108 finished with value: 0.6009615384615384 and parameters: {'n_layers': 8, 'lr1': 0.05, 'lr2': 0.05, 'wd1': -5, 'wd2': -5, 'dropout': 0.2, 'dropout2': 0.9, 'alpha': 0.4}. Best is trial 88 with value: 0.6009615384615384 and user_attrs {'test_acc': 0.5830931796349664, 'val_acc': 0.6009615384615384}.[0m
[32m[I 2023-10-14 04:46:26,354][0m Trial 109 pruned. [0m
[32m[I 2023-10-14 04:47:00,080][0m Trial 110 finished with value: 0.5894230769230769 and parameters: {'n_layers': 4, 'lr1': 0.05, 'lr2': 0.05, 'wd1': -5, 'wd2': -5, 'dropout': 0.1, 'dropout2': 0.9, 'alpha': 0.4}. Best is trial 88 with value: 0.6009615384615384 and user_attrs {'test_acc': 0.5830931796349664, 'val_acc': 0.6009615384615384}.[0m
[32m[I 2023-10-14 04:48:01,508][0m Trial 111 finished with value: 0.5971153846153846 and parameters: {'n_layers': 8, 'lr1': 0.05, 'lr2': 0.05, 'wd1': -5, 'wd2': -5, 'dropout': 0.2, 'dropout2': 0.9, 'alpha': 0.4}. Best is trial 88 with value: 0.6009615384615384 and user_attrs {'test_acc': 0.5830931796349664, 'val_acc': 0.6009615384615384}.[0m
[32m[I 2023-10-14 04:48:48,309][0m Trial 112 finished with value: 0.5932692307692308 and parameters: {'n_layers': 8, 'lr1': 0.05, 'lr2': 0.05, 'wd1': -5, 'wd2': -4, 'dropout': 0.2, 'dropout2': 0.9, 'alpha': 0.4}. Best is trial 88 with value: 0.6009615384615384 and user_attrs {'test_acc': 0.5830931796349664, 'val_acc': 0.6009615384615384}.[0m
[32m[I 2023-10-14 04:49:34,968][0m Trial 113 finished with value: 0.5913461538461539 and parameters: {'n_layers': 8, 'lr1': 0.05, 'lr2': 0.05, 'wd1': -5, 'wd2': -4, 'dropout': 0.2, 'dropout2': 0.9, 'alpha': 0.4}. Best is trial 88 with value: 0.6009615384615384 and user_attrs {'test_acc': 0.5830931796349664, 'val_acc': 0.6009615384615384}.[0m
[32m[I 2023-10-14 04:49:35,080][0m [YH INFO] Prune duplicated args![0m
[32m[I 2023-10-14 04:49:35,085][0m Trial 114 pruned. [0m
[32m[I 2023-10-14 04:49:35,191][0m [YH INFO] Prune duplicated args![0m
[32m[I 2023-10-14 04:49:35,197][0m Trial 115 pruned. [0m
[32m[I 2023-10-14 04:49:35,307][0m [YH INFO] Prune duplicated args![0m
[32m[I 2023-10-14 04:49:35,314][0m Trial 116 pruned. [0m
[32m[I 2023-10-14 04:49:35,417][0m [YH INFO] Prune duplicated args![0m
[32m[I 2023-10-14 04:49:35,422][0m Trial 117 pruned. [0m
[32m[I 2023-10-14 04:50:26,599][0m Trial 118 finished with value: 0.5711538461538461 and parameters: {'n_layers': 8, 'lr1': 0.05, 'lr2': 0.05, 'wd1': -5, 'wd2': -4, 'dropout': 0.1, 'dropout2': 0.9, 'alpha': 0.4}. Best is trial 88 with value: 0.6009615384615384 and user_attrs {'test_acc': 0.5830931796349664, 'val_acc': 0.6009615384615384}.[0m
[32m[I 2023-10-14 04:51:07,173][0m Trial 119 finished with value: 0.6028846153846154 and parameters: {'n_layers': 8, 'lr1': 0.05, 'lr2': 0.05, 'wd1': -5, 'wd2': -5, 'dropout': 0.30000000000000004, 'dropout2': 0.8, 'alpha': 0.4}. Best is trial 119 with value: 0.6028846153846154 and user_attrs {'test_acc': 0.5811719500480308, 'val_acc': 0.6028846153846154}.[0m
[32m[I 2023-10-14 04:51:10,390][0m Trial 120 pruned. [0m
[32m[I 2023-10-14 04:51:10,502][0m [YH INFO] Prune duplicated args![0m
[32m[I 2023-10-14 04:51:10,507][0m Trial 121 pruned. [0m
[32m[I 2023-10-14 04:52:05,655][0m Trial 122 finished with value: 0.5951923076923077 and parameters: {'n_layers': 8, 'lr1': 0.05, 'lr2': 0.05, 'wd1': -5, 'wd2': -4, 'dropout': 0.30000000000000004, 'dropout2': 0.8, 'alpha': 0.30000000000000004}. Best is trial 119 with value: 0.6028846153846154 and user_attrs {'test_acc': 0.5811719500480308, 'val_acc': 0.6028846153846154}.[0m
[32m[I 2023-10-14 04:52:08,836][0m Trial 123 pruned. [0m
[32m[I 2023-10-14 04:52:48,131][0m Trial 124 finished with value: 0.5682692307692307 and parameters: {'n_layers': 8, 'lr1': 0.05, 'lr2': 0.05, 'wd1': -5, 'wd2': -4, 'dropout': 0.2, 'dropout2': 0.8, 'alpha': 0.4}. Best is trial 119 with value: 0.6028846153846154 and user_attrs {'test_acc': 0.5811719500480308, 'val_acc': 0.6028846153846154}.[0m
[32m[I 2023-10-14 04:52:51,303][0m Trial 125 pruned. [0m
[32m[I 2023-10-14 04:52:54,409][0m Trial 126 pruned. [0m
[32m[I 2023-10-14 04:52:58,598][0m Trial 127 pruned. [0m
[32m[I 2023-10-14 04:52:58,710][0m [YH INFO] Prune duplicated args![0m
[32m[I 2023-10-14 04:52:58,716][0m Trial 128 pruned. [0m
[32m[I 2023-10-14 04:53:34,683][0m Trial 129 finished with value: 0.5903846153846154 and parameters: {'n_layers': 8, 'lr1': 0.05, 'lr2': 0.05, 'wd1': -5, 'wd2': -4, 'dropout': 0.30000000000000004, 'dropout2': 0.8, 'alpha': 0.2}. Best is trial 119 with value: 0.6028846153846154 and user_attrs {'test_acc': 0.5811719500480308, 'val_acc': 0.6028846153846154}.[0m
[32m[I 2023-10-14 04:54:37,764][0m Trial 130 finished with value: 0.6009615384615384 and parameters: {'n_layers': 8, 'lr1': 0.05, 'lr2': 0.05, 'wd1': -5, 'wd2': -4, 'dropout': 0.30000000000000004, 'dropout2': 0.8, 'alpha': 0.1}. Best is trial 119 with value: 0.6028846153846154 and user_attrs {'test_acc': 0.5811719500480308, 'val_acc': 0.6028846153846154}.[0m
[32m[I 2023-10-14 04:55:29,816][0m Trial 131 finished with value: 0.5961538461538461 and parameters: {'n_layers': 8, 'lr1': 0.05, 'lr2': 0.05, 'wd1': -5, 'wd2': -4, 'dropout': 0.30000000000000004, 'dropout2': 0.8, 'alpha': 0.1}. Best is trial 119 with value: 0.6028846153846154 and user_attrs {'test_acc': 0.5811719500480308, 'val_acc': 0.6028846153846154}.[0m
[32m[I 2023-10-14 04:55:29,922][0m [YH INFO] Prune duplicated args![0m
[32m[I 2023-10-14 04:55:29,927][0m Trial 132 pruned. [0m
[32m[I 2023-10-14 04:56:07,348][0m Trial 133 finished with value: 0.5778846153846153 and parameters: {'n_layers': 8, 'lr1': 0.05, 'lr2': 0.05, 'wd1': -5, 'wd2': -4, 'dropout': 0.2, 'dropout2': 0.8, 'alpha': 0.1}. Best is trial 119 with value: 0.6028846153846154 and user_attrs {'test_acc': 0.5811719500480308, 'val_acc': 0.6028846153846154}.[0m
[32m[I 2023-10-14 04:56:07,461][0m [YH INFO] Prune duplicated args![0m
[32m[I 2023-10-14 04:56:07,467][0m Trial 134 pruned. [0m
[32m[I 2023-10-14 04:56:10,843][0m Trial 135 pruned. [0m
[32m[I 2023-10-14 04:56:48,640][0m Trial 136 finished with value: 0.5894230769230769 and parameters: {'n_layers': 8, 'lr1': 0.05, 'lr2': 0.05, 'wd1': -5, 'wd2': -4, 'dropout': 0.30000000000000004, 'dropout2': 0.8, 'alpha': 0.2}. Best is trial 119 with value: 0.6028846153846154 and user_attrs {'test_acc': 0.5811719500480308, 'val_acc': 0.6028846153846154}.[0m
[32m[I 2023-10-14 04:56:48,749][0m [YH INFO] Prune duplicated args![0m
[32m[I 2023-10-14 04:56:48,755][0m Trial 137 pruned. [0m
[32m[I 2023-10-14 04:57:33,904][0m Trial 138 finished with value: 0.5788461538461539 and parameters: {'n_layers': 8, 'lr1': 0.05, 'lr2': 0.05, 'wd1': -5, 'wd2': -4, 'dropout': 0.2, 'dropout2': 0.8, 'alpha': 0.1}. Best is trial 119 with value: 0.6028846153846154 and user_attrs {'test_acc': 0.5811719500480308, 'val_acc': 0.6028846153846154}.[0m
[32m[I 2023-10-14 04:57:37,127][0m Trial 139 pruned. [0m
[32m[I 2023-10-14 04:57:40,458][0m Trial 140 pruned. [0m
[32m[I 2023-10-14 04:57:43,764][0m Trial 141 pruned. [0m
[32m[I 2023-10-14 04:57:47,131][0m Trial 142 pruned. [0m
[32m[I 2023-10-14 04:57:50,421][0m Trial 143 pruned. [0m
[32m[I 2023-10-14 04:58:52,372][0m Trial 144 finished with value: 0.5846153846153846 and parameters: {'n_layers': 8, 'lr1': 0.05, 'lr2': 0.05, 'wd1': -5, 'wd2': -5, 'dropout': 0.2, 'dropout2': 0.8, 'alpha': 0.30000000000000004}. Best is trial 119 with value: 0.6028846153846154 and user_attrs {'test_acc': 0.5811719500480308, 'val_acc': 0.6028846153846154}.[0m
[32m[I 2023-10-14 04:58:55,880][0m Trial 145 pruned. [0m
[32m[I 2023-10-14 04:58:59,307][0m Trial 146 pruned. [0m
[32m[I 2023-10-14 04:59:02,778][0m Trial 147 pruned. [0m
[32m[I 2023-10-14 04:59:06,242][0m Trial 148 pruned. [0m
[32m[I 2023-10-14 04:59:42,792][0m Trial 149 finished with value: 0.5913461538461539 and parameters: {'n_layers': 8, 'lr1': 0.05, 'lr2': 0.05, 'wd1': -5, 'wd2': -5, 'dropout': 0.30000000000000004, 'dropout2': 0.8, 'alpha': 0.1}. Best is trial 119 with value: 0.6028846153846154 and user_attrs {'test_acc': 0.5811719500480308, 'val_acc': 0.6028846153846154}.[0m
[32m[I 2023-10-14 05:00:12,102][0m Trial 150 finished with value: 0.5663461538461538 and parameters: {'n_layers': 8, 'lr1': 0.05, 'lr2': 0.05, 'wd1': -6, 'wd2': -5, 'dropout': 0.30000000000000004, 'dropout2': 0.8, 'alpha': 0.1}. Best is trial 119 with value: 0.6028846153846154 and user_attrs {'test_acc': 0.5811719500480308, 'val_acc': 0.6028846153846154}.[0m
[32m[I 2023-10-14 05:00:18,096][0m Trial 151 pruned. [0m
[32m[I 2023-10-14 05:00:27,034][0m Trial 152 pruned. [0m
[32m[I 2023-10-14 05:00:30,387][0m Trial 153 pruned. [0m
[32m[I 2023-10-14 05:00:33,918][0m Trial 154 pruned. [0m
[32m[I 2023-10-14 05:00:37,707][0m Trial 155 pruned. [0m
[32m[I 2023-10-14 05:00:41,012][0m Trial 156 pruned. [0m
[32m[I 2023-10-14 05:01:31,613][0m Trial 157 finished with value: 0.6086538461538461 and parameters: {'n_layers': 8, 'lr1': 0.05, 'lr2': 0.05, 'wd1': -6, 'wd2': -5, 'dropout': 0.4, 'dropout2': 0.8, 'alpha': 0.30000000000000004}. Best is trial 157 with value: 0.6086538461538461 and user_attrs {'test_acc': 0.5926993275696446, 'val_acc': 0.6086538461538461}.[0m
[32m[I 2023-10-14 05:01:34,948][0m Trial 158 pruned. [0m
[32m[I 2023-10-14 05:01:38,312][0m Trial 159 pruned. [0m
[32m[I 2023-10-14 05:02:50,910][0m Trial 160 finished with value: 0.5875 and parameters: {'n_layers': 8, 'lr1': 0.039999999999999994, 'lr2': 0.039999999999999994, 'wd1': -6, 'wd2': -5, 'dropout': 0.4, 'dropout2': 0.8, 'alpha': 0.4}. Best is trial 157 with value: 0.6086538461538461 and user_attrs {'test_acc': 0.5926993275696446, 'val_acc': 0.6086538461538461}.[0m
[32m[I 2023-10-14 05:03:58,581][0m Trial 161 finished with value: 0.5971153846153846 and parameters: {'n_layers': 8, 'lr1': 0.05, 'lr2': 0.05, 'wd1': -5, 'wd2': -5, 'dropout': 0.2, 'dropout2': 0.8, 'alpha': 0.30000000000000004}. Best is trial 157 with value: 0.6086538461538461 and user_attrs {'test_acc': 0.5926993275696446, 'val_acc': 0.6086538461538461}.[0m
[32m[I 2023-10-14 05:03:58,707][0m [YH INFO] Prune duplicated args![0m
[32m[I 2023-10-14 05:03:58,713][0m Trial 162 pruned. [0m
[32m[I 2023-10-14 05:03:58,841][0m [YH INFO] Prune duplicated args![0m
[32m[I 2023-10-14 05:03:58,847][0m Trial 163 pruned. [0m
[32m[I 2023-10-14 05:04:53,742][0m Trial 164 finished with value: 0.5980769230769231 and parameters: {'n_layers': 8, 'lr1': 0.05, 'lr2': 0.05, 'wd1': -6, 'wd2': -5, 'dropout': 0.2, 'dropout2': 0.9, 'alpha': 0.30000000000000004}. Best is trial 157 with value: 0.6086538461538461 and user_attrs {'test_acc': 0.5926993275696446, 'val_acc': 0.6086538461538461}.[0m
[32m[I 2023-10-14 05:05:48,929][0m Trial 165 finished with value: 0.5923076923076923 and parameters: {'n_layers': 8, 'lr1': 0.05, 'lr2': 0.05, 'wd1': -6, 'wd2': -5, 'dropout': 0.2, 'dropout2': 0.9, 'alpha': 0.30000000000000004}. Best is trial 157 with value: 0.6086538461538461 and user_attrs {'test_acc': 0.5926993275696446, 'val_acc': 0.6086538461538461}.[0m
[32m[I 2023-10-14 05:05:49,057][0m [YH INFO] Prune duplicated args![0m
[32m[I 2023-10-14 05:05:49,065][0m Trial 166 pruned. [0m
[32m[I 2023-10-14 05:05:49,196][0m [YH INFO] Prune duplicated args![0m
[32m[I 2023-10-14 05:05:49,203][0m Trial 167 pruned. [0m
[32m[I 2023-10-14 05:05:49,335][0m [YH INFO] Prune duplicated args![0m
[32m[I 2023-10-14 05:05:49,342][0m Trial 168 pruned. [0m
[32m[I 2023-10-14 05:06:46,453][0m Trial 169 finished with value: 0.5836538461538462 and parameters: {'n_layers': 8, 'lr1': 0.05, 'lr2': 0.05, 'wd1': -6, 'wd2': -5, 'dropout': 0.2, 'dropout2': 0.8, 'alpha': 0.30000000000000004}. Best is trial 157 with value: 0.6086538461538461 and user_attrs {'test_acc': 0.5926993275696446, 'val_acc': 0.6086538461538461}.[0m
[32m[I 2023-10-14 05:07:21,959][0m Trial 170 pruned. [0m
[32m[I 2023-10-14 05:07:22,072][0m [YH INFO] Prune duplicated args![0m
[32m[I 2023-10-14 05:07:22,078][0m Trial 171 pruned. [0m
[32m[I 2023-10-14 05:07:22,192][0m [YH INFO] Prune duplicated args![0m
[32m[I 2023-10-14 05:07:22,198][0m Trial 172 pruned. [0m
[32m[I 2023-10-14 05:07:22,311][0m [YH INFO] Prune duplicated args![0m
[32m[I 2023-10-14 05:07:22,318][0m Trial 173 pruned. [0m
[32m[I 2023-10-14 05:08:14,180][0m Trial 174 finished with value: 0.5826923076923077 and parameters: {'n_layers': 8, 'lr1': 0.05, 'lr2': 0.05, 'wd1': -6, 'wd2': -5, 'dropout': 0.2, 'dropout2': 0.8, 'alpha': 0.30000000000000004}. Best is trial 157 with value: 0.6086538461538461 and user_attrs {'test_acc': 0.5926993275696446, 'val_acc': 0.6086538461538461}.[0m
[32m[I 2023-10-14 05:09:21,337][0m Trial 175 finished with value: 0.6 and parameters: {'n_layers': 8, 'lr1': 0.05, 'lr2': 0.05, 'wd1': -5, 'wd2': -6, 'dropout': 0.2, 'dropout2': 0.9, 'alpha': 0.4}. Best is trial 157 with value: 0.6086538461538461 and user_attrs {'test_acc': 0.5926993275696446, 'val_acc': 0.6086538461538461}.[0m
[32m[I 2023-10-14 05:09:24,615][0m Trial 176 pruned. [0m
[32m[I 2023-10-14 05:09:29,273][0m Trial 177 pruned. [0m
[32m[I 2023-10-14 05:10:19,575][0m Trial 178 finished with value: 0.5932692307692308 and parameters: {'n_layers': 8, 'lr1': 0.05, 'lr2': 0.039999999999999994, 'wd1': -5, 'wd2': -6, 'dropout': 0.2, 'dropout2': 0.9, 'alpha': 0.4}. Best is trial 157 with value: 0.6086538461538461 and user_attrs {'test_acc': 0.5926993275696446, 'val_acc': 0.6086538461538461}.[0m
[32m[I 2023-10-14 05:11:30,067][0m Trial 179 finished with value: 0.5932692307692308 and parameters: {'n_layers': 8, 'lr1': 0.05, 'lr2': 0.039999999999999994, 'wd1': -5, 'wd2': -6, 'dropout': 0.2, 'dropout2': 0.9, 'alpha': 0.4}. Best is trial 157 with value: 0.6086538461538461 and user_attrs {'test_acc': 0.5926993275696446, 'val_acc': 0.6086538461538461}.[0m
[32m[I 2023-10-14 05:11:30,184][0m [YH INFO] Prune duplicated args![0m
[32m[I 2023-10-14 05:11:30,191][0m Trial 180 pruned. [0m
[32m[I 2023-10-14 05:11:30,303][0m [YH INFO] Prune duplicated args![0m
[32m[I 2023-10-14 05:11:30,309][0m Trial 181 pruned. [0m
[32m[I 2023-10-14 05:11:30,421][0m [YH INFO] Prune duplicated args![0m
[32m[I 2023-10-14 05:11:30,427][0m Trial 182 pruned. [0m
[32m[I 2023-10-14 05:11:30,541][0m [YH INFO] Prune duplicated args![0m
[32m[I 2023-10-14 05:11:30,549][0m Trial 183 pruned. [0m
[32m[I 2023-10-14 05:11:30,661][0m [YH INFO] Prune duplicated args![0m
[32m[I 2023-10-14 05:11:30,666][0m Trial 184 pruned. [0m
[32m[I 2023-10-14 05:12:19,741][0m Trial 185 finished with value: 0.573076923076923 and parameters: {'n_layers': 8, 'lr1': 0.05, 'lr2': 0.039999999999999994, 'wd1': -6, 'wd2': -6, 'dropout': 0.1, 'dropout2': 0.9, 'alpha': 0.30000000000000004}. Best is trial 157 with value: 0.6086538461538461 and user_attrs {'test_acc': 0.5926993275696446, 'val_acc': 0.6086538461538461}.[0m
[32m[I 2023-10-14 05:12:19,878][0m [YH INFO] Prune duplicated args![0m
[32m[I 2023-10-14 05:12:19,886][0m Trial 186 pruned. [0m
[32m[I 2023-10-14 05:12:31,210][0m Trial 187 pruned. [0m
[32m[I 2023-10-14 05:13:13,302][0m Trial 188 finished with value: 0.5769230769230769 and parameters: {'n_layers': 8, 'lr1': 0.05, 'lr2': 0.030000000000000002, 'wd1': -6, 'wd2': -6, 'dropout': 0.2, 'dropout2': 0.9, 'alpha': 0.30000000000000004}. Best is trial 157 with value: 0.6086538461538461 and user_attrs {'test_acc': 0.5926993275696446, 'val_acc': 0.6086538461538461}.[0m
[32m[I 2023-10-14 05:13:16,982][0m Trial 189 pruned. [0m
[32m[I 2023-10-14 05:14:00,115][0m Trial 190 finished with value: 0.5855769230769231 and parameters: {'n_layers': 8, 'lr1': 0.05, 'lr2': 0.039999999999999994, 'wd1': -5, 'wd2': -5, 'dropout': 0.2, 'dropout2': 0.9, 'alpha': 0.4}. Best is trial 157 with value: 0.6086538461538461 and user_attrs {'test_acc': 0.5926993275696446, 'val_acc': 0.6086538461538461}.[0m
[32m[I 2023-10-14 05:14:03,720][0m Trial 191 pruned. [0m
[32m[I 2023-10-14 05:14:06,851][0m Trial 192 pruned. [0m
[32m[I 2023-10-14 05:15:23,959][0m Trial 193 finished with value: 0.6163461538461539 and parameters: {'n_layers': 8, 'lr1': 0.05, 'lr2': 0.05, 'wd1': -5, 'wd2': -5, 'dropout': 0.30000000000000004, 'dropout2': 0.8, 'alpha': 0.30000000000000004}. Best is trial 193 with value: 0.6163461538461539 and user_attrs {'test_acc': 0.5936599423631124, 'val_acc': 0.6163461538461539}.[0m
[32m[I 2023-10-14 05:16:11,863][0m Trial 194 finished with value: 0.6009615384615384 and parameters: {'n_layers': 8, 'lr1': 0.05, 'lr2': 0.05, 'wd1': -5, 'wd2': -5, 'dropout': 0.4, 'dropout2': 0.7000000000000001, 'alpha': 0.30000000000000004}. Best is trial 193 with value: 0.6163461538461539 and user_attrs {'test_acc': 0.5936599423631124, 'val_acc': 0.6163461538461539}.[0m
[32m[I 2023-10-14 05:16:59,518][0m Trial 195 finished with value: 0.6076923076923076 and parameters: {'n_layers': 8, 'lr1': 0.05, 'lr2': 0.05, 'wd1': -5, 'wd2': -5, 'dropout': 0.4, 'dropout2': 0.7000000000000001, 'alpha': 0.30000000000000004}. Best is trial 193 with value: 0.6163461538461539 and user_attrs {'test_acc': 0.5936599423631124, 'val_acc': 0.6163461538461539}.[0m
[32m[I 2023-10-14 05:16:59,641][0m [YH INFO] Prune duplicated args![0m
[32m[I 2023-10-14 05:16:59,647][0m Trial 196 pruned. [0m
[32m[I 2023-10-14 05:16:59,762][0m [YH INFO] Prune duplicated args![0m
[32m[I 2023-10-14 05:16:59,777][0m Trial 197 pruned. [0m
[32m[I 2023-10-14 05:16:59,896][0m [YH INFO] Prune duplicated args![0m
[32m[I 2023-10-14 05:16:59,902][0m Trial 198 pruned. [0m
[32m[I 2023-10-14 05:17:00,015][0m [YH INFO] Prune duplicated args![0m
[32m[I 2023-10-14 05:17:00,020][0m Trial 199 pruned. [0m
[32m[I 2023-10-14 05:17:03,440][0m Trial 200 pruned. [0m
[32m[I 2023-10-14 05:17:03,560][0m [YH INFO] Prune duplicated args![0m
[32m[I 2023-10-14 05:17:03,566][0m Trial 201 pruned. [0m
