[32m[I 2023-10-14 03:31:47,582][0m A new study created in RDB with name: woselfloop-geom-chameleon[0m
/home/yuhe_guo/repos/polyFilterPlayground/data/geom_dataloader.py:36: RuntimeWarning: divide by zero encountered in power
  r_inv = np.power(rowsum, -1).flatten()
/home/yuhe_guo/repos/polyFilterPlayground/data/geom_dataloader.py:95: FutureWarning: adjacency_matrix will return a scipy.sparse array instead of a matrix in Networkx 3.0.
  adj = nx.adjacency_matrix(G, sorted(G.nodes()))
/home/yuhe_guo/repos/polyFilterPlayground/data/geom_dataloader.py:96: UserWarning: Creating a tensor from a list of numpy.ndarrays is extremely slow. Please consider converting the list to a single numpy.ndarray with numpy.array() before converting to a tensor. (Triggered internally at  ../torch/csrc/utils/tensor_new.cpp:201.)
  edge_index = th.Tensor(adj.nonzero())
WARNING:root:The OGB package is out of date. Your version is 1.3.5, while the latest version is 1.3.6.
[32m[I 2023-10-14 03:33:01,731][0m Trial 0 finished with value: 0.5516483516483517 and parameters: {'n_layers': 20, 'lr1': 0.009999999999999998, 'lr2': 0.0, 'wd1': -5, 'wd2': -3, 'dropout': 0.9, 'dropout2': 0.8, 'alpha': 0.2}. Best is trial 0 with value: 0.5516483516483517 and user_attrs {'test_acc': 0.5448577680525164, 'val_acc': 0.5516483516483517}.[0m
[32m[I 2023-10-14 03:33:29,889][0m Trial 1 finished with value: 0.6175824175824176 and parameters: {'n_layers': 4, 'lr1': -0.02, 'lr2': 0.039999999999999994, 'wd1': -4, 'wd2': -8, 'dropout': 0.0, 'dropout2': 0.1, 'alpha': 0.2}. Best is trial 1 with value: 0.6175824175824176 and user_attrs {'test_acc': 0.6061269146608315, 'val_acc': 0.6175824175824176}.[0m
[32m[I 2023-10-14 03:34:27,567][0m Trial 2 finished with value: 0.5758241758241758 and parameters: {'n_layers': 16, 'lr1': -0.01, 'lr2': -0.02, 'wd1': -4, 'wd2': -5, 'dropout': 0.7000000000000001, 'dropout2': 0.5, 'alpha': 0.6}. Best is trial 1 with value: 0.6175824175824176 and user_attrs {'test_acc': 0.6061269146608315, 'val_acc': 0.6175824175824176}.[0m
[32m[I 2023-10-14 03:35:47,377][0m Trial 3 finished with value: 0.5604395604395604 and parameters: {'n_layers': 12, 'lr1': -0.01, 'lr2': 0.0, 'wd1': -7, 'wd2': -4, 'dropout': 0.8, 'dropout2': 0.9, 'alpha': 0.4}. Best is trial 1 with value: 0.6175824175824176 and user_attrs {'test_acc': 0.6061269146608315, 'val_acc': 0.6175824175824176}.[0m
[32m[I 2023-10-14 03:36:45,172][0m Trial 4 finished with value: 0.6373626373626373 and parameters: {'n_layers': 8, 'lr1': 0.0, 'lr2': 0.030000000000000002, 'wd1': -8, 'wd2': -4, 'dropout': 0.2, 'dropout2': 0.1, 'alpha': 0.6}. Best is trial 4 with value: 0.6373626373626373 and user_attrs {'test_acc': 0.6148796498905909, 'val_acc': 0.6373626373626373}.[0m
[32m[I 2023-10-14 03:38:06,444][0m Trial 5 finished with value: 0.7362637362637363 and parameters: {'n_layers': 16, 'lr1': 0.05, 'lr2': 0.05, 'wd1': -7, 'wd2': -7, 'dropout': 0.30000000000000004, 'dropout2': 0.8, 'alpha': 0.9}. Best is trial 5 with value: 0.7362637362637363 and user_attrs {'test_acc': 0.7111597374179431, 'val_acc': 0.7362637362637363}.[0m
[32m[I 2023-10-14 03:38:43,557][0m Trial 6 finished with value: 0.6329670329670329 and parameters: {'n_layers': 16, 'lr1': 0.009999999999999998, 'lr2': 0.009999999999999998, 'wd1': -4, 'wd2': -4, 'dropout': 0.30000000000000004, 'dropout2': 0.5, 'alpha': 0.30000000000000004}. Best is trial 5 with value: 0.7362637362637363 and user_attrs {'test_acc': 0.7111597374179431, 'val_acc': 0.7362637362637363}.[0m
[32m[I 2023-10-14 03:38:47,227][0m Trial 7 pruned. [0m
[32m[I 2023-10-14 03:38:59,833][0m Trial 8 pruned. [0m
[32m[I 2023-10-14 03:39:06,102][0m Trial 9 pruned. [0m
[32m[I 2023-10-14 03:39:51,903][0m Trial 10 finished with value: 0.7208791208791209 and parameters: {'n_layers': 20, 'lr1': 0.05, 'lr2': 0.05, 'wd1': -7, 'wd2': -7, 'dropout': 0.5, 'dropout2': 0.7000000000000001, 'alpha': 0.9}. Best is trial 5 with value: 0.7362637362637363 and user_attrs {'test_acc': 0.7111597374179431, 'val_acc': 0.7362637362637363}.[0m
[32m[I 2023-10-14 03:40:30,017][0m Trial 11 finished with value: 0.7230769230769231 and parameters: {'n_layers': 20, 'lr1': 0.05, 'lr2': 0.05, 'wd1': -7, 'wd2': -7, 'dropout': 0.5, 'dropout2': 0.7000000000000001, 'alpha': 0.9}. Best is trial 5 with value: 0.7362637362637363 and user_attrs {'test_acc': 0.7111597374179431, 'val_acc': 0.7362637362637363}.[0m
[32m[I 2023-10-14 03:41:26,321][0m Trial 12 finished with value: 0.734065934065934 and parameters: {'n_layers': 16, 'lr1': 0.05, 'lr2': 0.05, 'wd1': -7, 'wd2': -6, 'dropout': 0.4, 'dropout2': 0.6000000000000001, 'alpha': 0.8}. Best is trial 5 with value: 0.7362637362637363 and user_attrs {'test_acc': 0.7111597374179431, 'val_acc': 0.7362637362637363}.[0m
[32m[I 2023-10-14 03:42:26,072][0m Trial 13 finished with value: 0.7164835164835165 and parameters: {'n_layers': 16, 'lr1': 0.039999999999999994, 'lr2': 0.030000000000000002, 'wd1': -8, 'wd2': -6, 'dropout': 0.4, 'dropout2': 0.6000000000000001, 'alpha': 0.7000000000000001}. Best is trial 5 with value: 0.7362637362637363 and user_attrs {'test_acc': 0.7111597374179431, 'val_acc': 0.7362637362637363}.[0m
[32m[I 2023-10-14 03:43:17,121][0m Trial 14 finished with value: 0.7120879120879121 and parameters: {'n_layers': 16, 'lr1': 0.039999999999999994, 'lr2': 0.030000000000000002, 'wd1': -6, 'wd2': -6, 'dropout': 0.30000000000000004, 'dropout2': 0.9, 'alpha': 0.7000000000000001}. Best is trial 5 with value: 0.7362637362637363 and user_attrs {'test_acc': 0.7111597374179431, 'val_acc': 0.7362637362637363}.[0m
[32m[I 2023-10-14 03:43:24,025][0m Trial 15 pruned. [0m
[32m[I 2023-10-14 03:43:27,149][0m Trial 16 pruned. [0m
[32m[I 2023-10-14 03:43:35,709][0m Trial 17 pruned. [0m
[32m[I 2023-10-14 03:43:39,857][0m Trial 18 pruned. [0m
[32m[I 2023-10-14 03:44:36,227][0m Trial 19 finished with value: 0.7098901098901099 and parameters: {'n_layers': 16, 'lr1': 0.02, 'lr2': 0.05, 'wd1': -7, 'wd2': -8, 'dropout': 0.2, 'dropout2': 0.8, 'alpha': 0.5}. Best is trial 5 with value: 0.7362637362637363 and user_attrs {'test_acc': 0.7111597374179431, 'val_acc': 0.7362637362637363}.[0m
[32m[I 2023-10-14 03:44:38,930][0m Trial 20 pruned. [0m
[32m[I 2023-10-14 03:44:39,024][0m [YH INFO] Prune duplicated args![0m
[32m[I 2023-10-14 03:44:39,030][0m Trial 21 pruned. [0m
[32m[I 2023-10-14 03:46:08,108][0m Trial 22 finished with value: 0.7274725274725274 and parameters: {'n_layers': 20, 'lr1': 0.05, 'lr2': 0.05, 'wd1': -6, 'wd2': -6, 'dropout': 0.4, 'dropout2': 0.7000000000000001, 'alpha': 0.9}. Best is trial 5 with value: 0.7362637362637363 and user_attrs {'test_acc': 0.7111597374179431, 'val_acc': 0.7362637362637363}.[0m
[32m[I 2023-10-14 03:46:10,214][0m Trial 23 pruned. [0m
[32m[I 2023-10-14 03:46:16,384][0m Trial 24 pruned. [0m
[32m[I 2023-10-14 03:46:38,870][0m Trial 25 pruned. [0m
[32m[I 2023-10-14 03:46:42,806][0m Trial 26 pruned. [0m
[32m[I 2023-10-14 03:46:45,007][0m Trial 27 pruned. [0m
[32m[I 2023-10-14 03:47:02,478][0m Trial 28 pruned. [0m
[32m[I 2023-10-14 03:47:04,702][0m Trial 29 pruned. [0m
[32m[I 2023-10-14 03:47:06,600][0m Trial 30 pruned. [0m
[32m[I 2023-10-14 03:47:06,695][0m [YH INFO] Prune duplicated args![0m
[32m[I 2023-10-14 03:47:06,700][0m Trial 31 pruned. [0m
[32m[I 2023-10-14 03:47:12,364][0m Trial 32 pruned. [0m
[32m[I 2023-10-14 03:48:12,701][0m Trial 33 finished with value: 0.7120879120879121 and parameters: {'n_layers': 16, 'lr1': 0.039999999999999994, 'lr2': 0.05, 'wd1': -7, 'wd2': -8, 'dropout': 0.30000000000000004, 'dropout2': 0.7000000000000001, 'alpha': 0.8}. Best is trial 5 with value: 0.7362637362637363 and user_attrs {'test_acc': 0.7111597374179431, 'val_acc': 0.7362637362637363}.[0m
[32m[I 2023-10-14 03:48:15,116][0m Trial 34 pruned. [0m
[32m[I 2023-10-14 03:48:18,158][0m Trial 35 pruned. [0m
[32m[I 2023-10-14 03:48:20,337][0m Trial 36 pruned. [0m
[32m[I 2023-10-14 03:48:22,532][0m Trial 37 pruned. [0m
[32m[I 2023-10-14 03:48:24,329][0m Trial 38 pruned. [0m
[32m[I 2023-10-14 03:48:27,674][0m Trial 39 pruned. [0m
[32m[I 2023-10-14 03:48:29,837][0m Trial 40 pruned. [0m
[32m[I 2023-10-14 03:48:29,943][0m [YH INFO] Prune duplicated args![0m
[32m[I 2023-10-14 03:48:29,949][0m Trial 41 pruned. [0m
[32m[I 2023-10-14 03:48:32,289][0m Trial 42 pruned. [0m
[32m[I 2023-10-14 03:49:23,707][0m Trial 43 finished with value: 0.734065934065934 and parameters: {'n_layers': 16, 'lr1': 0.05, 'lr2': 0.039999999999999994, 'wd1': -6, 'wd2': -7, 'dropout': 0.4, 'dropout2': 0.7000000000000001, 'alpha': 0.9}. Best is trial 5 with value: 0.7362637362637363 and user_attrs {'test_acc': 0.7111597374179431, 'val_acc': 0.7362637362637363}.[0m
[32m[I 2023-10-14 03:49:30,572][0m Trial 44 pruned. [0m
[32m[I 2023-10-14 03:49:34,381][0m Trial 45 pruned. [0m
[32m[I 2023-10-14 03:49:36,477][0m Trial 46 pruned. [0m
[32m[I 2023-10-14 03:50:28,714][0m Trial 47 finished with value: 0.7164835164835165 and parameters: {'n_layers': 16, 'lr1': 0.030000000000000002, 'lr2': 0.05, 'wd1': -6, 'wd2': -6, 'dropout': 0.2, 'dropout2': 0.8, 'alpha': 0.9}. Best is trial 5 with value: 0.7362637362637363 and user_attrs {'test_acc': 0.7111597374179431, 'val_acc': 0.7362637362637363}.[0m
[32m[I 2023-10-14 03:50:32,103][0m Trial 48 pruned. [0m
[32m[I 2023-10-14 03:50:34,041][0m Trial 49 pruned. [0m
[32m[I 2023-10-14 03:50:36,056][0m Trial 50 pruned. [0m
[32m[I 2023-10-14 03:50:36,172][0m [YH INFO] Prune duplicated args![0m
[32m[I 2023-10-14 03:50:36,187][0m Trial 51 pruned. [0m
[32m[I 2023-10-14 03:50:39,876][0m Trial 52 pruned. [0m
[32m[I 2023-10-14 03:50:45,158][0m Trial 53 pruned. [0m
[32m[I 2023-10-14 03:50:47,956][0m Trial 54 pruned. [0m
[32m[I 2023-10-14 03:51:01,751][0m Trial 55 pruned. [0m
[32m[I 2023-10-14 03:51:08,880][0m Trial 56 pruned. [0m
[32m[I 2023-10-14 03:51:10,173][0m Trial 57 pruned. [0m
[32m[I 2023-10-14 03:51:11,738][0m Trial 58 pruned. [0m
[32m[I 2023-10-14 03:51:14,010][0m Trial 59 pruned. [0m
[32m[I 2023-10-14 03:52:34,412][0m Trial 60 finished with value: 0.734065934065934 and parameters: {'n_layers': 16, 'lr1': 0.05, 'lr2': 0.05, 'wd1': -7, 'wd2': -6, 'dropout': 0.4, 'dropout2': 0.7000000000000001, 'alpha': 0.9}. Best is trial 5 with value: 0.7362637362637363 and user_attrs {'test_acc': 0.7111597374179431, 'val_acc': 0.7362637362637363}.[0m
[32m[I 2023-10-14 03:53:51,131][0m Trial 61 finished with value: 0.734065934065934 and parameters: {'n_layers': 16, 'lr1': 0.05, 'lr2': 0.05, 'wd1': -7, 'wd2': -6, 'dropout': 0.4, 'dropout2': 0.7000000000000001, 'alpha': 0.9}. Best is trial 5 with value: 0.7362637362637363 and user_attrs {'test_acc': 0.7111597374179431, 'val_acc': 0.7362637362637363}.[0m
[32m[I 2023-10-14 03:54:50,196][0m Trial 62 finished with value: 0.734065934065934 and parameters: {'n_layers': 16, 'lr1': 0.05, 'lr2': 0.05, 'wd1': -7, 'wd2': -5, 'dropout': 0.4, 'dropout2': 0.7000000000000001, 'alpha': 0.9}. Best is trial 5 with value: 0.7362637362637363 and user_attrs {'test_acc': 0.7111597374179431, 'val_acc': 0.7362637362637363}.[0m
[32m[I 2023-10-14 03:55:55,407][0m Trial 63 finished with value: 0.7318681318681318 and parameters: {'n_layers': 16, 'lr1': 0.05, 'lr2': 0.05, 'wd1': -7, 'wd2': -5, 'dropout': 0.30000000000000004, 'dropout2': 0.7000000000000001, 'alpha': 0.9}. Best is trial 5 with value: 0.7362637362637363 and user_attrs {'test_acc': 0.7111597374179431, 'val_acc': 0.7362637362637363}.[0m
[32m[I 2023-10-14 03:55:58,299][0m Trial 64 pruned. [0m
[32m[I 2023-10-14 03:56:05,911][0m Trial 65 pruned. [0m
[32m[I 2023-10-14 03:56:12,303][0m Trial 66 pruned. [0m
[32m[I 2023-10-14 03:56:58,702][0m Trial 67 finished with value: 0.7274725274725274 and parameters: {'n_layers': 16, 'lr1': 0.039999999999999994, 'lr2': 0.05, 'wd1': -7, 'wd2': -5, 'dropout': 0.4, 'dropout2': 0.7000000000000001, 'alpha': 0.9}. Best is trial 5 with value: 0.7362637362637363 and user_attrs {'test_acc': 0.7111597374179431, 'val_acc': 0.7362637362637363}.[0m
[32m[I 2023-10-14 03:57:02,336][0m Trial 68 pruned. [0m
[32m[I 2023-10-14 03:57:04,234][0m Trial 69 pruned. [0m
[32m[I 2023-10-14 03:57:11,337][0m Trial 70 pruned. [0m
[32m[I 2023-10-14 03:57:58,279][0m Trial 71 finished with value: 0.7318681318681318 and parameters: {'n_layers': 16, 'lr1': 0.05, 'lr2': 0.05, 'wd1': -6, 'wd2': -6, 'dropout': 0.4, 'dropout2': 0.7000000000000001, 'alpha': 0.9}. Best is trial 5 with value: 0.7362637362637363 and user_attrs {'test_acc': 0.7111597374179431, 'val_acc': 0.7362637362637363}.[0m
[32m[I 2023-10-14 03:57:58,378][0m [YH INFO] Prune duplicated args![0m
[32m[I 2023-10-14 03:57:58,384][0m Trial 72 pruned. [0m
[32m[I 2023-10-14 03:58:01,541][0m Trial 73 pruned. [0m
[32m[I 2023-10-14 03:58:07,614][0m Trial 74 pruned. [0m
[32m[I 2023-10-14 03:58:10,471][0m Trial 75 pruned. [0m
[32m[I 2023-10-14 03:58:12,507][0m Trial 76 pruned. [0m
[32m[I 2023-10-14 03:58:14,373][0m Trial 77 pruned. [0m
[32m[I 2023-10-14 03:58:16,433][0m Trial 78 pruned. [0m
[32m[I 2023-10-14 03:58:31,258][0m Trial 79 pruned. [0m
[32m[I 2023-10-14 03:58:34,554][0m Trial 80 pruned. [0m
[32m[I 2023-10-14 03:59:11,594][0m Trial 81 finished with value: 0.7274725274725274 and parameters: {'n_layers': 16, 'lr1': 0.05, 'lr2': 0.05, 'wd1': -7, 'wd2': -5, 'dropout': 0.4, 'dropout2': 0.7000000000000001, 'alpha': 0.9}. Best is trial 5 with value: 0.7362637362637363 and user_attrs {'test_acc': 0.7111597374179431, 'val_acc': 0.7362637362637363}.[0m
[32m[I 2023-10-14 03:59:11,694][0m [YH INFO] Prune duplicated args![0m
[32m[I 2023-10-14 03:59:11,699][0m Trial 82 pruned. [0m
[32m[I 2023-10-14 03:59:55,058][0m Trial 83 finished with value: 0.7252747252747253 and parameters: {'n_layers': 16, 'lr1': 0.039999999999999994, 'lr2': 0.05, 'wd1': -7, 'wd2': -5, 'dropout': 0.4, 'dropout2': 0.7000000000000001, 'alpha': 0.9}. Best is trial 5 with value: 0.7362637362637363 and user_attrs {'test_acc': 0.7111597374179431, 'val_acc': 0.7362637362637363}.[0m
[32m[I 2023-10-14 03:59:57,517][0m Trial 84 pruned. [0m
[32m[I 2023-10-14 03:59:59,962][0m Trial 85 pruned. [0m
[32m[I 2023-10-14 04:00:00,086][0m [YH INFO] Prune duplicated args![0m
[32m[I 2023-10-14 04:00:00,094][0m Trial 86 pruned. [0m
[32m[I 2023-10-14 04:00:02,006][0m Trial 87 pruned. [0m
[32m[I 2023-10-14 04:00:04,514][0m Trial 88 pruned. [0m
[32m[I 2023-10-14 04:00:06,510][0m Trial 89 pruned. [0m
[32m[I 2023-10-14 04:00:08,405][0m Trial 90 pruned. [0m
[32m[I 2023-10-14 04:00:10,041][0m Trial 91 pruned. [0m
[32m[I 2023-10-14 04:00:12,599][0m Trial 92 pruned. [0m
[32m[I 2023-10-14 04:00:12,718][0m [YH INFO] Prune duplicated args![0m
[32m[I 2023-10-14 04:00:12,724][0m Trial 93 pruned. [0m
[32m[I 2023-10-14 04:00:15,366][0m Trial 94 pruned. [0m
[32m[I 2023-10-14 04:00:17,137][0m Trial 95 pruned. [0m
[32m[I 2023-10-14 04:00:18,597][0m Trial 96 pruned. [0m
[32m[I 2023-10-14 04:00:20,168][0m Trial 97 pruned. [0m
[32m[I 2023-10-14 04:00:23,102][0m Trial 98 pruned. [0m
[32m[I 2023-10-14 04:00:25,143][0m Trial 99 pruned. [0m
[32m[I 2023-10-14 04:00:27,098][0m Trial 100 pruned. [0m
[32m[I 2023-10-14 04:00:27,201][0m [YH INFO] Prune duplicated args![0m
[32m[I 2023-10-14 04:00:27,207][0m Trial 101 pruned. [0m
[32m[I 2023-10-14 04:00:27,305][0m [YH INFO] Prune duplicated args![0m
[32m[I 2023-10-14 04:00:27,312][0m Trial 102 pruned. [0m
[32m[I 2023-10-14 04:00:29,801][0m Trial 103 pruned. [0m
[32m[I 2023-10-14 04:01:15,485][0m Trial 104 finished with value: 0.7296703296703296 and parameters: {'n_layers': 16, 'lr1': 0.05, 'lr2': 0.05, 'wd1': -6, 'wd2': -5, 'dropout': 0.4, 'dropout2': 0.7000000000000001, 'alpha': 0.9}. Best is trial 5 with value: 0.7362637362637363 and user_attrs {'test_acc': 0.7111597374179431, 'val_acc': 0.7362637362637363}.[0m
[32m[I 2023-10-14 04:01:18,863][0m Trial 105 pruned. [0m
[32m[I 2023-10-14 04:01:20,671][0m Trial 106 pruned. [0m
[32m[I 2023-10-14 04:01:22,683][0m Trial 107 pruned. [0m
[32m[I 2023-10-14 04:01:24,758][0m Trial 108 pruned. [0m
[32m[I 2023-10-14 04:01:29,416][0m Trial 109 pruned. [0m
[32m[I 2023-10-14 04:02:16,467][0m Trial 110 finished with value: 0.734065934065934 and parameters: {'n_layers': 16, 'lr1': 0.05, 'lr2': 0.039999999999999994, 'wd1': -7, 'wd2': -5, 'dropout': 0.4, 'dropout2': 0.7000000000000001, 'alpha': 0.8}. Best is trial 5 with value: 0.7362637362637363 and user_attrs {'test_acc': 0.7111597374179431, 'val_acc': 0.7362637362637363}.[0m
[32m[I 2023-10-14 04:02:19,790][0m Trial 111 pruned. [0m
[32m[I 2023-10-14 04:03:04,217][0m Trial 112 finished with value: 0.734065934065934 and parameters: {'n_layers': 16, 'lr1': 0.05, 'lr2': 0.039999999999999994, 'wd1': -7, 'wd2': -5, 'dropout': 0.4, 'dropout2': 0.7000000000000001, 'alpha': 0.8}. Best is trial 5 with value: 0.7362637362637363 and user_attrs {'test_acc': 0.7111597374179431, 'val_acc': 0.7362637362637363}.[0m
[32m[I 2023-10-14 04:03:16,083][0m Trial 113 pruned. [0m
[32m[I 2023-10-14 04:03:18,238][0m Trial 114 pruned. [0m
[32m[I 2023-10-14 04:03:22,404][0m Trial 115 pruned. [0m
[32m[I 2023-10-14 04:03:27,087][0m Trial 116 pruned. [0m
[32m[I 2023-10-14 04:03:29,722][0m Trial 117 pruned. [0m
[32m[I 2023-10-14 04:03:32,192][0m Trial 118 pruned. [0m
[32m[I 2023-10-14 04:03:35,988][0m Trial 119 pruned. [0m
[32m[I 2023-10-14 04:03:39,592][0m Trial 120 pruned. [0m
[32m[I 2023-10-14 04:03:39,756][0m [YH INFO] Prune duplicated args![0m
[32m[I 2023-10-14 04:03:39,764][0m Trial 121 pruned. [0m
[32m[I 2023-10-14 04:03:41,773][0m Trial 122 pruned. [0m
[32m[I 2023-10-14 04:04:25,625][0m Trial 123 finished with value: 0.7384615384615385 and parameters: {'n_layers': 16, 'lr1': 0.05, 'lr2': 0.05, 'wd1': -6, 'wd2': -6, 'dropout': 0.4, 'dropout2': 0.7000000000000001, 'alpha': 0.9}. Best is trial 123 with value: 0.7384615384615385 and user_attrs {'test_acc': 0.687089715536105, 'val_acc': 0.7384615384615385}.[0m
[32m[I 2023-10-14 04:04:27,767][0m Trial 124 pruned. [0m
[32m[I 2023-10-14 04:04:29,499][0m Trial 125 pruned. [0m
[32m[I 2023-10-14 04:04:32,101][0m Trial 126 pruned. [0m
[32m[I 2023-10-14 04:04:34,191][0m Trial 127 pruned. [0m
[32m[I 2023-10-14 04:04:37,025][0m Trial 128 pruned. [0m
[32m[I 2023-10-14 04:04:39,470][0m Trial 129 pruned. [0m
[32m[I 2023-10-14 04:04:41,239][0m Trial 130 pruned. [0m
[32m[I 2023-10-14 04:04:41,383][0m [YH INFO] Prune duplicated args![0m
[32m[I 2023-10-14 04:04:41,389][0m Trial 131 pruned. [0m
[32m[I 2023-10-14 04:04:43,299][0m Trial 132 pruned. [0m
[32m[I 2023-10-14 04:04:43,410][0m [YH INFO] Prune duplicated args![0m
[32m[I 2023-10-14 04:04:43,415][0m Trial 133 pruned. [0m
[32m[I 2023-10-14 04:04:46,752][0m Trial 134 pruned. [0m
[32m[I 2023-10-14 04:04:48,768][0m Trial 135 pruned. [0m
[32m[I 2023-10-14 04:04:51,392][0m Trial 136 pruned. [0m
[32m[I 2023-10-14 04:04:53,889][0m Trial 137 pruned. [0m
[32m[I 2023-10-14 04:04:56,451][0m Trial 138 pruned. [0m
[32m[I 2023-10-14 04:04:59,706][0m Trial 139 pruned. [0m
[32m[I 2023-10-14 04:05:02,260][0m Trial 140 pruned. [0m
[32m[I 2023-10-14 04:05:05,582][0m Trial 141 pruned. [0m
[32m[I 2023-10-14 04:05:05,695][0m [YH INFO] Prune duplicated args![0m
[32m[I 2023-10-14 04:05:05,701][0m Trial 142 pruned. [0m
[32m[I 2023-10-14 04:05:08,087][0m Trial 143 pruned. [0m
[32m[I 2023-10-14 04:05:08,191][0m [YH INFO] Prune duplicated args![0m
[32m[I 2023-10-14 04:05:08,197][0m Trial 144 pruned. [0m
[32m[I 2023-10-14 04:05:10,089][0m Trial 145 pruned. [0m
[32m[I 2023-10-14 04:05:11,938][0m Trial 146 pruned. [0m
[32m[I 2023-10-14 04:05:13,678][0m Trial 147 pruned. [0m
[32m[I 2023-10-14 04:05:16,384][0m Trial 148 pruned. [0m
[32m[I 2023-10-14 04:05:18,264][0m Trial 149 pruned. [0m
[32m[I 2023-10-14 04:05:20,081][0m Trial 150 pruned. [0m
[32m[I 2023-10-14 04:05:22,969][0m Trial 151 pruned. [0m
[32m[I 2023-10-14 04:05:24,731][0m Trial 152 pruned. [0m
[32m[I 2023-10-14 04:05:25,999][0m Trial 153 pruned. [0m
[32m[I 2023-10-14 04:05:28,200][0m Trial 154 pruned. [0m
[32m[I 2023-10-14 04:05:28,318][0m [YH INFO] Prune duplicated args![0m
[32m[I 2023-10-14 04:05:28,325][0m Trial 155 pruned. [0m
[32m[I 2023-10-14 04:05:30,719][0m Trial 156 pruned. [0m
[32m[I 2023-10-14 04:05:32,874][0m Trial 157 pruned. [0m
[32m[I 2023-10-14 04:05:34,579][0m Trial 158 pruned. [0m
[32m[I 2023-10-14 04:05:36,570][0m Trial 159 pruned. [0m
[32m[I 2023-10-14 04:05:38,081][0m Trial 160 pruned. [0m
[32m[I 2023-10-14 04:05:38,249][0m [YH INFO] Prune duplicated args![0m
[32m[I 2023-10-14 04:05:38,262][0m Trial 161 pruned. [0m
[32m[I 2023-10-14 04:05:38,410][0m [YH INFO] Prune duplicated args![0m
[32m[I 2023-10-14 04:05:38,416][0m Trial 162 pruned. [0m
[32m[I 2023-10-14 04:05:40,609][0m Trial 163 pruned. [0m
[32m[I 2023-10-14 04:05:42,723][0m Trial 164 pruned. [0m
[32m[I 2023-10-14 04:05:44,507][0m Trial 165 pruned. [0m
[32m[I 2023-10-14 04:06:20,673][0m Trial 166 finished with value: 0.7252747252747253 and parameters: {'n_layers': 16, 'lr1': 0.05, 'lr2': 0.05, 'wd1': -8, 'wd2': -7, 'dropout': 0.4, 'dropout2': 0.7000000000000001, 'alpha': 0.8}. Best is trial 123 with value: 0.7384615384615385 and user_attrs {'test_acc': 0.687089715536105, 'val_acc': 0.7384615384615385}.[0m
[32m[I 2023-10-14 04:06:24,082][0m Trial 167 pruned. [0m
[32m[I 2023-10-14 04:06:28,791][0m Trial 168 pruned. [0m
[32m[I 2023-10-14 04:06:30,683][0m Trial 169 pruned. [0m
[32m[I 2023-10-14 04:06:32,577][0m Trial 170 pruned. [0m
