[32m[I 2023-10-14 04:07:11,975][0m Trial 171 finished with value: 0.7384615384615385 and parameters: {'n_layers': 16, 'lr1': 0.05, 'lr2': 0.05, 'wd1': -6, 'wd2': -7, 'dropout': 0.4, 'dropout2': 0.7000000000000001, 'alpha': 0.9}. Best is trial 123 with value: 0.7384615384615385 and user_attrs {'test_acc': 0.687089715536105, 'val_acc': 0.7384615384615385}.[0m
[32m[I 2023-10-14 04:07:51,611][0m Trial 172 finished with value: 0.7384615384615385 and parameters: {'n_layers': 16, 'lr1': 0.05, 'lr2': 0.05, 'wd1': -6, 'wd2': -7, 'dropout': 0.4, 'dropout2': 0.7000000000000001, 'alpha': 0.9}. Best is trial 123 with value: 0.7384615384615385 and user_attrs {'test_acc': 0.687089715536105, 'val_acc': 0.7384615384615385}.[0m
[32m[I 2023-10-14 04:07:51,728][0m [YH INFO] Prune duplicated args![0m
[32m[I 2023-10-14 04:07:51,734][0m Trial 173 pruned. [0m
[32m[I 2023-10-14 04:07:51,842][0m [YH INFO] Prune duplicated args![0m
[32m[I 2023-10-14 04:07:51,847][0m Trial 174 pruned. [0m
[32m[I 2023-10-14 04:07:59,955][0m Trial 175 pruned. [0m
[32m[I 2023-10-14 04:08:00,071][0m [YH INFO] Prune duplicated args![0m
[32m[I 2023-10-14 04:08:00,077][0m Trial 176 pruned. [0m
[32m[I 2023-10-14 04:08:01,880][0m Trial 177 pruned. [0m
[32m[I 2023-10-14 04:08:01,998][0m [YH INFO] Prune duplicated args![0m
[32m[I 2023-10-14 04:08:02,004][0m Trial 178 pruned. [0m
[32m[I 2023-10-14 04:08:04,569][0m Trial 179 pruned. [0m
[32m[I 2023-10-14 04:08:07,000][0m Trial 180 pruned. [0m
[32m[I 2023-10-14 04:08:07,119][0m [YH INFO] Prune duplicated args![0m
[32m[I 2023-10-14 04:08:07,125][0m Trial 181 pruned. [0m
[32m[I 2023-10-14 04:08:09,150][0m Trial 182 pruned. [0m
[32m[I 2023-10-14 04:08:12,454][0m Trial 183 pruned. [0m
[32m[I 2023-10-14 04:08:12,567][0m [YH INFO] Prune duplicated args![0m
[32m[I 2023-10-14 04:08:12,574][0m Trial 184 pruned. [0m
[32m[I 2023-10-14 04:08:12,682][0m [YH INFO] Prune duplicated args![0m
[32m[I 2023-10-14 04:08:12,688][0m Trial 185 pruned. [0m
[32m[I 2023-10-14 04:08:14,573][0m Trial 186 pruned. [0m
[32m[I 2023-10-14 04:08:16,058][0m Trial 187 pruned. [0m
[32m[I 2023-10-14 04:08:17,956][0m Trial 188 pruned. [0m
[32m[I 2023-10-14 04:08:18,068][0m [YH INFO] Prune duplicated args![0m
[32m[I 2023-10-14 04:08:18,078][0m Trial 189 pruned. [0m
[32m[I 2023-10-14 04:08:20,898][0m Trial 190 pruned. [0m
[32m[I 2023-10-14 04:08:22,780][0m Trial 191 pruned. [0m
[32m[I 2023-10-14 04:08:25,102][0m Trial 192 pruned. [0m
[32m[I 2023-10-14 04:08:26,959][0m Trial 193 pruned. [0m
[32m[I 2023-10-14 04:08:29,001][0m Trial 194 pruned. [0m
[32m[I 2023-10-14 04:08:30,913][0m Trial 195 pruned. [0m
[32m[I 2023-10-14 04:08:34,480][0m Trial 196 pruned. [0m
[32m[I 2023-10-14 04:08:37,811][0m Trial 197 pruned. [0m
[32m[I 2023-10-14 04:08:41,064][0m Trial 198 pruned. [0m
[32m[I 2023-10-14 04:08:43,163][0m Trial 199 pruned. [0m
[32m[I 2023-10-14 04:08:45,548][0m Trial 200 pruned. [0m
[32m[I 2023-10-14 04:08:45,677][0m [YH INFO] Prune duplicated args![0m
[32m[I 2023-10-14 04:08:45,683][0m Trial 201 pruned. [0m
