[32m[I 2023-10-15 14:22:31,109][0m Using an existing study with name 'woselfloop-genius' instead of creating a new one.[0m
WARNING:root:The OGB package is out of date. Your version is 1.3.5, while the latest version is 1.3.6.
[32m[I 2023-10-15 15:01:48,951][0m Trial 2 finished with value: 0.8410589098930359 and parameters: {'n_layers': 16, 'lr1': 0.05, 'lr2': 0.039999999999999994, 'wd1': -6, 'wd2': -7, 'dropout': 0.4, 'dropout2': 0.0}. Best is trial 2 with value: 0.8410589098930359 and user_attrs {'test_acc': 0.8446070551872253, 'val_acc': 0.8410589098930359}.[0m
[32m[I 2023-10-15 15:07:22,352][0m Trial 4 finished with value: 0.4368452727794647 and parameters: {'n_layers': 8, 'lr1': -0.02, 'lr2': -0.01, 'wd1': -5, 'wd2': -7, 'dropout': 0.6000000000000001, 'dropout2': 0.6000000000000001}. Best is trial 3 with value: 0.8945955634117126 and user_attrs {'test_acc': 0.8933358192443848, 'val_acc': 0.8945955634117126}.[0m
[32m[I 2023-10-15 15:25:38,656][0m Trial 7 finished with value: 0.696954607963562 and parameters: {'n_layers': 8, 'lr1': 0.030000000000000002, 'lr2': 0.02, 'wd1': -8, 'wd2': -3, 'dropout': 0.30000000000000004, 'dropout2': 0.1}. Best is trial 3 with value: 0.8945955634117126 and user_attrs {'test_acc': 0.8933358192443848, 'val_acc': 0.8945955634117126}.[0m
[32m[I 2023-10-15 15:25:57,100][0m Trial 8 pruned. [0m
[32m[I 2023-10-15 15:26:15,885][0m Trial 9 pruned. [0m
[32m[I 2023-10-15 15:26:34,658][0m Trial 10 pruned. [0m
[32m[I 2023-10-15 15:27:18,614][0m Trial 11 pruned. [0m
[32m[I 2023-10-15 15:27:36,986][0m Trial 12 pruned. [0m
[32m[I 2023-10-15 15:28:14,478][0m Trial 13 pruned. [0m
[32m[I 2023-10-15 15:28:37,761][0m Trial 14 pruned. [0m
[32m[I 2023-10-15 15:29:32,438][0m Trial 16 pruned. [0m
[32m[I 2023-10-15 15:30:31,870][0m Trial 17 pruned. [0m
[32m[I 2023-10-15 15:30:55,016][0m Trial 18 pruned. [0m
[32m[I 2023-10-15 16:01:08,027][0m Trial 19 finished with value: 0.8998593091964722 and parameters: {'n_layers': 12, 'lr1': 0.009999999999999998, 'lr2': 0.0, 'wd1': -7, 'wd2': -5, 'dropout': 0.0, 'dropout2': 0.6000000000000001}. Best is trial 19 with value: 0.8998593091964722 and user_attrs {'test_acc': 0.8993397355079651, 'val_acc': 0.8998593091964722}.[0m
[32m[I 2023-10-15 16:32:46,590][0m Trial 20 finished with value: 0.8991283774375916 and parameters: {'n_layers': 12, 'lr1': 0.009999999999999998, 'lr2': 0.0, 'wd1': -7, 'wd2': -4, 'dropout': 0.0, 'dropout2': 0.7000000000000001}. Best is trial 19 with value: 0.8998593091964722 and user_attrs {'test_acc': 0.8993397355079651, 'val_acc': 0.8998593091964722}.[0m
[32m[I 2023-10-15 16:33:24,385][0m Trial 27 pruned. [0m
[32m[I 2023-10-15 16:33:46,397][0m Trial 28 pruned. [0m
[32m[I 2023-10-15 16:34:15,188][0m Trial 29 pruned. [0m
[32m[I 2023-10-15 16:34:31,522][0m Trial 31 pruned. [0m
[32m[I 2023-10-15 16:34:51,533][0m Trial 33 pruned. [0m
[32m[I 2023-10-15 16:38:48,736][0m Trial 35 finished with value: 0.8884670734405518 and parameters: {'n_layers': 4, 'lr1': 0.009999999999999998, 'lr2': -0.01, 'wd1': -7, 'wd2': -4, 'dropout': 0.0, 'dropout2': 0.6000000000000001}. Best is trial 19 with value: 0.8998593091964722 and user_attrs {'test_acc': 0.8993397355079651, 'val_acc': 0.8998593091964722}.[0m
[32m[I 2023-10-15 16:44:36,215][0m Trial 37 finished with value: 0.8865212202072144 and parameters: {'n_layers': 8, 'lr1': 0.009999999999999998, 'lr2': -0.02, 'wd1': -7, 'wd2': -4, 'dropout': 0.0, 'dropout2': 0.6000000000000001}. Best is trial 19 with value: 0.8998593091964722 and user_attrs {'test_acc': 0.8993397355079651, 'val_acc': 0.8998593091964722}.[0m
[32m[I 2023-10-15 16:49:35,571][0m Trial 46 finished with value: 0.8877317309379578 and parameters: {'n_layers': 4, 'lr1': 0.009999999999999998, 'lr2': -0.02, 'wd1': -7, 'wd2': -3, 'dropout': 0.0, 'dropout2': 0.5}. Best is trial 19 with value: 0.8998593091964722 and user_attrs {'test_acc': 0.8993397355079651, 'val_acc': 0.8998593091964722}.[0m
[32m[I 2023-10-15 16:49:55,326][0m Trial 50 pruned. [0m
[32m[I 2023-10-15 16:50:03,638][0m Trial 51 pruned. [0m
[32m[I 2023-10-15 16:50:24,233][0m Trial 52 pruned. [0m
[32m[I 2023-10-15 16:50:49,505][0m Trial 53 pruned. [0m
[32m[I 2023-10-15 16:51:06,821][0m Trial 54 pruned. [0m
[32m[I 2023-10-15 16:51:07,689][0m [YH INFO] Prune duplicated args![0m
[32m[I 2023-10-15 16:51:07,695][0m Trial 55 pruned. [0m
[32m[I 2023-10-15 16:54:55,865][0m Trial 56 finished with value: 0.890720784664154 and parameters: {'n_layers': 4, 'lr1': 0.009999999999999998, 'lr2': -0.02, 'wd1': -7, 'wd2': -4, 'dropout': 0.0, 'dropout2': 0.4}. Best is trial 19 with value: 0.8998593091964722 and user_attrs {'test_acc': 0.8993397355079651, 'val_acc': 0.8998593091964722}.[0m
[32m[I 2023-10-15 16:55:07,357][0m Trial 60 pruned. [0m
[32m[I 2023-10-15 16:55:25,249][0m Trial 61 pruned. [0m
[32m[I 2023-10-15 16:55:33,224][0m Trial 62 pruned. [0m
[32m[I 2023-10-15 16:55:45,461][0m Trial 63 pruned. [0m
[32m[I 2023-10-15 16:56:05,981][0m Trial 64 pruned. [0m
[32m[I 2023-10-15 16:56:06,696][0m [YH INFO] Prune duplicated args![0m
[32m[I 2023-10-15 16:56:06,702][0m Trial 65 pruned. [0m
[32m[I 2023-10-15 16:56:07,379][0m [YH INFO] Prune duplicated args![0m
[32m[I 2023-10-15 16:56:07,385][0m Trial 66 pruned. [0m
[32m[I 2023-10-15 16:56:15,393][0m Trial 67 pruned. [0m
[32m[I 2023-10-15 16:56:23,131][0m Trial 68 pruned. [0m
[32m[I 2023-10-15 16:56:39,716][0m Trial 69 pruned. [0m
[32m[I 2023-10-15 16:57:03,327][0m Trial 70 pruned. [0m
[32m[I 2023-10-15 16:57:14,658][0m Trial 73 pruned. [0m
[32m[I 2023-10-15 16:57:22,682][0m Trial 75 pruned. [0m
[32m[I 2023-10-15 16:57:30,710][0m Trial 77 pruned. [0m
[32m[I 2023-10-15 16:57:38,959][0m Trial 78 pruned. [0m
[32m[I 2023-10-15 16:57:46,663][0m Trial 79 pruned. [0m
[32m[I 2023-10-15 16:57:58,035][0m Trial 80 pruned. [0m
[32m[I 2023-10-15 16:58:06,241][0m Trial 81 pruned. [0m
[32m[I 2023-10-15 16:58:22,879][0m Trial 82 pruned. [0m
[32m[I 2023-10-15 16:58:30,838][0m Trial 83 pruned. [0m
[32m[I 2023-10-15 16:58:47,009][0m Trial 84 pruned. [0m
[32m[I 2023-10-15 17:03:44,495][0m Trial 85 finished with value: 0.8884914517402649 and parameters: {'n_layers': 4, 'lr1': 0.009999999999999998, 'lr2': -0.02, 'wd1': -7, 'wd2': -3, 'dropout': 0.0, 'dropout2': 0.5}. Best is trial 19 with value: 0.8998593091964722 and user_attrs {'test_acc': 0.8993397355079651, 'val_acc': 0.8998593091964722}.[0m
[32m[I 2023-10-15 17:13:35,672][0m Trial 93 finished with value: 0.8923958539962769 and parameters: {'n_layers': 12, 'lr1': 0.009999999999999998, 'lr2': 0.05, 'wd1': -7, 'wd2': -3, 'dropout': 0.0, 'dropout2': 0.4}. Best is trial 19 with value: 0.8998593091964722 and user_attrs {'test_acc': 0.8993397355079651, 'val_acc': 0.8998593091964722}.[0m
[32m[I 2023-10-15 17:13:51,033][0m Trial 94 pruned. [0m
[32m[I 2023-10-15 17:40:12,709][0m Trial 96 finished with value: 0.8975013494491577 and parameters: {'n_layers': 20, 'lr1': 0.009999999999999998, 'lr2': 0.039999999999999994, 'wd1': -7, 'wd2': -3, 'dropout': 0.0, 'dropout2': 0.1}. Best is trial 19 with value: 0.8998593091964722 and user_attrs {'test_acc': 0.8993397355079651, 'val_acc': 0.8998593091964722}.[0m
[32m[I 2023-10-15 17:40:13,359][0m [YH INFO] Prune duplicated args![0m
[32m[I 2023-10-15 17:40:13,364][0m Trial 99 pruned. [0m
[32m[I 2023-10-15 17:40:13,985][0m [YH INFO] Prune duplicated args![0m
[32m[I 2023-10-15 17:40:13,991][0m Trial 100 pruned. [0m
[32m[I 2023-10-15 17:40:36,984][0m Trial 101 pruned. [0m
[32m[I 2023-10-15 17:41:00,680][0m Trial 102 pruned. [0m
[32m[I 2023-10-15 18:19:21,308][0m Trial 103 finished with value: 0.8950487375259399 and parameters: {'n_layers': 16, 'lr1': 0.009999999999999998, 'lr2': 0.05, 'wd1': -7, 'wd2': -3, 'dropout': 0.0, 'dropout2': 0.1}. Best is trial 19 with value: 0.8998593091964722 and user_attrs {'test_acc': 0.8993397355079651, 'val_acc': 0.8998593091964722}.[0m
[32m[I 2023-10-15 18:44:42,050][0m Trial 107 finished with value: 0.8965937495231628 and parameters: {'n_layers': 20, 'lr1': 0.009999999999999998, 'lr2': 0.05, 'wd1': -7, 'wd2': -3, 'dropout': 0.0, 'dropout2': 0.2}. Best is trial 19 with value: 0.8998593091964722 and user_attrs {'test_acc': 0.8993397355079651, 'val_acc': 0.8998593091964722}.[0m
[32m[I 2023-10-15 19:22:06,115][0m Trial 109 finished with value: 0.8959148526191711 and parameters: {'n_layers': 20, 'lr1': 0.009999999999999998, 'lr2': 0.05, 'wd1': -7, 'wd2': -3, 'dropout': 0.0, 'dropout2': 0.1}. Best is trial 19 with value: 0.8998593091964722 and user_attrs {'test_acc': 0.8993397355079651, 'val_acc': 0.8998593091964722}.[0m
[32m[I 2023-10-15 19:40:35,899][0m Trial 111 finished with value: 0.8935642838478088 and parameters: {'n_layers': 20, 'lr1': 0.02, 'lr2': 0.05, 'wd1': -5, 'wd2': -3, 'dropout': 0.0, 'dropout2': 0.0}. Best is trial 19 with value: 0.8998593091964722 and user_attrs {'test_acc': 0.8993397355079651, 'val_acc': 0.8998593091964722}.[0m
[32m[I 2023-10-15 19:59:29,858][0m Trial 113 finished with value: 0.897026777267456 and parameters: {'n_layers': 20, 'lr1': 0.009999999999999998, 'lr2': 0.039999999999999994, 'wd1': -7, 'wd2': -3, 'dropout': 0.0, 'dropout2': 0.2}. Best is trial 19 with value: 0.8998593091964722 and user_attrs {'test_acc': 0.8993397355079651, 'val_acc': 0.8998593091964722}.[0m
[32m[I 2023-10-15 19:59:54,200][0m Trial 114 pruned. [0m
[32m[I 2023-10-15 19:59:55,409][0m [YH INFO] Prune duplicated args![0m
[32m[I 2023-10-15 19:59:55,416][0m Trial 115 pruned. [0m
[32m[I 2023-10-15 20:46:47,337][0m Trial 116 finished with value: 0.8980832695960999 and parameters: {'n_layers': 20, 'lr1': 0.009999999999999998, 'lr2': 0.039999999999999994, 'wd1': -7, 'wd2': -3, 'dropout': 0.0, 'dropout2': 0.2}. Best is trial 19 with value: 0.8998593091964722 and user_attrs {'test_acc': 0.8993397355079651, 'val_acc': 0.8998593091964722}.[0m
[32m[I 2023-10-15 20:47:10,509][0m Trial 120 pruned. [0m
[32m[I 2023-10-15 20:47:33,657][0m Trial 121 pruned. [0m
[32m[I 2023-10-15 20:47:57,449][0m Trial 122 pruned. [0m
[32m[I 2023-10-15 20:47:58,272][0m [YH INFO] Prune duplicated args![0m
[32m[I 2023-10-15 20:47:58,279][0m Trial 123 pruned. [0m
[32m[I 2023-10-15 20:48:22,106][0m Trial 124 pruned. [0m
[32m[I 2023-10-15 20:48:22,830][0m [YH INFO] Prune duplicated args![0m
[32m[I 2023-10-15 20:48:22,837][0m Trial 125 pruned. [0m
[32m[I 2023-10-15 20:48:23,572][0m [YH INFO] Prune duplicated args![0m
[32m[I 2023-10-15 20:48:23,578][0m Trial 126 pruned. [0m
[32m[I 2023-10-15 20:48:24,232][0m [YH INFO] Prune duplicated args![0m
[32m[I 2023-10-15 20:48:24,238][0m Trial 127 pruned. [0m
[32m[I 2023-10-15 21:20:27,670][0m Trial 128 finished with value: 0.8974977135658264 and parameters: {'n_layers': 20, 'lr1': 0.009999999999999998, 'lr2': 0.030000000000000002, 'wd1': -7, 'wd2': -3, 'dropout': 0.0, 'dropout2': 0.0}. Best is trial 19 with value: 0.8998593091964722 and user_attrs {'test_acc': 0.8993397355079651, 'val_acc': 0.8998593091964722}.[0m
[32m[I 2023-10-15 21:49:48,205][0m Trial 129 finished with value: 0.8973880410194397 and parameters: {'n_layers': 20, 'lr1': 0.009999999999999998, 'lr2': 0.030000000000000002, 'wd1': -7, 'wd2': -3, 'dropout': 0.0, 'dropout2': 0.0}. Best is trial 19 with value: 0.8998593091964722 and user_attrs {'test_acc': 0.8993397355079651, 'val_acc': 0.8998593091964722}.[0m
[32m[I 2023-10-15 21:50:12,051][0m Trial 132 pruned. [0m
[32m[I 2023-10-15 21:50:36,084][0m Trial 133 pruned. [0m
[32m[I 2023-10-15 21:51:00,445][0m Trial 134 pruned. [0m
[32m[I 2023-10-15 21:51:01,309][0m [YH INFO] Prune duplicated args![0m
[32m[I 2023-10-15 21:51:01,315][0m Trial 135 pruned. [0m
[32m[I 2023-10-15 21:51:02,269][0m [YH INFO] Prune duplicated args![0m
[32m[I 2023-10-15 21:51:02,275][0m Trial 136 pruned. [0m
[32m[I 2023-10-15 21:51:03,139][0m [YH INFO] Prune duplicated args![0m
[32m[I 2023-10-15 21:51:03,145][0m Trial 137 pruned. [0m
[32m[I 2023-10-15 22:19:27,984][0m Trial 138 finished with value: 0.8969511985778809 and parameters: {'n_layers': 20, 'lr1': 0.009999999999999998, 'lr2': 0.02, 'wd1': -7, 'wd2': -3, 'dropout': 0.0, 'dropout2': 0.0}. Best is trial 19 with value: 0.8998593091964722 and user_attrs {'test_acc': 0.8993397355079651, 'val_acc': 0.8998593091964722}.[0m
[32m[I 2023-10-15 22:50:17,849][0m Trial 146 finished with value: 0.8970750570297241 and parameters: {'n_layers': 20, 'lr1': 0.009999999999999998, 'lr2': 0.02, 'wd1': -7, 'wd2': -3, 'dropout': 0.0, 'dropout2': 0.0}. Best is trial 19 with value: 0.8998593091964722 and user_attrs {'test_acc': 0.8993397355079651, 'val_acc': 0.8998593091964722}.[0m
[32m[I 2023-10-15 22:50:18,487][0m [YH INFO] Prune duplicated args![0m
[32m[I 2023-10-15 22:50:18,493][0m Trial 159 pruned. [0m
[32m[I 2023-10-15 23:26:59,779][0m Trial 160 finished with value: 0.8966076970100403 and parameters: {'n_layers': 20, 'lr1': 0.009999999999999998, 'lr2': 0.009999999999999998, 'wd1': -7, 'wd2': -3, 'dropout': 0.0, 'dropout2': 0.0}. Best is trial 19 with value: 0.8998593091964722 and user_attrs {'test_acc': 0.8993397355079651, 'val_acc': 0.8998593091964722}.[0m
[32m[I 2023-10-15 23:27:24,294][0m Trial 163 pruned. [0m
[32m[I 2023-10-15 23:27:48,935][0m Trial 164 pruned. [0m
[32m[I 2023-10-15 23:51:43,203][0m Trial 165 finished with value: 0.8961219191551208 and parameters: {'n_layers': 20, 'lr1': 0.009999999999999998, 'lr2': 0.009999999999999998, 'wd1': -7, 'wd2': -3, 'dropout': 0.0, 'dropout2': 0.0}. Best is trial 19 with value: 0.8998593091964722 and user_attrs {'test_acc': 0.8993397355079651, 'val_acc': 0.8998593091964722}.[0m
[32m[I 2023-10-16 00:19:57,757][0m Trial 167 finished with value: 0.8979424238204956 and parameters: {'n_layers': 20, 'lr1': 0.02, 'lr2': 0.02, 'wd1': -7, 'wd2': -3, 'dropout': 0.0, 'dropout2': 0.0}. Best is trial 19 with value: 0.8998593091964722 and user_attrs {'test_acc': 0.8993397355079651, 'val_acc': 0.8998593091964722}.[0m
[32m[I 2023-10-16 00:40:01,715][0m Trial 172 finished with value: 0.8970198631286621 and parameters: {'n_layers': 20, 'lr1': 0.030000000000000002, 'lr2': 0.02, 'wd1': -7, 'wd2': -3, 'dropout': 0.0, 'dropout2': 0.0}. Best is trial 19 with value: 0.8998593091964722 and user_attrs {'test_acc': 0.8993397355079651, 'val_acc': 0.8998593091964722}.[0m
[32m[I 2023-10-16 00:40:25,446][0m Trial 174 pruned. [0m
[32m[I 2023-10-16 00:40:26,286][0m [YH INFO] Prune duplicated args![0m
[32m[I 2023-10-16 00:40:26,293][0m Trial 175 pruned. [0m
[32m[I 2023-10-16 00:40:27,063][0m [YH INFO] Prune duplicated args![0m
[32m[I 2023-10-16 00:40:27,072][0m Trial 176 pruned. [0m
[32m[I 2023-10-16 00:40:27,891][0m [YH INFO] Prune duplicated args![0m
[32m[I 2023-10-16 00:40:27,903][0m Trial 177 pruned. [0m
[32m[I 2023-10-16 00:40:28,644][0m [YH INFO] Prune duplicated args![0m
[32m[I 2023-10-16 00:40:28,649][0m Trial 178 pruned. [0m
[32m[I 2023-10-16 00:40:29,299][0m [YH INFO] Prune duplicated args![0m
[32m[I 2023-10-16 00:40:29,305][0m Trial 179 pruned. [0m
[32m[I 2023-10-16 01:27:57,500][0m Trial 180 finished with value: 0.9002344608306885 and parameters: {'n_layers': 20, 'lr1': 0.039999999999999994, 'lr2': 0.02, 'wd1': -7, 'wd2': -3, 'dropout': 0.0, 'dropout2': 0.0}. Best is trial 173 with value: 0.9022176861763 and user_attrs {'test_acc': 0.9023404717445374, 'val_acc': 0.9022176861763}.[0m
[32m[I 2023-10-16 01:34:23,143][0m Trial 182 finished with value: 0.893585741519928 and parameters: {'n_layers': 16, 'lr1': 0.039999999999999994, 'lr2': 0.02, 'wd1': -7, 'wd2': -3, 'dropout': 0.0, 'dropout2': 0.0}. Best is trial 173 with value: 0.9022176861763 and user_attrs {'test_acc': 0.9023404717445374, 'val_acc': 0.9022176861763}.[0m
[32m[I 2023-10-16 01:34:46,648][0m Trial 183 pruned. [0m
[32m[I 2023-10-16 01:34:47,535][0m [YH INFO] Prune duplicated args![0m
[32m[I 2023-10-16 01:34:47,541][0m Trial 184 pruned. [0m
[32m[I 2023-10-16 01:34:48,334][0m [YH INFO] Prune duplicated args![0m
[32m[I 2023-10-16 01:34:48,342][0m Trial 185 pruned. [0m
[32m[I 2023-10-16 01:34:49,021][0m [YH INFO] Prune duplicated args![0m
[32m[I 2023-10-16 01:34:49,027][0m Trial 186 pruned. [0m
[32m[I 2023-10-16 01:52:09,700][0m Trial 187 finished with value: 0.8971853256225586 and parameters: {'n_layers': 20, 'lr1': 0.05, 'lr2': 0.009999999999999998, 'wd1': -7, 'wd2': -3, 'dropout': 0.0, 'dropout2': 0.0}. Best is trial 173 with value: 0.9022176861763 and user_attrs {'test_acc': 0.9023404717445374, 'val_acc': 0.9022176861763}.[0m
[32m[I 2023-10-16 02:39:20,495][0m Trial 188 finished with value: 0.9023111462593079 and parameters: {'n_layers': 20, 'lr1': 0.05, 'lr2': 0.02, 'wd1': -7, 'wd2': -3, 'dropout': 0.0, 'dropout2': 0.0}. Best is trial 188 with value: 0.9023111462593079 and user_attrs {'test_acc': 0.9023500680923462, 'val_acc': 0.9023111462593079}.[0m
[32m[I 2023-10-16 02:39:44,390][0m Trial 191 pruned. [0m
[32m[I 2023-10-16 02:57:52,635][0m Trial 192 finished with value: 0.8973673582077026 and parameters: {'n_layers': 20, 'lr1': 0.05, 'lr2': 0.009999999999999998, 'wd1': -7, 'wd2': -3, 'dropout': 0.0, 'dropout2': 0.0}. Best is trial 188 with value: 0.9023111462593079 and user_attrs {'test_acc': 0.9023500680923462, 'val_acc': 0.9023111462593079}.[0m
[32m[I 2023-10-16 03:01:43,352][0m Trial 193 pruned. [0m
[32m[I 2023-10-16 03:01:44,710][0m [YH INFO] Prune duplicated args![0m
[32m[I 2023-10-16 03:01:44,717][0m Trial 194 pruned. [0m
[32m[I 2023-10-16 03:01:46,118][0m [YH INFO] Prune duplicated args![0m
[32m[I 2023-10-16 03:01:46,124][0m Trial 195 pruned. [0m
[32m[I 2023-10-16 03:01:47,583][0m [YH INFO] Prune duplicated args![0m
[32m[I 2023-10-16 03:01:47,589][0m Trial 196 pruned. [0m
[32m[I 2023-10-16 03:01:48,651][0m [YH INFO] Prune duplicated args![0m
[32m[I 2023-10-16 03:01:48,657][0m Trial 197 pruned. [0m
[32m[I 2023-10-16 03:05:20,382][0m Trial 199 pruned. [0m
[32m[I 2023-10-16 03:05:20,882][0m [YH INFO] Prune duplicated args![0m
[32m[I 2023-10-16 03:05:20,887][0m Trial 201 pruned. [0m
[32m[I 2023-10-16 03:05:21,470][0m [YH INFO] Prune duplicated args![0m
[32m[I 2023-10-16 03:05:21,476][0m Trial 202 pruned. [0m
[32m[I 2023-10-16 03:05:44,922][0m Trial 203 pruned. [0m
[32m[I 2023-10-16 03:06:07,677][0m Trial 205 pruned. [0m
