[32m[I 2023-10-15 14:22:32,284][0m Using an existing study with name 'woselfloop-genius' instead of creating a new one.[0m
WARNING:root:The OGB package is out of date. Your version is 1.3.5, while the latest version is 1.3.6.
[32m[I 2023-10-15 15:03:05,923][0m Trial 3 finished with value: 0.8945955634117126 and parameters: {'n_layers': 16, 'lr1': 0.02, 'lr2': 0.0, 'wd1': -5, 'wd2': -5, 'dropout': 0.1, 'dropout2': 0.5}. Best is trial 3 with value: 0.8945955634117126 and user_attrs {'test_acc': 0.8933358192443848, 'val_acc': 0.8945955634117126}.[0m
[32m[I 2023-10-15 15:06:39,892][0m Trial 5 finished with value: 0.7923902273178101 and parameters: {'n_layers': 4, 'lr1': 0.05, 'lr2': -0.02, 'wd1': -8, 'wd2': -8, 'dropout': 0.9, 'dropout2': 0.2}. Best is trial 3 with value: 0.8945955634117126 and user_attrs {'test_acc': 0.8933358192443848, 'val_acc': 0.8945955634117126}.[0m
[32m[I 2023-10-15 15:28:20,445][0m Using an existing study with name 'woselfloop-genius' instead of creating a new one.[0m
WARNING:root:The OGB package is out of date. Your version is 1.3.5, while the latest version is 1.3.6.
[32m[I 2023-10-15 16:17:38,858][0m Trial 15 finished with value: 0.8758146166801453 and parameters: {'n_layers': 20, 'lr1': 0.039999999999999994, 'lr2': 0.009999999999999998, 'wd1': -4, 'wd2': -6, 'dropout': 0.0, 'dropout2': 0.8}. Best is trial 19 with value: 0.8998593091964722 and user_attrs {'test_acc': 0.8993397355079651, 'val_acc': 0.8998593091964722}.[0m
[32m[I 2023-10-15 16:17:55,715][0m Trial 21 pruned. [0m
[32m[I 2023-10-15 16:23:13,815][0m Trial 22 finished with value: 0.8870673179626465 and parameters: {'n_layers': 4, 'lr1': 0.009999999999999998, 'lr2': -0.02, 'wd1': -7, 'wd2': -4, 'dropout': 0.0, 'dropout2': 0.6000000000000001}. Best is trial 19 with value: 0.8998593091964722 and user_attrs {'test_acc': 0.8993397355079651, 'val_acc': 0.8998593091964722}.[0m
[32m[I 2023-10-15 16:24:07,067][0m Trial 23 pruned. [0m
[32m[I 2023-10-15 16:24:20,871][0m Trial 24 pruned. [0m
[32m[I 2023-10-15 16:29:16,822][0m Trial 25 finished with value: 0.8900333642959595 and parameters: {'n_layers': 4, 'lr1': 0.009999999999999998, 'lr2': -0.02, 'wd1': -7, 'wd2': -4, 'dropout': 0.0, 'dropout2': 0.6000000000000001}. Best is trial 19 with value: 0.8998593091964722 and user_attrs {'test_acc': 0.8993397355079651, 'val_acc': 0.8998593091964722}.[0m
[32m[I 2023-10-15 16:34:06,284][0m Trial 26 finished with value: 0.8895213603973389 and parameters: {'n_layers': 4, 'lr1': 0.009999999999999998, 'lr2': -0.02, 'wd1': -7, 'wd2': -4, 'dropout': 0.0, 'dropout2': 0.5}. Best is trial 19 with value: 0.8998593091964722 and user_attrs {'test_acc': 0.8993397355079651, 'val_acc': 0.8998593091964722}.[0m
[32m[I 2023-10-15 16:34:23,384][0m Trial 30 pruned. [0m
[32m[I 2023-10-15 16:34:36,002][0m Trial 32 pruned. [0m
[32m[I 2023-10-15 16:34:56,974][0m Trial 34 pruned. [0m
[32m[I 2023-10-15 16:40:31,480][0m Trial 36 finished with value: 0.8817406296730042 and parameters: {'n_layers': 8, 'lr1': 0.009999999999999998, 'lr2': -0.01, 'wd1': -7, 'wd2': -4, 'dropout': 0.0, 'dropout2': 0.6000000000000001}. Best is trial 19 with value: 0.8998593091964722 and user_attrs {'test_acc': 0.8993397355079651, 'val_acc': 0.8998593091964722}.[0m
[32m[I 2023-10-15 16:40:39,311][0m Trial 38 pruned. [0m
[32m[I 2023-10-15 16:40:52,088][0m Trial 39 pruned. [0m
[32m[I 2023-10-15 16:41:04,767][0m Trial 40 pruned. [0m
[32m[I 2023-10-15 16:41:25,935][0m Trial 41 pruned. [0m
[32m[I 2023-10-15 16:41:42,549][0m Trial 42 pruned. [0m
[32m[I 2023-10-15 16:42:07,199][0m Trial 43 pruned. [0m
[32m[I 2023-10-15 16:42:19,507][0m Trial 44 pruned. [0m
[32m[I 2023-10-15 16:46:53,169][0m Trial 45 finished with value: 0.8897289633750916 and parameters: {'n_layers': 4, 'lr1': 0.009999999999999998, 'lr2': -0.02, 'wd1': -7, 'wd2': -4, 'dropout': 0.0, 'dropout2': 0.5}. Best is trial 19 with value: 0.8998593091964722 and user_attrs {'test_acc': 0.8993397355079651, 'val_acc': 0.8998593091964722}.[0m
[32m[I 2023-10-15 16:48:22,729][0m Trial 47 pruned. [0m
[32m[I 2023-10-15 16:48:31,345][0m Trial 48 pruned. [0m
[32m[I 2023-10-15 16:51:32,010][0m Trial 49 finished with value: 0.8871973156929016 and parameters: {'n_layers': 4, 'lr1': 0.02, 'lr2': 0.0, 'wd1': -8, 'wd2': -5, 'dropout': 0.0, 'dropout2': 0.4}. Best is trial 19 with value: 0.8998593091964722 and user_attrs {'test_acc': 0.8993397355079651, 'val_acc': 0.8998593091964722}.[0m
[32m[I 2023-10-15 16:51:32,537][0m [YH INFO] Prune duplicated args![0m
[32m[I 2023-10-15 16:51:32,548][0m Trial 57 pruned. [0m
[32m[I 2023-10-15 16:51:40,978][0m Trial 58 pruned. [0m
[32m[I 2023-10-15 16:56:40,712][0m Trial 59 finished with value: 0.8874515891075134 and parameters: {'n_layers': 8, 'lr1': 0.02, 'lr2': -0.01, 'wd1': -7, 'wd2': -4, 'dropout': 0.0, 'dropout2': 0.5}. Best is trial 19 with value: 0.8998593091964722 and user_attrs {'test_acc': 0.8993397355079651, 'val_acc': 0.8998593091964722}.[0m
[32m[I 2023-10-15 16:56:47,803][0m Trial 71 pruned. [0m
[32m[I 2023-10-15 16:57:03,352][0m Trial 72 pruned. [0m
[32m[I 2023-10-15 16:57:14,807][0m Trial 74 pruned. [0m
[32m[I 2023-10-15 17:01:19,807][0m Trial 76 finished with value: 0.8898728489875793 and parameters: {'n_layers': 4, 'lr1': 0.009999999999999998, 'lr2': -0.01, 'wd1': -7, 'wd2': -4, 'dropout': 0.0, 'dropout2': 0.6000000000000001}. Best is trial 19 with value: 0.8998593091964722 and user_attrs {'test_acc': 0.8993397355079651, 'val_acc': 0.8998593091964722}.[0m
[32m[I 2023-10-15 17:01:28,047][0m Trial 86 pruned. [0m
[32m[I 2023-10-15 17:01:28,784][0m [YH INFO] Prune duplicated args![0m
[32m[I 2023-10-15 17:01:28,791][0m Trial 87 pruned. [0m
[32m[I 2023-10-15 17:01:37,892][0m Trial 88 pruned. [0m
[32m[I 2023-10-15 17:01:47,154][0m Trial 89 pruned. [0m
[32m[I 2023-10-15 17:01:56,203][0m Trial 90 pruned. [0m
[32m[I 2023-10-15 17:02:09,166][0m Trial 91 pruned. [0m
[32m[I 2023-10-15 17:13:49,138][0m Trial 92 finished with value: 0.8970495462417603 and parameters: {'n_layers': 20, 'lr1': 0.009999999999999998, 'lr2': -0.02, 'wd1': -7, 'wd2': -3, 'dropout': 0.0, 'dropout2': 0.0}. Best is trial 19 with value: 0.8998593091964722 and user_attrs {'test_acc': 0.8993397355079651, 'val_acc': 0.8998593091964722}.[0m
[32m[I 2023-10-15 17:33:05,212][0m Trial 95 finished with value: 0.8968793749809265 and parameters: {'n_layers': 20, 'lr1': 0.009999999999999998, 'lr2': 0.039999999999999994, 'wd1': -7, 'wd2': -3, 'dropout': 0.0, 'dropout2': 0.1}. Best is trial 19 with value: 0.8998593091964722 and user_attrs {'test_acc': 0.8993397355079651, 'val_acc': 0.8998593091964722}.[0m
[32m[I 2023-10-15 17:33:32,516][0m Trial 97 pruned. [0m
[32m[I 2023-10-15 17:50:57,564][0m Trial 98 finished with value: 0.8945017457008362 and parameters: {'n_layers': 20, 'lr1': 0.009999999999999998, 'lr2': 0.05, 'wd1': -7, 'wd2': -3, 'dropout': 0.0, 'dropout2': 0.1}. Best is trial 19 with value: 0.8998593091964722 and user_attrs {'test_acc': 0.8993397355079651, 'val_acc': 0.8998593091964722}.[0m
[32m[I 2023-10-15 17:51:22,672][0m Trial 104 pruned. [0m
[32m[I 2023-10-15 18:19:19,334][0m Trial 105 finished with value: 0.8946974873542786 and parameters: {'n_layers': 20, 'lr1': 0.009999999999999998, 'lr2': 0.05, 'wd1': -7, 'wd2': -3, 'dropout': 0.0, 'dropout2': 0.2}. Best is trial 19 with value: 0.8998593091964722 and user_attrs {'test_acc': 0.8993397355079651, 'val_acc': 0.8998593091964722}.[0m
[32m[I 2023-10-15 18:19:43,971][0m Trial 106 pruned. [0m
[32m[I 2023-10-15 19:07:59,559][0m Trial 108 finished with value: 0.8977170586585999 and parameters: {'n_layers': 20, 'lr1': 0.009999999999999998, 'lr2': 0.05, 'wd1': -7, 'wd2': -3, 'dropout': 0.0, 'dropout2': 0.0}. Best is trial 19 with value: 0.8998593091964722 and user_attrs {'test_acc': 0.8993397355079651, 'val_acc': 0.8998593091964722}.[0m
[32m[I 2023-10-15 19:34:15,847][0m Trial 110 finished with value: 0.8955285549163818 and parameters: {'n_layers': 20, 'lr1': 0.009999999999999998, 'lr2': 0.05, 'wd1': -7, 'wd2': -3, 'dropout': 0.0, 'dropout2': 0.1}. Best is trial 19 with value: 0.8998593091964722 and user_attrs {'test_acc': 0.8993397355079651, 'val_acc': 0.8998593091964722}.[0m
[32m[I 2023-10-15 20:05:10,028][0m Trial 112 finished with value: 0.8963870406150818 and parameters: {'n_layers': 20, 'lr1': 0.009999999999999998, 'lr2': 0.05, 'wd1': -7, 'wd2': -3, 'dropout': 0.0, 'dropout2': 0.0}. Best is trial 19 with value: 0.8998593091964722 and user_attrs {'test_acc': 0.8993397355079651, 'val_acc': 0.8998593091964722}.[0m
[32m[I 2023-10-15 20:05:10,587][0m [YH INFO] Prune duplicated args![0m
[32m[I 2023-10-15 20:05:10,593][0m Trial 117 pruned. [0m
[32m[I 2023-10-15 20:39:55,056][0m Trial 118 finished with value: 0.8970643877983093 and parameters: {'n_layers': 20, 'lr1': 0.009999999999999998, 'lr2': 0.039999999999999994, 'wd1': -7, 'wd2': -3, 'dropout': 0.0, 'dropout2': 0.0}. Best is trial 19 with value: 0.8998593091964722 and user_attrs {'test_acc': 0.8993397355079651, 'val_acc': 0.8998593091964722}.[0m
[32m[I 2023-10-15 21:28:17,969][0m Trial 119 finished with value: 0.8980327844619751 and parameters: {'n_layers': 20, 'lr1': 0.009999999999999998, 'lr2': 0.039999999999999994, 'wd1': -7, 'wd2': -3, 'dropout': 0.0, 'dropout2': 0.0}. Best is trial 19 with value: 0.8998593091964722 and user_attrs {'test_acc': 0.8993397355079651, 'val_acc': 0.8998593091964722}.[0m
[32m[I 2023-10-15 21:28:41,815][0m Trial 130 pruned. [0m
[32m[I 2023-10-15 21:57:17,264][0m Trial 131 finished with value: 0.8970195055007935 and parameters: {'n_layers': 20, 'lr1': 0.009999999999999998, 'lr2': 0.030000000000000002, 'wd1': -7, 'wd2': -3, 'dropout': 0.0, 'dropout2': 0.0}. Best is trial 19 with value: 0.8998593091964722 and user_attrs {'test_acc': 0.8993397355079651, 'val_acc': 0.8998593091964722}.[0m
[32m[I 2023-10-15 21:59:15,534][0m Trial 139 pruned. [0m
[32m[I 2023-10-15 21:59:16,248][0m [YH INFO] Prune duplicated args![0m
[32m[I 2023-10-15 21:59:16,260][0m Trial 140 pruned. [0m
[32m[I 2023-10-15 21:59:40,234][0m Trial 141 pruned. [0m
[32m[I 2023-10-15 22:00:04,430][0m Trial 142 pruned. [0m
[32m[I 2023-10-15 22:00:05,195][0m [YH INFO] Prune duplicated args![0m
[32m[I 2023-10-15 22:00:05,209][0m Trial 143 pruned. [0m
[32m[I 2023-10-15 22:00:25,577][0m Trial 144 pruned. [0m
[32m[I 2023-10-15 22:35:25,638][0m Trial 145 finished with value: 0.8971266150474548 and parameters: {'n_layers': 20, 'lr1': 0.009999999999999998, 'lr2': 0.02, 'wd1': -7, 'wd2': -3, 'dropout': 0.0, 'dropout2': 0.0}. Best is trial 19 with value: 0.8998593091964722 and user_attrs {'test_acc': 0.8993397355079651, 'val_acc': 0.8998593091964722}.[0m
[32m[I 2023-10-15 22:36:43,218][0m Trial 147 pruned. [0m
[32m[I 2023-10-15 22:36:44,163][0m [YH INFO] Prune duplicated args![0m
[32m[I 2023-10-15 22:36:44,169][0m Trial 148 pruned. [0m
[32m[I 2023-10-15 22:37:08,645][0m Trial 149 pruned. [0m
[32m[I 2023-10-15 22:37:09,570][0m [YH INFO] Prune duplicated args![0m
[32m[I 2023-10-15 22:37:09,576][0m Trial 150 pruned. [0m
[32m[I 2023-10-15 22:37:10,483][0m [YH INFO] Prune duplicated args![0m
[32m[I 2023-10-15 22:37:10,494][0m Trial 151 pruned. [0m
[32m[I 2023-10-15 22:37:35,338][0m Trial 152 pruned. [0m
[32m[I 2023-10-15 22:38:00,154][0m Trial 153 pruned. [0m
[32m[I 2023-10-15 22:42:16,588][0m Trial 154 pruned. [0m
[32m[I 2023-10-15 22:42:17,667][0m [YH INFO] Prune duplicated args![0m
[32m[I 2023-10-15 22:42:17,673][0m Trial 155 pruned. [0m
[32m[I 2023-10-15 22:42:18,557][0m [YH INFO] Prune duplicated args![0m
[32m[I 2023-10-15 22:42:18,563][0m Trial 156 pruned. [0m
[32m[I 2023-10-15 22:42:19,573][0m [YH INFO] Prune duplicated args![0m
[32m[I 2023-10-15 22:42:19,579][0m Trial 157 pruned. [0m
[32m[I 2023-10-15 22:56:26,597][0m Trial 158 pruned. [0m
[32m[I 2023-10-15 22:56:27,245][0m [YH INFO] Prune duplicated args![0m
[32m[I 2023-10-15 22:56:27,251][0m Trial 161 pruned. [0m
[32m[I 2023-10-15 23:28:36,403][0m Trial 162 finished with value: 0.8973714709281921 and parameters: {'n_layers': 20, 'lr1': 0.02, 'lr2': 0.02, 'wd1': -7, 'wd2': -3, 'dropout': 0.0, 'dropout2': 0.0}. Best is trial 19 with value: 0.8998593091964722 and user_attrs {'test_acc': 0.8993397355079651, 'val_acc': 0.8998593091964722}.[0m
[32m[I 2023-10-16 00:06:31,101][0m Trial 166 finished with value: 0.8976580500602722 and parameters: {'n_layers': 20, 'lr1': 0.02, 'lr2': 0.02, 'wd1': -7, 'wd2': -3, 'dropout': 0.0, 'dropout2': 0.0}. Best is trial 19 with value: 0.8998593091964722 and user_attrs {'test_acc': 0.8993397355079651, 'val_acc': 0.8998593091964722}.[0m
[32m[I 2023-10-16 00:06:31,986][0m [YH INFO] Prune duplicated args![0m
[32m[I 2023-10-16 00:06:31,993][0m Trial 168 pruned. [0m
[32m[I 2023-10-16 00:06:32,853][0m [YH INFO] Prune duplicated args![0m
[32m[I 2023-10-16 00:06:32,867][0m Trial 169 pruned. [0m
[32m[I 2023-10-16 00:06:33,759][0m [YH INFO] Prune duplicated args![0m
[32m[I 2023-10-16 00:06:33,766][0m Trial 170 pruned. [0m
[32m[I 2023-10-16 00:31:42,372][0m Trial 171 finished with value: 0.8975163698196411 and parameters: {'n_layers': 20, 'lr1': 0.030000000000000002, 'lr2': 0.02, 'wd1': -7, 'wd2': -3, 'dropout': 0.0, 'dropout2': 0.0}. Best is trial 19 with value: 0.8998593091964722 and user_attrs {'test_acc': 0.8993397355079651, 'val_acc': 0.8998593091964722}.[0m
[32m[I 2023-10-16 01:20:27,285][0m Trial 173 finished with value: 0.9022176861763 and parameters: {'n_layers': 20, 'lr1': 0.039999999999999994, 'lr2': 0.02, 'wd1': -7, 'wd2': -3, 'dropout': 0.0, 'dropout2': 0.0}. Best is trial 173 with value: 0.9022176861763 and user_attrs {'test_acc': 0.9023404717445374, 'val_acc': 0.9022176861763}.[0m
[32m[I 2023-10-16 02:08:58,112][0m Trial 181 finished with value: 0.9020472168922424 and parameters: {'n_layers': 20, 'lr1': 0.05, 'lr2': 0.02, 'wd1': -7, 'wd2': -3, 'dropout': 0.0, 'dropout2': 0.0}. Best is trial 173 with value: 0.9022176861763 and user_attrs {'test_acc': 0.9023404717445374, 'val_acc': 0.9022176861763}.[0m
[32m[I 2023-10-16 02:12:47,063][0m Trial 189 pruned. [0m
[32m[I 2023-10-16 03:01:48,378][0m Trial 190 finished with value: 0.9004274606704712 and parameters: {'n_layers': 20, 'lr1': 0.05, 'lr2': 0.02, 'wd1': -7, 'wd2': -3, 'dropout': 0.0, 'dropout2': 0.0}. Best is trial 188 with value: 0.9023111462593079 and user_attrs {'test_acc': 0.9023500680923462, 'val_acc': 0.9023111462593079}.[0m
[32m[I 2023-10-16 03:05:10,669][0m Trial 198 pruned. [0m
[32m[I 2023-10-16 03:05:35,063][0m Trial 200 pruned. [0m
[32m[I 2023-10-16 03:05:58,940][0m Trial 204 pruned. [0m
