[32m[I 2023-10-14 08:49:44,712][0m A new study created in RDB with name: woselfloop-genius[0m
WARNING:root:The OGB package is out of date. Your version is 1.3.5, while the latest version is 1.3.6.
[32m[I 2023-10-14 08:58:31,790][0m Trial 0 finished with value: 0.2081732809805402 and parameters: {'n_layers': 12, 'lr1': 0.030000000000000002, 'lr2': -0.01, 'wd1': -7, 'wd2': -6, 'dropout': 0.9, 'dropout2': 0.6000000000000001}. Best is trial 0 with value: 0.2081732809805402 and user_attrs {'test_acc': 0.20522852349440968, 'val_acc': 0.2081732809805402}.[0m
[32m[I 2023-10-14 09:07:02,533][0m Trial 1 finished with value: 0.5703227645382094 and parameters: {'n_layers': 16, 'lr1': -0.02, 'lr2': 0.039999999999999994, 'wd1': -6, 'wd2': -5, 'dropout': 0.9, 'dropout2': 0.9}. Best is trial 1 with value: 0.5703227645382094 and user_attrs {'test_acc': 0.5762496690601929, 'val_acc': 0.5703227645382094}.[0m
[32m[I 2023-10-14 09:10:08,009][0m Trial 2 finished with value: 0.8495667315490015 and parameters: {'n_layers': 4, 'lr1': 0.039999999999999994, 'lr2': 0.0, 'wd1': -3, 'wd2': -5, 'dropout': 0.4, 'dropout2': 0.6000000000000001}. Best is trial 2 with value: 0.8495667315490015 and user_attrs {'test_acc': 0.8500766818548005, 'val_acc': 0.8495667315490015}.[0m
[32m[I 2023-10-14 09:14:57,358][0m Trial 3 finished with value: 0.6827695915356209 and parameters: {'n_layers': 8, 'lr1': 0.05, 'lr2': -0.01, 'wd1': -8, 'wd2': -7, 'dropout': 0.9, 'dropout2': 0.6000000000000001}. Best is trial 2 with value: 0.8495667315490015 and user_attrs {'test_acc': 0.8500766818548005, 'val_acc': 0.8495667315490015}.[0m
[32m[I 2023-10-14 09:18:09,389][0m Trial 4 finished with value: 0.571206029963756 and parameters: {'n_layers': 4, 'lr1': -0.01, 'lr2': 0.02, 'wd1': -5, 'wd2': -3, 'dropout': 0.6000000000000001, 'dropout2': 0.1}. Best is trial 2 with value: 0.8495667315490015 and user_attrs {'test_acc': 0.8500766818548005, 'val_acc': 0.8495667315490015}.[0m
[32m[I 2023-10-14 09:53:59,039][0m Trial 5 finished with value: 0.8461345409003399 and parameters: {'n_layers': 16, 'lr1': 0.02, 'lr2': 0.05, 'wd1': -8, 'wd2': -4, 'dropout': 0.4, 'dropout2': 0.8}. Best is trial 2 with value: 0.8495667315490015 and user_attrs {'test_acc': 0.8500766818548005, 'val_acc': 0.8495667315490015}.[0m
[32m[I 2023-10-14 09:54:23,515][0m Trial 6 pruned. [0m
[32m[I 2023-10-14 09:57:11,309][0m Trial 7 finished with value: 0.8478080251668172 and parameters: {'n_layers': 4, 'lr1': 0.030000000000000002, 'lr2': 0.009999999999999998, 'wd1': -8, 'wd2': -5, 'dropout': 0.1, 'dropout2': 0.1}. Best is trial 2 with value: 0.8495667315490015 and user_attrs {'test_acc': 0.8500766818548005, 'val_acc': 0.8495667315490015}.[0m
[32m[I 2023-10-14 10:17:12,121][0m Trial 8 finished with value: 0.8912887140419349 and parameters: {'n_layers': 12, 'lr1': 0.0, 'lr2': 0.05, 'wd1': -4, 'wd2': -5, 'dropout': 0.1, 'dropout2': 0.7000000000000001}. Best is trial 8 with value: 0.8912887140419349 and user_attrs {'test_acc': 0.8897880758867118, 'val_acc': 0.8912887140419349}.[0m
[32m[I 2023-10-14 10:55:16,674][0m Trial 9 finished with value: 0.876925431954707 and parameters: {'n_layers': 20, 'lr1': 0.039999999999999994, 'lr2': 0.039999999999999994, 'wd1': -8, 'wd2': -8, 'dropout': 0.5, 'dropout2': 0.2}. Best is trial 8 with value: 0.8912887140419349 and user_attrs {'test_acc': 0.8897880758867118, 'val_acc': 0.8912887140419349}.[0m
[32m[I 2023-10-14 11:01:34,998][0m Trial 10 finished with value: 0.861837217878361 and parameters: {'n_layers': 12, 'lr1': 0.0, 'lr2': 0.030000000000000002, 'wd1': -3, 'wd2': -3, 'dropout': 0.0, 'dropout2': 0.30000000000000004}. Best is trial 8 with value: 0.8912887140419349 and user_attrs {'test_acc': 0.8897880758867118, 'val_acc': 0.8912887140419349}.[0m
[32m[I 2023-10-14 11:02:05,028][0m Trial 11 pruned. [0m
[32m[I 2023-10-14 11:02:35,189][0m Trial 12 pruned. [0m
[32m[I 2023-10-14 11:02:48,583][0m Trial 13 pruned. [0m
[32m[I 2023-10-14 11:03:02,064][0m Trial 14 pruned. [0m
[32m[I 2023-10-14 11:03:26,716][0m Trial 15 pruned. [0m
[32m[I 2023-10-14 12:05:16,634][0m Trial 16 finished with value: 0.9048218031269536 and parameters: {'n_layers': 20, 'lr1': 0.030000000000000002, 'lr2': 0.039999999999999994, 'wd1': -7, 'wd2': -4, 'dropout': 0.0, 'dropout2': 0.5}. Best is trial 16 with value: 0.9048218031269536 and user_attrs {'test_acc': 0.9043078859536938, 'val_acc': 0.9048218031269536}.[0m
[32m[I 2023-10-14 12:43:48,830][0m Trial 17 finished with value: 0.9001247424240865 and parameters: {'n_layers': 12, 'lr1': 0.0, 'lr2': 0.02, 'wd1': -7, 'wd2': -4, 'dropout': 0.0, 'dropout2': 0.5}. Best is trial 16 with value: 0.9048218031269536 and user_attrs {'test_acc': 0.9043078859536938, 'val_acc': 0.9048218031269536}.[0m
[32m[I 2023-10-14 13:13:57,472][0m Trial 18 finished with value: 0.9037005365111386 and parameters: {'n_layers': 16, 'lr1': 0.030000000000000002, 'lr2': 0.009999999999999998, 'wd1': -7, 'wd2': -4, 'dropout': 0.0, 'dropout2': 0.5}. Best is trial 16 with value: 0.9048218031269536 and user_attrs {'test_acc': 0.9043078859536938, 'val_acc': 0.9048218031269536}.[0m
[32m[I 2023-10-14 13:24:33,898][0m Trial 19 finished with value: 0.8950489611367531 and parameters: {'n_layers': 20, 'lr1': 0.030000000000000002, 'lr2': 0.009999999999999998, 'wd1': -7, 'wd2': -3, 'dropout': 0.0, 'dropout2': 0.4}. Best is trial 16 with value: 0.9048218031269536 and user_attrs {'test_acc': 0.9043078859536938, 'val_acc': 0.9048218031269536}.[0m
[32m[I 2023-10-14 13:24:58,435][0m Trial 20 pruned. [0m
[32m[I 2023-10-14 13:48:34,994][0m Trial 21 finished with value: 0.9012816626114563 and parameters: {'n_layers': 12, 'lr1': 0.02, 'lr2': 0.02, 'wd1': -7, 'wd2': -4, 'dropout': 0.0, 'dropout2': 0.5}. Best is trial 16 with value: 0.9048218031269536 and user_attrs {'test_acc': 0.9043078859536938, 'val_acc': 0.9048218031269536}.[0m
[32m[I 2023-10-14 13:48:59,922][0m Trial 25 pruned. [0m
[32m[I 2023-10-14 13:49:30,224][0m Trial 26 pruned. [0m
[32m[I 2023-10-14 13:49:55,043][0m Trial 35 pruned. [0m
[32m[I 2023-10-14 13:50:25,523][0m Trial 36 pruned. [0m
[32m[I 2023-10-14 13:50:44,800][0m Trial 38 pruned. [0m
[32m[I 2023-10-14 13:51:12,936][0m Trial 39 pruned. [0m
[32m[I 2023-10-14 13:51:37,575][0m Trial 40 pruned. [0m
[32m[I 2023-10-14 14:00:06,436][0m Trial 41 pruned. [0m
