[32m[I 2023-10-14 05:23:14,473][0m Trial 105 finished with value: 0.7142857142857143 and parameters: {'n_layers': 16, 'lr1': 0.02, 'lr2': 0.039999999999999994, 'wd1': -8, 'wd2': -3, 'dropout': 0.2, 'dropout2': 0.30000000000000004}. Best is trial 56 with value: 0.734065934065934 and user_attrs {'test_acc': 0.7199124726477024, 'val_acc': 0.734065934065934}.[0m
[32m[I 2023-10-14 05:23:16,248][0m Trial 106 pruned. [0m
[32m[I 2023-10-14 05:23:18,087][0m Trial 107 pruned. [0m
[32m[I 2023-10-14 05:23:19,922][0m Trial 108 pruned. [0m
[32m[I 2023-10-14 05:23:21,697][0m Trial 109 pruned. [0m
[32m[I 2023-10-14 05:23:23,387][0m Trial 110 pruned. [0m
[32m[I 2023-10-14 05:23:25,035][0m Trial 111 pruned. [0m
[32m[I 2023-10-14 05:23:47,706][0m Trial 112 finished with value: 0.7252747252747253 and parameters: {'n_layers': 12, 'lr1': 0.05, 'lr2': 0.02, 'wd1': -8, 'wd2': -3, 'dropout': 0.30000000000000004, 'dropout2': 0.5}. Best is trial 56 with value: 0.734065934065934 and user_attrs {'test_acc': 0.7199124726477024, 'val_acc': 0.734065934065934}.[0m
[32m[I 2023-10-14 05:23:49,303][0m Trial 113 pruned. [0m
[32m[I 2023-10-14 05:23:50,828][0m Trial 114 pruned. [0m
[32m[I 2023-10-14 05:24:26,974][0m Trial 115 finished with value: 0.7274725274725274 and parameters: {'n_layers': 12, 'lr1': 0.039999999999999994, 'lr2': 0.02, 'wd1': -8, 'wd2': -3, 'dropout': 0.2, 'dropout2': 0.5}. Best is trial 56 with value: 0.734065934065934 and user_attrs {'test_acc': 0.7199124726477024, 'val_acc': 0.734065934065934}.[0m
[32m[I 2023-10-14 05:24:28,402][0m Trial 116 pruned. [0m
[32m[I 2023-10-14 05:24:51,516][0m Trial 117 finished with value: 0.7274725274725274 and parameters: {'n_layers': 12, 'lr1': 0.039999999999999994, 'lr2': 0.030000000000000002, 'wd1': -8, 'wd2': -3, 'dropout': 0.2, 'dropout2': 0.6000000000000001}. Best is trial 56 with value: 0.734065934065934 and user_attrs {'test_acc': 0.7199124726477024, 'val_acc': 0.734065934065934}.[0m
[32m[I 2023-10-14 05:25:24,339][0m Trial 118 finished with value: 0.7252747252747253 and parameters: {'n_layers': 12, 'lr1': 0.02, 'lr2': 0.039999999999999994, 'wd1': -8, 'wd2': -3, 'dropout': 0.2, 'dropout2': 0.6000000000000001}. Best is trial 56 with value: 0.734065934065934 and user_attrs {'test_acc': 0.7199124726477024, 'val_acc': 0.734065934065934}.[0m
[32m[I 2023-10-14 05:25:55,611][0m Trial 119 finished with value: 0.7208791208791209 and parameters: {'n_layers': 12, 'lr1': 0.02, 'lr2': 0.039999999999999994, 'wd1': -8, 'wd2': -3, 'dropout': 0.2, 'dropout2': 0.6000000000000001}. Best is trial 56 with value: 0.734065934065934 and user_attrs {'test_acc': 0.7199124726477024, 'val_acc': 0.734065934065934}.[0m
[32m[I 2023-10-14 05:26:25,602][0m Trial 120 finished with value: 0.7252747252747253 and parameters: {'n_layers': 12, 'lr1': 0.02, 'lr2': 0.05, 'wd1': -8, 'wd2': -3, 'dropout': 0.1, 'dropout2': 0.6000000000000001}. Best is trial 56 with value: 0.734065934065934 and user_attrs {'test_acc': 0.7199124726477024, 'val_acc': 0.734065934065934}.[0m
[32m[I 2023-10-14 05:26:27,106][0m Trial 121 pruned. [0m
[32m[I 2023-10-14 05:26:59,646][0m Trial 122 finished with value: 0.7252747252747253 and parameters: {'n_layers': 12, 'lr1': 0.02, 'lr2': 0.05, 'wd1': -8, 'wd2': -3, 'dropout': 0.1, 'dropout2': 0.6000000000000001}. Best is trial 56 with value: 0.734065934065934 and user_attrs {'test_acc': 0.7199124726477024, 'val_acc': 0.734065934065934}.[0m
[32m[I 2023-10-14 05:27:01,133][0m Trial 123 pruned. [0m
[32m[I 2023-10-14 05:27:02,700][0m Trial 124 pruned. [0m
[32m[I 2023-10-14 05:27:02,791][0m [YH INFO] Prune duplicated args![0m
[32m[I 2023-10-14 05:27:02,797][0m Trial 125 pruned. [0m
[32m[I 2023-10-14 05:27:22,389][0m Trial 126 finished with value: 0.7230769230769231 and parameters: {'n_layers': 12, 'lr1': 0.02, 'lr2': 0.039999999999999994, 'wd1': -8, 'wd2': -3, 'dropout': 0.1, 'dropout2': 0.6000000000000001}. Best is trial 56 with value: 0.734065934065934 and user_attrs {'test_acc': 0.7199124726477024, 'val_acc': 0.734065934065934}.[0m
[32m[I 2023-10-14 05:27:24,093][0m Trial 127 pruned. [0m
[32m[I 2023-10-14 05:27:26,026][0m Trial 128 pruned. [0m
[32m[I 2023-10-14 05:27:27,708][0m Trial 129 pruned. [0m
[32m[I 2023-10-14 05:27:58,458][0m Trial 130 finished with value: 0.7186813186813187 and parameters: {'n_layers': 12, 'lr1': 0.02, 'lr2': 0.05, 'wd1': -8, 'wd2': -3, 'dropout': 0.2, 'dropout2': 0.6000000000000001}. Best is trial 56 with value: 0.734065934065934 and user_attrs {'test_acc': 0.7199124726477024, 'val_acc': 0.734065934065934}.[0m
[32m[I 2023-10-14 05:28:21,127][0m Trial 131 finished with value: 0.7230769230769231 and parameters: {'n_layers': 12, 'lr1': 0.030000000000000002, 'lr2': 0.05, 'wd1': -8, 'wd2': -3, 'dropout': 0.2, 'dropout2': 0.5}. Best is trial 56 with value: 0.734065934065934 and user_attrs {'test_acc': 0.7199124726477024, 'val_acc': 0.734065934065934}.[0m
[32m[I 2023-10-14 05:28:52,831][0m Trial 132 finished with value: 0.7252747252747253 and parameters: {'n_layers': 12, 'lr1': 0.02, 'lr2': 0.039999999999999994, 'wd1': -8, 'wd2': -3, 'dropout': 0.1, 'dropout2': 0.6000000000000001}. Best is trial 56 with value: 0.734065934065934 and user_attrs {'test_acc': 0.7199124726477024, 'val_acc': 0.734065934065934}.[0m
[32m[I 2023-10-14 05:28:54,478][0m Trial 133 pruned. [0m
[32m[I 2023-10-14 05:28:54,570][0m [YH INFO] Prune duplicated args![0m
[32m[I 2023-10-14 05:28:54,575][0m Trial 134 pruned. [0m
[32m[I 2023-10-14 05:29:12,351][0m Trial 135 finished with value: 0.7296703296703296 and parameters: {'n_layers': 12, 'lr1': 0.009999999999999998, 'lr2': 0.039999999999999994, 'wd1': -8, 'wd2': -3, 'dropout': 0.1, 'dropout2': 0.6000000000000001}. Best is trial 56 with value: 0.734065934065934 and user_attrs {'test_acc': 0.7199124726477024, 'val_acc': 0.734065934065934}.[0m
[32m[I 2023-10-14 05:29:13,968][0m Trial 136 pruned. [0m
[32m[I 2023-10-14 05:29:31,444][0m Trial 137 finished with value: 0.7186813186813187 and parameters: {'n_layers': 12, 'lr1': 0.009999999999999998, 'lr2': 0.030000000000000002, 'wd1': -8, 'wd2': -3, 'dropout': 0.1, 'dropout2': 0.6000000000000001}. Best is trial 56 with value: 0.734065934065934 and user_attrs {'test_acc': 0.7199124726477024, 'val_acc': 0.734065934065934}.[0m
[32m[I 2023-10-14 05:29:33,095][0m Trial 138 pruned. [0m
[32m[I 2023-10-14 05:29:42,947][0m Trial 139 pruned. [0m
[32m[I 2023-10-14 05:29:44,532][0m Trial 140 pruned. [0m
[32m[I 2023-10-14 05:29:44,645][0m [YH INFO] Prune duplicated args![0m
[32m[I 2023-10-14 05:29:44,652][0m Trial 141 pruned. [0m
[32m[I 2023-10-14 05:30:16,094][0m Trial 142 finished with value: 0.7296703296703296 and parameters: {'n_layers': 12, 'lr1': 0.02, 'lr2': 0.030000000000000002, 'wd1': -8, 'wd2': -3, 'dropout': 0.1, 'dropout2': 0.6000000000000001}. Best is trial 56 with value: 0.734065934065934 and user_attrs {'test_acc': 0.7199124726477024, 'val_acc': 0.734065934065934}.[0m
[32m[I 2023-10-14 05:30:36,593][0m Trial 143 finished with value: 0.7296703296703296 and parameters: {'n_layers': 12, 'lr1': 0.02, 'lr2': 0.030000000000000002, 'wd1': -8, 'wd2': -3, 'dropout': 0.1, 'dropout2': 0.6000000000000001}. Best is trial 56 with value: 0.734065934065934 and user_attrs {'test_acc': 0.7199124726477024, 'val_acc': 0.734065934065934}.[0m
[32m[I 2023-10-14 05:30:38,378][0m Trial 144 pruned. [0m
[32m[I 2023-10-14 05:30:38,472][0m [YH INFO] Prune duplicated args![0m
[32m[I 2023-10-14 05:30:38,478][0m Trial 145 pruned. [0m
[32m[I 2023-10-14 05:30:40,037][0m Trial 146 pruned. [0m
[32m[I 2023-10-14 05:30:41,684][0m Trial 147 pruned. [0m
[32m[I 2023-10-14 05:30:43,256][0m Trial 148 pruned. [0m
[32m[I 2023-10-14 05:30:44,446][0m Trial 149 pruned. [0m
[32m[I 2023-10-14 05:31:01,180][0m Trial 150 finished with value: 0.7230769230769231 and parameters: {'n_layers': 12, 'lr1': 0.039999999999999994, 'lr2': 0.030000000000000002, 'wd1': -8, 'wd2': -3, 'dropout': 0.2, 'dropout2': 0.5}. Best is trial 56 with value: 0.734065934065934 and user_attrs {'test_acc': 0.7199124726477024, 'val_acc': 0.734065934065934}.[0m
[32m[I 2023-10-14 05:31:01,285][0m [YH INFO] Prune duplicated args![0m
[32m[I 2023-10-14 05:31:01,292][0m Trial 151 pruned. [0m
[32m[I 2023-10-14 05:31:33,177][0m Trial 152 finished with value: 0.7274725274725274 and parameters: {'n_layers': 12, 'lr1': 0.02, 'lr2': 0.030000000000000002, 'wd1': -8, 'wd2': -3, 'dropout': 0.2, 'dropout2': 0.6000000000000001}. Best is trial 56 with value: 0.734065934065934 and user_attrs {'test_acc': 0.7199124726477024, 'val_acc': 0.734065934065934}.[0m
[32m[I 2023-10-14 05:31:59,707][0m Trial 153 finished with value: 0.7274725274725274 and parameters: {'n_layers': 12, 'lr1': 0.02, 'lr2': 0.030000000000000002, 'wd1': -8, 'wd2': -3, 'dropout': 0.2, 'dropout2': 0.5}. Best is trial 56 with value: 0.734065934065934 and user_attrs {'test_acc': 0.7199124726477024, 'val_acc': 0.734065934065934}.[0m
[32m[I 2023-10-14 05:32:01,193][0m Trial 154 pruned. [0m
[32m[I 2023-10-14 05:32:01,292][0m [YH INFO] Prune duplicated args![0m
[32m[I 2023-10-14 05:32:01,298][0m Trial 155 pruned. [0m
[32m[I 2023-10-14 05:32:15,515][0m Trial 156 finished with value: 0.701098901098901 and parameters: {'n_layers': 12, 'lr1': 0.02, 'lr2': 0.030000000000000002, 'wd1': -8, 'wd2': -5, 'dropout': 0.1, 'dropout2': 0.5}. Best is trial 56 with value: 0.734065934065934 and user_attrs {'test_acc': 0.7199124726477024, 'val_acc': 0.734065934065934}.[0m
[32m[I 2023-10-14 05:32:42,166][0m Trial 157 finished with value: 0.7230769230769231 and parameters: {'n_layers': 12, 'lr1': 0.02, 'lr2': 0.030000000000000002, 'wd1': -8, 'wd2': -3, 'dropout': 0.2, 'dropout2': 0.6000000000000001}. Best is trial 56 with value: 0.734065934065934 and user_attrs {'test_acc': 0.7199124726477024, 'val_acc': 0.734065934065934}.[0m
[32m[I 2023-10-14 05:32:43,653][0m Trial 158 pruned. [0m
[32m[I 2023-10-14 05:32:43,751][0m [YH INFO] Prune duplicated args![0m
[32m[I 2023-10-14 05:32:43,757][0m Trial 159 pruned. [0m
[32m[I 2023-10-14 05:32:45,227][0m Trial 160 pruned. [0m
[32m[I 2023-10-14 05:32:45,324][0m [YH INFO] Prune duplicated args![0m
[32m[I 2023-10-14 05:32:45,330][0m Trial 161 pruned. [0m
[32m[I 2023-10-14 05:32:45,427][0m [YH INFO] Prune duplicated args![0m
[32m[I 2023-10-14 05:32:45,433][0m Trial 162 pruned. [0m
[32m[I 2023-10-14 05:32:47,056][0m Trial 163 pruned. [0m
[32m[I 2023-10-14 05:32:48,569][0m Trial 164 pruned. [0m
[32m[I 2023-10-14 05:32:48,670][0m [YH INFO] Prune duplicated args![0m
[32m[I 2023-10-14 05:32:48,675][0m Trial 165 pruned. [0m
[32m[I 2023-10-14 05:32:50,010][0m Trial 166 pruned. [0m
[32m[I 2023-10-14 05:32:51,439][0m Trial 167 pruned. [0m
[32m[I 2023-10-14 05:33:22,046][0m Trial 168 finished with value: 0.7296703296703296 and parameters: {'n_layers': 12, 'lr1': 0.02, 'lr2': 0.05, 'wd1': -8, 'wd2': -3, 'dropout': 0.1, 'dropout2': 0.5}. Best is trial 56 with value: 0.734065934065934 and user_attrs {'test_acc': 0.7199124726477024, 'val_acc': 0.734065934065934}.[0m
[32m[I 2023-10-14 05:33:52,477][0m Trial 169 finished with value: 0.7318681318681318 and parameters: {'n_layers': 12, 'lr1': 0.02, 'lr2': 0.05, 'wd1': -8, 'wd2': -3, 'dropout': 0.1, 'dropout2': 0.5}. Best is trial 56 with value: 0.734065934065934 and user_attrs {'test_acc': 0.7199124726477024, 'val_acc': 0.734065934065934}.[0m
[32m[I 2023-10-14 05:33:52,581][0m [YH INFO] Prune duplicated args![0m
[32m[I 2023-10-14 05:33:52,590][0m Trial 170 pruned. [0m
[32m[I 2023-10-14 05:33:52,687][0m [YH INFO] Prune duplicated args![0m
[32m[I 2023-10-14 05:33:52,693][0m Trial 171 pruned. [0m
[32m[I 2023-10-14 05:33:52,797][0m [YH INFO] Prune duplicated args![0m
[32m[I 2023-10-14 05:33:52,803][0m Trial 172 pruned. [0m
[32m[I 2023-10-14 05:33:54,445][0m Trial 173 pruned. [0m
[32m[I 2023-10-14 05:33:56,240][0m Trial 174 pruned. [0m
[32m[I 2023-10-14 05:33:56,342][0m [YH INFO] Prune duplicated args![0m
[32m[I 2023-10-14 05:33:56,348][0m Trial 175 pruned. [0m
[32m[I 2023-10-14 05:33:58,086][0m Trial 176 pruned. [0m
[32m[I 2023-10-14 05:34:28,026][0m Trial 177 finished with value: 0.7120879120879121 and parameters: {'n_layers': 12, 'lr1': 0.02, 'lr2': 0.05, 'wd1': -8, 'wd2': -4, 'dropout': 0.1, 'dropout2': 0.5}. Best is trial 56 with value: 0.734065934065934 and user_attrs {'test_acc': 0.7199124726477024, 'val_acc': 0.734065934065934}.[0m
[32m[I 2023-10-14 05:34:29,975][0m Trial 178 pruned. [0m
[32m[I 2023-10-14 05:34:30,080][0m [YH INFO] Prune duplicated args![0m
[32m[I 2023-10-14 05:34:30,086][0m Trial 179 pruned. [0m
[32m[I 2023-10-14 05:34:31,609][0m Trial 180 pruned. [0m
[32m[I 2023-10-14 05:34:48,174][0m Trial 181 finished with value: 0.7208791208791209 and parameters: {'n_layers': 12, 'lr1': 0.05, 'lr2': 0.02, 'wd1': -8, 'wd2': -3, 'dropout': 0.30000000000000004, 'dropout2': 0.5}. Best is trial 56 with value: 0.734065934065934 and user_attrs {'test_acc': 0.7199124726477024, 'val_acc': 0.734065934065934}.[0m
[32m[I 2023-10-14 05:34:49,695][0m Trial 182 pruned. [0m
[32m[I 2023-10-14 05:34:51,296][0m Trial 183 pruned. [0m
[32m[I 2023-10-14 05:34:51,399][0m [YH INFO] Prune duplicated args![0m
[32m[I 2023-10-14 05:34:51,405][0m Trial 184 pruned. [0m
[32m[I 2023-10-14 05:34:53,009][0m Trial 185 pruned. [0m
[32m[I 2023-10-14 05:34:54,659][0m Trial 186 pruned. [0m
[32m[I 2023-10-14 05:35:10,108][0m Trial 187 finished with value: 0.7186813186813187 and parameters: {'n_layers': 12, 'lr1': 0.05, 'lr2': 0.02, 'wd1': -8, 'wd2': -3, 'dropout': 0.30000000000000004, 'dropout2': 0.4}. Best is trial 56 with value: 0.734065934065934 and user_attrs {'test_acc': 0.7199124726477024, 'val_acc': 0.734065934065934}.[0m
[32m[I 2023-10-14 05:35:11,731][0m Trial 188 pruned. [0m
[32m[I 2023-10-14 05:35:13,427][0m Trial 189 pruned. [0m
[32m[I 2023-10-14 05:35:14,943][0m Trial 190 pruned. [0m
[32m[I 2023-10-14 05:35:35,399][0m Trial 191 finished with value: 0.7208791208791209 and parameters: {'n_layers': 12, 'lr1': 0.039999999999999994, 'lr2': 0.030000000000000002, 'wd1': -8, 'wd2': -3, 'dropout': 0.1, 'dropout2': 0.6000000000000001}. Best is trial 56 with value: 0.734065934065934 and user_attrs {'test_acc': 0.7199124726477024, 'val_acc': 0.734065934065934}.[0m
[32m[I 2023-10-14 05:35:35,501][0m [YH INFO] Prune duplicated args![0m
[32m[I 2023-10-14 05:35:35,507][0m Trial 192 pruned. [0m
[32m[I 2023-10-14 05:35:51,543][0m Trial 193 pruned. [0m
[32m[I 2023-10-14 05:36:23,308][0m Trial 194 finished with value: 0.7252747252747253 and parameters: {'n_layers': 12, 'lr1': 0.02, 'lr2': 0.039999999999999994, 'wd1': -8, 'wd2': -3, 'dropout': 0.1, 'dropout2': 0.5}. Best is trial 56 with value: 0.734065934065934 and user_attrs {'test_acc': 0.7199124726477024, 'val_acc': 0.734065934065934}.[0m
[32m[I 2023-10-14 05:36:53,908][0m Trial 195 finished with value: 0.7252747252747253 and parameters: {'n_layers': 12, 'lr1': 0.02, 'lr2': 0.05, 'wd1': -8, 'wd2': -3, 'dropout': 0.2, 'dropout2': 0.5}. Best is trial 56 with value: 0.734065934065934 and user_attrs {'test_acc': 0.7199124726477024, 'val_acc': 0.734065934065934}.[0m
[32m[I 2023-10-14 05:36:55,593][0m Trial 196 pruned. [0m
[32m[I 2023-10-14 05:37:26,326][0m Trial 197 finished with value: 0.7296703296703296 and parameters: {'n_layers': 12, 'lr1': 0.02, 'lr2': 0.039999999999999994, 'wd1': -8, 'wd2': -3, 'dropout': 0.1, 'dropout2': 0.5}. Best is trial 56 with value: 0.734065934065934 and user_attrs {'test_acc': 0.7199124726477024, 'val_acc': 0.734065934065934}.[0m
[32m[I 2023-10-14 05:37:27,979][0m Trial 198 pruned. [0m
[32m[I 2023-10-14 05:37:29,646][0m Trial 199 pruned. [0m
[32m[I 2023-10-14 05:37:31,315][0m Trial 200 pruned. [0m
[32m[I 2023-10-14 05:37:32,908][0m Trial 201 pruned. [0m
