[32m[I 2023-10-13 14:41:42,577][0m Trial 129 pruned. [0m
[32m[I 2023-10-13 14:41:44,702][0m Trial 130 pruned. [0m
[32m[I 2023-10-13 14:41:46,473][0m Trial 131 pruned. [0m
[32m[I 2023-10-13 14:42:02,334][0m Trial 132 finished with value: 0.6967032967032967 and parameters: {'n_layers': 4, 'lr1': 0.05, 'lr2': 0.05, 'wd1': -6, 'wd2': -3, 'dropout': 0.5, 'dropout2': 0.0}. Best is trial 27 with value: 0.7186813186813187 and user_attrs {'test_acc': 0.7067833698030634, 'val_acc': 0.7186813186813187}.[0m
[32m[I 2023-10-13 14:42:26,603][0m Trial 133 finished with value: 0.6967032967032967 and parameters: {'n_layers': 16, 'lr1': 0.009999999999999998, 'lr2': 0.02, 'wd1': -7, 'wd2': -7, 'dropout': 0.0, 'dropout2': 0.4}. Best is trial 27 with value: 0.7186813186813187 and user_attrs {'test_acc': 0.7067833698030634, 'val_acc': 0.7186813186813187}.[0m
[32m[I 2023-10-13 14:42:26,810][0m [YH INFO] Prune duplicated args![0m
[32m[I 2023-10-13 14:42:26,816][0m Trial 134 pruned. [0m
[32m[I 2023-10-13 14:42:28,586][0m Trial 135 pruned. [0m
[32m[I 2023-10-13 14:42:28,810][0m [YH INFO] Prune duplicated args![0m
[32m[I 2023-10-13 14:42:28,816][0m Trial 136 pruned. [0m
[32m[I 2023-10-13 14:42:52,452][0m Trial 137 finished with value: 0.6923076923076923 and parameters: {'n_layers': 16, 'lr1': 0.009999999999999998, 'lr2': 0.030000000000000002, 'wd1': -7, 'wd2': -7, 'dropout': 0.0, 'dropout2': 0.5}. Best is trial 27 with value: 0.7186813186813187 and user_attrs {'test_acc': 0.7067833698030634, 'val_acc': 0.7186813186813187}.[0m
[32m[I 2023-10-13 14:42:54,675][0m Trial 138 pruned. [0m
[32m[I 2023-10-13 14:42:56,880][0m Trial 139 pruned. [0m
[32m[I 2023-10-13 14:42:59,021][0m Trial 140 pruned. [0m
[32m[I 2023-10-13 14:43:00,762][0m Trial 141 pruned. [0m
[32m[I 2023-10-13 14:43:00,970][0m [YH INFO] Prune duplicated args![0m
[32m[I 2023-10-13 14:43:00,975][0m Trial 142 pruned. [0m
[32m[I 2023-10-13 14:43:01,182][0m [YH INFO] Prune duplicated args![0m
[32m[I 2023-10-13 14:43:01,188][0m Trial 143 pruned. [0m
[32m[I 2023-10-13 14:43:03,230][0m Trial 144 pruned. [0m
[32m[I 2023-10-13 14:43:05,370][0m Trial 145 pruned. [0m
[32m[I 2023-10-13 14:43:07,312][0m Trial 146 pruned. [0m
[32m[I 2023-10-13 14:43:09,062][0m Trial 147 pruned. [0m
[32m[I 2023-10-13 14:43:09,424][0m [YH INFO] Prune duplicated args![0m
[32m[I 2023-10-13 14:43:09,431][0m Trial 148 pruned. [0m
[32m[I 2023-10-13 14:43:09,661][0m [YH INFO] Prune duplicated args![0m
[32m[I 2023-10-13 14:43:09,667][0m Trial 149 pruned. [0m
[32m[I 2023-10-13 14:43:09,886][0m [YH INFO] Prune duplicated args![0m
[32m[I 2023-10-13 14:43:09,892][0m Trial 150 pruned. [0m
[32m[I 2023-10-13 14:43:12,177][0m Trial 151 pruned. [0m
[32m[I 2023-10-13 14:43:14,058][0m Trial 152 pruned. [0m
[32m[I 2023-10-13 14:43:31,543][0m Trial 153 finished with value: 0.7054945054945055 and parameters: {'n_layers': 8, 'lr1': 0.009999999999999998, 'lr2': 0.02, 'wd1': -7, 'wd2': -5, 'dropout': 0.1, 'dropout2': 0.4}. Best is trial 27 with value: 0.7186813186813187 and user_attrs {'test_acc': 0.7067833698030634, 'val_acc': 0.7186813186813187}.[0m
[32m[I 2023-10-13 14:43:33,276][0m Trial 154 pruned. [0m
[32m[I 2023-10-13 14:43:35,110][0m Trial 155 pruned. [0m
[32m[I 2023-10-13 14:43:36,967][0m Trial 156 pruned. [0m
[32m[I 2023-10-13 14:43:39,089][0m Trial 157 pruned. [0m
[32m[I 2023-10-13 14:43:41,089][0m Trial 158 pruned. [0m
[32m[I 2023-10-13 14:43:43,011][0m Trial 159 pruned. [0m
[32m[I 2023-10-13 14:43:44,677][0m Trial 160 pruned. [0m
[32m[I 2023-10-13 14:43:46,371][0m Trial 161 pruned. [0m
[32m[I 2023-10-13 14:43:46,606][0m [YH INFO] Prune duplicated args![0m
[32m[I 2023-10-13 14:43:46,614][0m Trial 162 pruned. [0m
[32m[I 2023-10-13 14:44:24,862][0m Trial 163 finished with value: 0.7230769230769231 and parameters: {'n_layers': 16, 'lr1': 0.05, 'lr2': 0.02, 'wd1': -7, 'wd2': -3, 'dropout': 0.0, 'dropout2': 0.4}. Best is trial 163 with value: 0.7230769230769231 and user_attrs {'test_acc': 0.6914660831509847, 'val_acc': 0.7230769230769231}.[0m
[32m[I 2023-10-13 14:44:41,345][0m Trial 164 finished with value: 0.7054945054945055 and parameters: {'n_layers': 8, 'lr1': 0.009999999999999998, 'lr2': 0.02, 'wd1': -7, 'wd2': -4, 'dropout': 0.1, 'dropout2': 0.4}. Best is trial 163 with value: 0.7230769230769231 and user_attrs {'test_acc': 0.6914660831509847, 'val_acc': 0.7230769230769231}.[0m
[32m[I 2023-10-13 14:44:43,293][0m Trial 165 pruned. [0m
[32m[I 2023-10-13 14:45:03,190][0m Trial 166 finished with value: 0.7098901098901099 and parameters: {'n_layers': 12, 'lr1': 0.009999999999999998, 'lr2': 0.02, 'wd1': -7, 'wd2': -4, 'dropout': 0.0, 'dropout2': 0.4}. Best is trial 163 with value: 0.7230769230769231 and user_attrs {'test_acc': 0.6914660831509847, 'val_acc': 0.7230769230769231}.[0m
[32m[I 2023-10-13 14:45:23,153][0m Trial 167 finished with value: 0.7164835164835165 and parameters: {'n_layers': 12, 'lr1': 0.02, 'lr2': 0.02, 'wd1': -7, 'wd2': -4, 'dropout': 0.30000000000000004, 'dropout2': 0.4}. Best is trial 163 with value: 0.7230769230769231 and user_attrs {'test_acc': 0.6914660831509847, 'val_acc': 0.7230769230769231}.[0m
[32m[I 2023-10-13 14:46:03,716][0m Trial 168 finished with value: 0.7142857142857143 and parameters: {'n_layers': 12, 'lr1': 0.02, 'lr2': 0.02, 'wd1': -7, 'wd2': -4, 'dropout': 0.1, 'dropout2': 0.4}. Best is trial 163 with value: 0.7230769230769231 and user_attrs {'test_acc': 0.6914660831509847, 'val_acc': 0.7230769230769231}.[0m
[32m[I 2023-10-13 14:46:31,802][0m Trial 169 finished with value: 0.7142857142857143 and parameters: {'n_layers': 12, 'lr1': 0.02, 'lr2': 0.02, 'wd1': -7, 'wd2': -4, 'dropout': 0.1, 'dropout2': 0.4}. Best is trial 163 with value: 0.7230769230769231 and user_attrs {'test_acc': 0.6914660831509847, 'val_acc': 0.7230769230769231}.[0m
[32m[I 2023-10-13 14:46:32,062][0m [YH INFO] Prune duplicated args![0m
[32m[I 2023-10-13 14:46:32,068][0m Trial 170 pruned. [0m
[32m[I 2023-10-13 14:46:32,297][0m [YH INFO] Prune duplicated args![0m
[32m[I 2023-10-13 14:46:32,303][0m Trial 171 pruned. [0m
[32m[I 2023-10-13 14:46:32,645][0m [YH INFO] Prune duplicated args![0m
[32m[I 2023-10-13 14:46:32,651][0m Trial 172 pruned. [0m
[32m[I 2023-10-13 14:46:32,886][0m [YH INFO] Prune duplicated args![0m
[32m[I 2023-10-13 14:46:32,892][0m Trial 173 pruned. [0m
[32m[I 2023-10-13 14:46:33,116][0m [YH INFO] Prune duplicated args![0m
[32m[I 2023-10-13 14:46:33,123][0m Trial 174 pruned. [0m
[32m[I 2023-10-13 14:46:52,115][0m Trial 175 finished with value: 0.7032967032967034 and parameters: {'n_layers': 12, 'lr1': 0.030000000000000002, 'lr2': 0.02, 'wd1': -7, 'wd2': -4, 'dropout': 0.30000000000000004, 'dropout2': 0.4}. Best is trial 163 with value: 0.7230769230769231 and user_attrs {'test_acc': 0.6914660831509847, 'val_acc': 0.7230769230769231}.[0m
[32m[I 2023-10-13 14:47:11,958][0m Trial 176 finished with value: 0.7032967032967034 and parameters: {'n_layers': 12, 'lr1': 0.030000000000000002, 'lr2': 0.02, 'wd1': -7, 'wd2': -4, 'dropout': 0.30000000000000004, 'dropout2': 0.4}. Best is trial 163 with value: 0.7230769230769231 and user_attrs {'test_acc': 0.6914660831509847, 'val_acc': 0.7230769230769231}.[0m
[32m[I 2023-10-13 14:47:12,168][0m [YH INFO] Prune duplicated args![0m
[32m[I 2023-10-13 14:47:12,174][0m Trial 177 pruned. [0m
[32m[I 2023-10-13 14:47:12,485][0m [YH INFO] Prune duplicated args![0m
[32m[I 2023-10-13 14:47:12,492][0m Trial 178 pruned. [0m
[32m[I 2023-10-13 14:47:32,073][0m Trial 179 finished with value: 0.7186813186813187 and parameters: {'n_layers': 12, 'lr1': 0.030000000000000002, 'lr2': 0.02, 'wd1': -7, 'wd2': -4, 'dropout': 0.30000000000000004, 'dropout2': 0.5}. Best is trial 163 with value: 0.7230769230769231 and user_attrs {'test_acc': 0.6914660831509847, 'val_acc': 0.7230769230769231}.[0m
[32m[I 2023-10-13 14:47:52,750][0m Trial 180 finished with value: 0.7186813186813187 and parameters: {'n_layers': 12, 'lr1': 0.030000000000000002, 'lr2': 0.02, 'wd1': -7, 'wd2': -4, 'dropout': 0.30000000000000004, 'dropout2': 0.5}. Best is trial 163 with value: 0.7230769230769231 and user_attrs {'test_acc': 0.6914660831509847, 'val_acc': 0.7230769230769231}.[0m
[32m[I 2023-10-13 14:47:53,074][0m [YH INFO] Prune duplicated args![0m
[32m[I 2023-10-13 14:47:53,080][0m Trial 181 pruned. [0m
[32m[I 2023-10-13 14:47:53,311][0m [YH INFO] Prune duplicated args![0m
[32m[I 2023-10-13 14:47:53,317][0m Trial 182 pruned. [0m
[32m[I 2023-10-13 14:47:53,571][0m [YH INFO] Prune duplicated args![0m
[32m[I 2023-10-13 14:47:53,577][0m Trial 183 pruned. [0m
[32m[I 2023-10-13 14:47:55,751][0m Trial 184 pruned. [0m
[32m[I 2023-10-13 14:48:17,015][0m Trial 185 finished with value: 0.7208791208791209 and parameters: {'n_layers': 12, 'lr1': 0.02, 'lr2': 0.02, 'wd1': -7, 'wd2': -4, 'dropout': 0.30000000000000004, 'dropout2': 0.5}. Best is trial 163 with value: 0.7230769230769231 and user_attrs {'test_acc': 0.6914660831509847, 'val_acc': 0.7230769230769231}.[0m
[32m[I 2023-10-13 14:48:36,366][0m Trial 186 finished with value: 0.7208791208791209 and parameters: {'n_layers': 12, 'lr1': 0.02, 'lr2': 0.02, 'wd1': -7, 'wd2': -4, 'dropout': 0.30000000000000004, 'dropout2': 0.5}. Best is trial 163 with value: 0.7230769230769231 and user_attrs {'test_acc': 0.6914660831509847, 'val_acc': 0.7230769230769231}.[0m
[32m[I 2023-10-13 14:48:56,888][0m Trial 187 finished with value: 0.7120879120879121 and parameters: {'n_layers': 12, 'lr1': 0.02, 'lr2': 0.02, 'wd1': -7, 'wd2': -4, 'dropout': 0.30000000000000004, 'dropout2': 0.6000000000000001}. Best is trial 163 with value: 0.7230769230769231 and user_attrs {'test_acc': 0.6914660831509847, 'val_acc': 0.7230769230769231}.[0m
[32m[I 2023-10-13 14:49:17,675][0m Trial 188 finished with value: 0.7120879120879121 and parameters: {'n_layers': 12, 'lr1': 0.02, 'lr2': 0.02, 'wd1': -7, 'wd2': -4, 'dropout': 0.30000000000000004, 'dropout2': 0.6000000000000001}. Best is trial 163 with value: 0.7230769230769231 and user_attrs {'test_acc': 0.6914660831509847, 'val_acc': 0.7230769230769231}.[0m
[32m[I 2023-10-13 14:49:18,004][0m [YH INFO] Prune duplicated args![0m
[32m[I 2023-10-13 14:49:18,010][0m Trial 189 pruned. [0m
[32m[I 2023-10-13 14:49:19,982][0m Trial 190 pruned. [0m
[32m[I 2023-10-13 14:49:42,470][0m Trial 191 finished with value: 0.7098901098901099 and parameters: {'n_layers': 12, 'lr1': 0.02, 'lr2': 0.030000000000000002, 'wd1': -7, 'wd2': -4, 'dropout': 0.30000000000000004, 'dropout2': 0.6000000000000001}. Best is trial 163 with value: 0.7230769230769231 and user_attrs {'test_acc': 0.6914660831509847, 'val_acc': 0.7230769230769231}.[0m
[32m[I 2023-10-13 14:50:04,098][0m Trial 192 finished with value: 0.7076923076923077 and parameters: {'n_layers': 12, 'lr1': 0.02, 'lr2': 0.030000000000000002, 'wd1': -7, 'wd2': -4, 'dropout': 0.30000000000000004, 'dropout2': 0.6000000000000001}. Best is trial 163 with value: 0.7230769230769231 and user_attrs {'test_acc': 0.6914660831509847, 'val_acc': 0.7230769230769231}.[0m
[32m[I 2023-10-13 14:50:04,335][0m [YH INFO] Prune duplicated args![0m
[32m[I 2023-10-13 14:50:04,341][0m Trial 193 pruned. [0m
[32m[I 2023-10-13 14:50:04,691][0m [YH INFO] Prune duplicated args![0m
[32m[I 2023-10-13 14:50:04,698][0m Trial 194 pruned. [0m
[32m[I 2023-10-13 14:50:04,934][0m [YH INFO] Prune duplicated args![0m
[32m[I 2023-10-13 14:50:04,940][0m Trial 195 pruned. [0m
[32m[I 2023-10-13 14:50:07,203][0m Trial 196 pruned. [0m
[32m[I 2023-10-13 14:50:07,466][0m [YH INFO] Prune duplicated args![0m
[32m[I 2023-10-13 14:50:07,475][0m Trial 197 pruned. [0m
[32m[I 2023-10-13 14:50:07,799][0m [YH INFO] Prune duplicated args![0m
[32m[I 2023-10-13 14:50:07,806][0m Trial 198 pruned. [0m
[32m[I 2023-10-13 14:50:10,028][0m Trial 199 pruned. [0m
[32m[I 2023-10-13 14:50:11,943][0m Trial 200 pruned. [0m
[32m[I 2023-10-13 14:50:12,367][0m [YH INFO] Prune duplicated args![0m
[32m[I 2023-10-13 14:50:12,373][0m Trial 201 pruned. [0m
[32m[I 2023-10-13 14:50:14,387][0m Trial 202 pruned. [0m
[32m[I 2023-10-13 14:50:14,613][0m [YH INFO] Prune duplicated args![0m
[32m[I 2023-10-13 14:50:14,619][0m Trial 203 pruned. [0m
[32m[I 2023-10-13 14:50:14,977][0m [YH INFO] Prune duplicated args![0m
[32m[I 2023-10-13 14:50:14,984][0m Trial 204 pruned. [0m
[32m[I 2023-10-13 14:50:15,206][0m [YH INFO] Prune duplicated args![0m
[32m[I 2023-10-13 14:50:15,212][0m Trial 205 pruned. [0m
[32m[I 2023-10-13 14:50:15,434][0m [YH INFO] Prune duplicated args![0m
[32m[I 2023-10-13 14:50:15,440][0m Trial 206 pruned. [0m
[32m[I 2023-10-13 14:50:35,672][0m Trial 207 finished with value: 0.7054945054945055 and parameters: {'n_layers': 12, 'lr1': 0.02, 'lr2': 0.030000000000000002, 'wd1': -7, 'wd2': -4, 'dropout': 0.4, 'dropout2': 0.5}. Best is trial 163 with value: 0.7230769230769231 and user_attrs {'test_acc': 0.6914660831509847, 'val_acc': 0.7230769230769231}.[0m
[32m[I 2023-10-13 14:50:35,905][0m [YH INFO] Prune duplicated args![0m
[32m[I 2023-10-13 14:50:35,911][0m Trial 208 pruned. [0m
[32m[I 2023-10-13 14:50:55,939][0m Trial 209 finished with value: 0.7054945054945055 and parameters: {'n_layers': 12, 'lr1': 0.02, 'lr2': 0.030000000000000002, 'wd1': -7, 'wd2': -4, 'dropout': 0.4, 'dropout2': 0.5}. Best is trial 163 with value: 0.7230769230769231 and user_attrs {'test_acc': 0.6914660831509847, 'val_acc': 0.7230769230769231}.[0m
[32m[I 2023-10-13 14:50:56,172][0m [YH INFO] Prune duplicated args![0m
[32m[I 2023-10-13 14:50:56,178][0m Trial 210 pruned. [0m
[32m[I 2023-10-13 14:50:56,414][0m [YH INFO] Prune duplicated args![0m
[32m[I 2023-10-13 14:50:56,420][0m Trial 211 pruned. [0m
[32m[I 2023-10-13 14:50:56,764][0m [YH INFO] Prune duplicated args![0m
[32m[I 2023-10-13 14:50:56,770][0m Trial 212 pruned. [0m
