[32m[I 2023-10-14 05:50:12,406][0m Trial 123 finished with value: 0.6134615384615385 and parameters: {'n_layers': 16, 'lr1': 0.039999999999999994, 'lr2': 0.039999999999999994, 'wd1': -8, 'wd2': -4, 'dropout': 0.1, 'dropout2': 0.2}. Best is trial 29 with value: 0.6326923076923077 and user_attrs {'test_acc': 0.6099903938520653, 'val_acc': 0.6326923076923077}.[0m
[32m[I 2023-10-14 05:50:16,063][0m Trial 124 pruned. [0m
[32m[I 2023-10-14 05:50:19,352][0m Trial 125 pruned. [0m
[32m[I 2023-10-14 05:50:22,888][0m Trial 126 pruned. [0m
[32m[I 2023-10-14 05:50:27,299][0m Trial 127 pruned. [0m
[32m[I 2023-10-14 05:50:30,758][0m Trial 128 pruned. [0m
[32m[I 2023-10-14 05:50:30,856][0m [YH INFO] Prune duplicated args![0m
[32m[I 2023-10-14 05:50:30,862][0m Trial 129 pruned. [0m
[32m[I 2023-10-14 05:51:12,841][0m Trial 130 finished with value: 0.625 and parameters: {'n_layers': 16, 'lr1': 0.030000000000000002, 'lr2': 0.039999999999999994, 'wd1': -6, 'wd2': -4, 'dropout': 0.1, 'dropout2': 0.1}. Best is trial 29 with value: 0.6326923076923077 and user_attrs {'test_acc': 0.6099903938520653, 'val_acc': 0.6326923076923077}.[0m
[32m[I 2023-10-14 05:51:45,226][0m Trial 131 finished with value: 0.6211538461538462 and parameters: {'n_layers': 16, 'lr1': 0.02, 'lr2': 0.039999999999999994, 'wd1': -6, 'wd2': -4, 'dropout': 0.1, 'dropout2': 0.1}. Best is trial 29 with value: 0.6326923076923077 and user_attrs {'test_acc': 0.6099903938520653, 'val_acc': 0.6326923076923077}.[0m
[32m[I 2023-10-14 05:51:48,715][0m Trial 132 pruned. [0m
[32m[I 2023-10-14 05:51:48,854][0m [YH INFO] Prune duplicated args![0m
[32m[I 2023-10-14 05:51:48,868][0m Trial 133 pruned. [0m
[32m[I 2023-10-14 05:51:52,253][0m Trial 134 pruned. [0m
[32m[I 2023-10-14 05:51:55,708][0m Trial 135 pruned. [0m
[32m[I 2023-10-14 05:51:59,278][0m Trial 136 pruned. [0m
[32m[I 2023-10-14 05:52:02,865][0m Trial 137 pruned. [0m
[32m[I 2023-10-14 05:52:09,615][0m Trial 138 pruned. [0m
[32m[I 2023-10-14 05:52:13,052][0m Trial 139 pruned. [0m
[32m[I 2023-10-14 05:52:16,501][0m Trial 140 pruned. [0m
[32m[I 2023-10-14 05:52:16,649][0m [YH INFO] Prune duplicated args![0m
[32m[I 2023-10-14 05:52:16,662][0m Trial 141 pruned. [0m
[32m[I 2023-10-14 05:52:20,430][0m Trial 142 pruned. [0m
[32m[I 2023-10-14 05:52:26,018][0m Trial 143 pruned. [0m
[32m[I 2023-10-14 05:53:19,215][0m Trial 144 finished with value: 0.6173076923076923 and parameters: {'n_layers': 16, 'lr1': 0.02, 'lr2': 0.039999999999999994, 'wd1': -8, 'wd2': -4, 'dropout': 0.2, 'dropout2': 0.2}. Best is trial 29 with value: 0.6326923076923077 and user_attrs {'test_acc': 0.6099903938520653, 'val_acc': 0.6326923076923077}.[0m
[32m[I 2023-10-14 05:53:22,840][0m Trial 145 pruned. [0m
[32m[I 2023-10-14 05:53:26,403][0m Trial 146 pruned. [0m
[32m[I 2023-10-14 05:54:01,793][0m Trial 147 finished with value: 0.6201923076923077 and parameters: {'n_layers': 16, 'lr1': 0.039999999999999994, 'lr2': 0.039999999999999994, 'wd1': -6, 'wd2': -4, 'dropout': 0.1, 'dropout2': 0.1}. Best is trial 29 with value: 0.6326923076923077 and user_attrs {'test_acc': 0.6099903938520653, 'val_acc': 0.6326923076923077}.[0m
[32m[I 2023-10-14 05:54:05,277][0m Trial 148 pruned. [0m
[32m[I 2023-10-14 05:54:08,726][0m Trial 149 pruned. [0m
[32m[I 2023-10-14 05:54:12,203][0m Trial 150 pruned. [0m
[32m[I 2023-10-14 05:54:48,406][0m Trial 151 finished with value: 0.6153846153846154 and parameters: {'n_layers': 16, 'lr1': 0.02, 'lr2': 0.039999999999999994, 'wd1': -6, 'wd2': -4, 'dropout': 0.1, 'dropout2': 0.1}. Best is trial 29 with value: 0.6326923076923077 and user_attrs {'test_acc': 0.6099903938520653, 'val_acc': 0.6326923076923077}.[0m
[32m[I 2023-10-14 05:54:48,508][0m [YH INFO] Prune duplicated args![0m
[32m[I 2023-10-14 05:54:48,514][0m Trial 152 pruned. [0m
[32m[I 2023-10-14 05:54:48,621][0m [YH INFO] Prune duplicated args![0m
[32m[I 2023-10-14 05:54:48,627][0m Trial 153 pruned. [0m
[32m[I 2023-10-14 05:54:48,723][0m [YH INFO] Prune duplicated args![0m
[32m[I 2023-10-14 05:54:48,735][0m Trial 154 pruned. [0m
[32m[I 2023-10-14 05:54:52,955][0m Trial 155 pruned. [0m
[32m[I 2023-10-14 05:54:59,934][0m Trial 156 pruned. [0m
[32m[I 2023-10-14 05:56:01,280][0m Trial 157 finished with value: 0.6115384615384616 and parameters: {'n_layers': 16, 'lr1': 0.05, 'lr2': 0.05, 'wd1': -6, 'wd2': -4, 'dropout': 0.30000000000000004, 'dropout2': 0.0}. Best is trial 29 with value: 0.6326923076923077 and user_attrs {'test_acc': 0.6099903938520653, 'val_acc': 0.6326923076923077}.[0m
[32m[I 2023-10-14 05:56:04,964][0m Trial 158 pruned. [0m
[32m[I 2023-10-14 05:56:08,331][0m Trial 159 pruned. [0m
[32m[I 2023-10-14 05:56:12,008][0m Trial 160 pruned. [0m
[32m[I 2023-10-14 05:56:56,934][0m Trial 161 finished with value: 0.6259615384615385 and parameters: {'n_layers': 16, 'lr1': 0.039999999999999994, 'lr2': 0.039999999999999994, 'wd1': -6, 'wd2': -4, 'dropout': 0.1, 'dropout2': 0.1}. Best is trial 29 with value: 0.6326923076923077 and user_attrs {'test_acc': 0.6099903938520653, 'val_acc': 0.6326923076923077}.[0m
[32m[I 2023-10-14 05:56:57,029][0m [YH INFO] Prune duplicated args![0m
[32m[I 2023-10-14 05:56:57,034][0m Trial 162 pruned. [0m
[32m[I 2023-10-14 05:56:57,127][0m [YH INFO] Prune duplicated args![0m
[32m[I 2023-10-14 05:56:57,133][0m Trial 163 pruned. [0m
[32m[I 2023-10-14 05:56:57,225][0m [YH INFO] Prune duplicated args![0m
[32m[I 2023-10-14 05:56:57,231][0m Trial 164 pruned. [0m
[32m[I 2023-10-14 05:57:47,969][0m Trial 165 finished with value: 0.6221153846153846 and parameters: {'n_layers': 16, 'lr1': 0.039999999999999994, 'lr2': 0.039999999999999994, 'wd1': -6, 'wd2': -4, 'dropout': 0.1, 'dropout2': 0.2}. Best is trial 29 with value: 0.6326923076923077 and user_attrs {'test_acc': 0.6099903938520653, 'val_acc': 0.6326923076923077}.[0m
[32m[I 2023-10-14 05:57:56,885][0m Trial 166 pruned. [0m
[32m[I 2023-10-14 05:58:00,426][0m Trial 167 pruned. [0m
[32m[I 2023-10-14 05:58:03,676][0m Trial 168 pruned. [0m
[32m[I 2023-10-14 05:58:07,399][0m Trial 169 pruned. [0m
[32m[I 2023-10-14 05:58:13,201][0m Trial 170 pruned. [0m
[32m[I 2023-10-14 05:58:16,601][0m Trial 171 pruned. [0m
[32m[I 2023-10-14 05:58:20,136][0m Trial 172 pruned. [0m
[32m[I 2023-10-14 05:59:01,397][0m Trial 173 finished with value: 0.6240384615384615 and parameters: {'n_layers': 16, 'lr1': 0.039999999999999994, 'lr2': 0.039999999999999994, 'wd1': -6, 'wd2': -4, 'dropout': 0.1, 'dropout2': 0.2}. Best is trial 29 with value: 0.6326923076923077 and user_attrs {'test_acc': 0.6099903938520653, 'val_acc': 0.6326923076923077}.[0m
[32m[I 2023-10-14 05:59:01,494][0m [YH INFO] Prune duplicated args![0m
[32m[I 2023-10-14 05:59:01,500][0m Trial 174 pruned. [0m
[32m[I 2023-10-14 05:59:05,028][0m Trial 175 pruned. [0m
[32m[I 2023-10-14 05:59:43,023][0m Trial 176 finished with value: 0.6211538461538462 and parameters: {'n_layers': 16, 'lr1': 0.039999999999999994, 'lr2': 0.039999999999999994, 'wd1': -8, 'wd2': -4, 'dropout': 0.1, 'dropout2': 0.2}. Best is trial 29 with value: 0.6326923076923077 and user_attrs {'test_acc': 0.6099903938520653, 'val_acc': 0.6326923076923077}.[0m
[32m[I 2023-10-14 06:00:30,843][0m Trial 177 finished with value: 0.6278846153846154 and parameters: {'n_layers': 16, 'lr1': 0.05, 'lr2': 0.039999999999999994, 'wd1': -6, 'wd2': -4, 'dropout': 0.1, 'dropout2': 0.2}. Best is trial 29 with value: 0.6326923076923077 and user_attrs {'test_acc': 0.6099903938520653, 'val_acc': 0.6326923076923077}.[0m
[32m[I 2023-10-14 06:00:34,226][0m Trial 178 pruned. [0m
[32m[I 2023-10-14 06:00:37,541][0m Trial 179 pruned. [0m
[32m[I 2023-10-14 06:00:40,848][0m Trial 180 pruned. [0m
[32m[I 2023-10-14 06:00:40,945][0m [YH INFO] Prune duplicated args![0m
[32m[I 2023-10-14 06:00:40,952][0m Trial 181 pruned. [0m
[32m[I 2023-10-14 06:00:44,727][0m Trial 182 pruned. [0m
[32m[I 2023-10-14 06:00:44,826][0m [YH INFO] Prune duplicated args![0m
[32m[I 2023-10-14 06:00:44,831][0m Trial 183 pruned. [0m
[32m[I 2023-10-14 06:00:48,450][0m Trial 184 pruned. [0m
[32m[I 2023-10-14 06:00:51,241][0m Trial 185 pruned. [0m
[32m[I 2023-10-14 06:00:54,711][0m Trial 186 pruned. [0m
[32m[I 2023-10-14 06:00:58,282][0m Trial 187 pruned. [0m
[32m[I 2023-10-14 06:01:03,227][0m Trial 188 pruned. [0m
[32m[I 2023-10-14 06:01:06,621][0m Trial 189 pruned. [0m
[32m[I 2023-10-14 06:01:10,260][0m Trial 190 pruned. [0m
[32m[I 2023-10-14 06:01:13,800][0m Trial 191 pruned. [0m
[32m[I 2023-10-14 06:01:48,635][0m Trial 192 finished with value: 0.6240384615384615 and parameters: {'n_layers': 16, 'lr1': 0.030000000000000002, 'lr2': 0.039999999999999994, 'wd1': -6, 'wd2': -4, 'dropout': 0.1, 'dropout2': 0.1}. Best is trial 29 with value: 0.6326923076923077 and user_attrs {'test_acc': 0.6099903938520653, 'val_acc': 0.6326923076923077}.[0m
[32m[I 2023-10-14 06:01:52,181][0m Trial 193 pruned. [0m
[32m[I 2023-10-14 06:01:52,282][0m [YH INFO] Prune duplicated args![0m
[32m[I 2023-10-14 06:01:52,288][0m Trial 194 pruned. [0m
[32m[I 2023-10-14 06:01:52,387][0m [YH INFO] Prune duplicated args![0m
[32m[I 2023-10-14 06:01:52,393][0m Trial 195 pruned. [0m
[32m[I 2023-10-14 06:01:56,695][0m Trial 196 pruned. [0m
[32m[I 2023-10-14 06:02:00,835][0m Trial 197 pruned. [0m
[32m[I 2023-10-14 06:02:04,129][0m Trial 198 pruned. [0m
[32m[I 2023-10-14 06:02:07,517][0m Trial 199 pruned. [0m
[32m[I 2023-10-14 06:02:11,998][0m Trial 200 pruned. [0m
[32m[I 2023-10-14 06:02:15,371][0m Trial 201 pruned. [0m
