[32m[I 2023-10-14 04:54:50,961][0m Using an existing study with name 'woselfloop-geom-chameleon' instead of creating a new one.[0m
WARNING:root:The OGB package is out of date. Your version is 1.3.5, while the latest version is 1.3.6.
[32m[I 2023-10-14 04:58:13,142][0m A new study created in RDB with name: woselfloop-geom-chameleon[0m
/home/yuhe_guo/repos/polyFilterPlayground/data/geom_dataloader.py:36: RuntimeWarning: divide by zero encountered in power
  r_inv = np.power(rowsum, -1).flatten()
/home/yuhe_guo/repos/polyFilterPlayground/data/geom_dataloader.py:95: FutureWarning: adjacency_matrix will return a scipy.sparse array instead of a matrix in Networkx 3.0.
  adj = nx.adjacency_matrix(G, sorted(G.nodes()))
/home/yuhe_guo/repos/polyFilterPlayground/data/geom_dataloader.py:96: UserWarning: Creating a tensor from a list of numpy.ndarrays is extremely slow. Please consider converting the list to a single numpy.ndarray with numpy.array() before converting to a tensor. (Triggered internally at  ../torch/csrc/utils/tensor_new.cpp:201.)
  edge_index = th.Tensor(adj.nonzero())
WARNING:root:The OGB package is out of date. Your version is 1.3.5, while the latest version is 1.3.6.
[32m[I 2023-10-14 04:59:00,990][0m Trial 0 finished with value: 0.6131868131868132 and parameters: {'n_layers': 8, 'lr1': 0.039999999999999994, 'lr2': -0.02, 'wd1': -3, 'wd2': -7, 'dropout': 0.30000000000000004, 'dropout2': 0.7000000000000001}. Best is trial 0 with value: 0.6131868131868132 and user_attrs {'test_acc': 0.5929978118161926, 'val_acc': 0.6131868131868132}.[0m
[32m[I 2023-10-14 04:59:11,584][0m Trial 1 finished with value: 0.6791208791208792 and parameters: {'n_layers': 4, 'lr1': 0.05, 'lr2': 0.02, 'wd1': -5, 'wd2': -8, 'dropout': 0.30000000000000004, 'dropout2': 0.30000000000000004}. Best is trial 1 with value: 0.6791208791208792 and user_attrs {'test_acc': 0.6433260393873085, 'val_acc': 0.6791208791208792}.[0m
[32m[I 2023-10-14 05:00:03,491][0m Trial 2 finished with value: 0.6879120879120879 and parameters: {'n_layers': 20, 'lr1': -0.02, 'lr2': -0.02, 'wd1': -8, 'wd2': -6, 'dropout': 0.0, 'dropout2': 0.1}. Best is trial 2 with value: 0.6879120879120879 and user_attrs {'test_acc': 0.6805251641137856, 'val_acc': 0.6879120879120879}.[0m
[32m[I 2023-10-14 05:00:21,254][0m Trial 3 finished with value: 0.6813186813186813 and parameters: {'n_layers': 12, 'lr1': 0.039999999999999994, 'lr2': 0.02, 'wd1': -8, 'wd2': -4, 'dropout': 0.5, 'dropout2': 0.6000000000000001}. Best is trial 2 with value: 0.6879120879120879 and user_attrs {'test_acc': 0.6805251641137856, 'val_acc': 0.6879120879120879}.[0m
[32m[I 2023-10-14 05:01:02,503][0m Trial 4 finished with value: 0.6967032967032967 and parameters: {'n_layers': 12, 'lr1': 0.05, 'lr2': -0.02, 'wd1': -8, 'wd2': -3, 'dropout': 0.5, 'dropout2': 0.30000000000000004}. Best is trial 4 with value: 0.6967032967032967 and user_attrs {'test_acc': 0.6849015317286652, 'val_acc': 0.6967032967032967}.[0m
[32m[I 2023-10-14 05:01:03,961][0m Trial 5 pruned. [0m
[32m[I 2023-10-14 05:01:05,566][0m Trial 6 pruned. [0m
[32m[I 2023-10-14 05:01:57,175][0m Trial 7 finished with value: 0.6967032967032967 and parameters: {'n_layers': 16, 'lr1': 0.030000000000000002, 'lr2': 0.030000000000000002, 'wd1': -7, 'wd2': -3, 'dropout': 0.7000000000000001, 'dropout2': 0.1}. Best is trial 4 with value: 0.6967032967032967 and user_attrs {'test_acc': 0.6849015317286652, 'val_acc': 0.6967032967032967}.[0m
[32m[I 2023-10-14 05:01:59,044][0m Trial 8 pruned. [0m
[32m[I 2023-10-14 05:02:00,455][0m Trial 9 pruned. [0m
[32m[I 2023-10-14 05:02:40,702][0m Trial 10 finished with value: 0.7054945054945055 and parameters: {'n_layers': 20, 'lr1': 0.009999999999999998, 'lr2': 0.05, 'wd1': -6, 'wd2': -4, 'dropout': 0.6000000000000001, 'dropout2': 0.0}. Best is trial 10 with value: 0.7054945054945055 and user_attrs {'test_acc': 0.7155361050328227, 'val_acc': 0.7054945054945055}.[0m
[32m[I 2023-10-14 05:02:42,555][0m Trial 11 pruned. [0m
[32m[I 2023-10-14 05:03:28,963][0m Trial 12 finished with value: 0.701098901098901 and parameters: {'n_layers': 16, 'lr1': 0.009999999999999998, 'lr2': 0.05, 'wd1': -6, 'wd2': -4, 'dropout': 0.5, 'dropout2': 0.2}. Best is trial 10 with value: 0.7054945054945055 and user_attrs {'test_acc': 0.7155361050328227, 'val_acc': 0.7054945054945055}.[0m
[32m[I 2023-10-14 05:03:30,715][0m Trial 13 pruned. [0m
[32m[I 2023-10-14 05:04:07,397][0m Trial 14 finished with value: 0.6901098901098901 and parameters: {'n_layers': 20, 'lr1': 0.0, 'lr2': 0.039999999999999994, 'wd1': -5, 'wd2': -4, 'dropout': 0.1, 'dropout2': 0.2}. Best is trial 10 with value: 0.7054945054945055 and user_attrs {'test_acc': 0.7155361050328227, 'val_acc': 0.7054945054945055}.[0m
[32m[I 2023-10-14 05:04:26,356][0m Trial 15 finished with value: 0.6681318681318681 and parameters: {'n_layers': 16, 'lr1': 0.02, 'lr2': 0.039999999999999994, 'wd1': -7, 'wd2': -5, 'dropout': 0.5, 'dropout2': 0.2}. Best is trial 10 with value: 0.7054945054945055 and user_attrs {'test_acc': 0.7155361050328227, 'val_acc': 0.7054945054945055}.[0m
[32m[I 2023-10-14 05:04:28,371][0m Trial 16 pruned. [0m
[32m[I 2023-10-14 05:04:29,977][0m Trial 17 pruned. [0m
[32m[I 2023-10-14 05:04:34,026][0m Trial 18 pruned. [0m
[32m[I 2023-10-14 05:04:35,548][0m Trial 19 pruned. [0m
[32m[I 2023-10-14 05:04:37,512][0m Trial 20 pruned. [0m
[32m[I 2023-10-14 05:04:39,149][0m Trial 21 pruned. [0m
[32m[I 2023-10-14 05:04:40,727][0m Trial 22 pruned. [0m
[32m[I 2023-10-14 05:05:23,163][0m Trial 23 finished with value: 0.7296703296703296 and parameters: {'n_layers': 16, 'lr1': 0.009999999999999998, 'lr2': 0.05, 'wd1': -8, 'wd2': -4, 'dropout': 0.2, 'dropout2': 0.1}. Best is trial 23 with value: 0.7296703296703296 and user_attrs {'test_acc': 0.7155361050328227, 'val_acc': 0.7296703296703296}.[0m
[32m[I 2023-10-14 05:05:55,960][0m Trial 24 finished with value: 0.7032967032967034 and parameters: {'n_layers': 20, 'lr1': 0.009999999999999998, 'lr2': 0.05, 'wd1': -6, 'wd2': -4, 'dropout': 0.1, 'dropout2': 0.1}. Best is trial 23 with value: 0.7296703296703296 and user_attrs {'test_acc': 0.7155361050328227, 'val_acc': 0.7296703296703296}.[0m
[32m[I 2023-10-14 05:06:23,557][0m Trial 25 finished with value: 0.6923076923076923 and parameters: {'n_layers': 20, 'lr1': 0.0, 'lr2': 0.05, 'wd1': -5, 'wd2': -5, 'dropout': 0.1, 'dropout2': 0.1}. Best is trial 23 with value: 0.7296703296703296 and user_attrs {'test_acc': 0.7155361050328227, 'val_acc': 0.7296703296703296}.[0m
[32m[I 2023-10-14 05:06:25,591][0m Trial 26 pruned. [0m
[32m[I 2023-10-14 05:06:56,884][0m Trial 27 finished with value: 0.6923076923076923 and parameters: {'n_layers': 20, 'lr1': 0.02, 'lr2': 0.030000000000000002, 'wd1': -6, 'wd2': -5, 'dropout': 0.2, 'dropout2': 0.1}. Best is trial 23 with value: 0.7296703296703296 and user_attrs {'test_acc': 0.7155361050328227, 'val_acc': 0.7296703296703296}.[0m
[32m[I 2023-10-14 05:06:58,798][0m Trial 28 pruned. [0m
[32m[I 2023-10-14 05:07:00,634][0m Trial 29 pruned. [0m
[32m[I 2023-10-14 05:07:14,580][0m Trial 30 finished with value: 0.6945054945054945 and parameters: {'n_layers': 4, 'lr1': 0.030000000000000002, 'lr2': 0.05, 'wd1': -5, 'wd2': -7, 'dropout': 0.2, 'dropout2': 0.2}. Best is trial 23 with value: 0.7296703296703296 and user_attrs {'test_acc': 0.7155361050328227, 'val_acc': 0.7296703296703296}.[0m
[32m[I 2023-10-14 05:07:17,781][0m Trial 31 pruned. [0m
[32m[I 2023-10-14 05:07:50,475][0m Trial 32 finished with value: 0.7098901098901099 and parameters: {'n_layers': 16, 'lr1': 0.009999999999999998, 'lr2': 0.039999999999999994, 'wd1': -6, 'wd2': -4, 'dropout': 0.2, 'dropout2': 0.2}. Best is trial 23 with value: 0.7296703296703296 and user_attrs {'test_acc': 0.7155361050328227, 'val_acc': 0.7296703296703296}.[0m
[32m[I 2023-10-14 05:08:29,650][0m Trial 33 finished with value: 0.6967032967032967 and parameters: {'n_layers': 20, 'lr1': 0.02, 'lr2': 0.039999999999999994, 'wd1': -5, 'wd2': -4, 'dropout': 0.0, 'dropout2': 0.1}. Best is trial 23 with value: 0.7296703296703296 and user_attrs {'test_acc': 0.7155361050328227, 'val_acc': 0.7296703296703296}.[0m
[32m[I 2023-10-14 05:08:31,620][0m Trial 34 pruned. [0m
[32m[I 2023-10-14 05:08:55,466][0m Trial 35 finished with value: 0.7098901098901099 and parameters: {'n_layers': 20, 'lr1': 0.009999999999999998, 'lr2': 0.030000000000000002, 'wd1': -6, 'wd2': -3, 'dropout': 0.1, 'dropout2': 0.2}. Best is trial 23 with value: 0.7296703296703296 and user_attrs {'test_acc': 0.7155361050328227, 'val_acc': 0.7296703296703296}.[0m
[32m[I 2023-10-14 05:09:38,430][0m Trial 36 finished with value: 0.7120879120879121 and parameters: {'n_layers': 20, 'lr1': 0.02, 'lr2': 0.030000000000000002, 'wd1': -8, 'wd2': -3, 'dropout': 0.30000000000000004, 'dropout2': 0.4}. Best is trial 23 with value: 0.7296703296703296 and user_attrs {'test_acc': 0.7155361050328227, 'val_acc': 0.7296703296703296}.[0m
[32m[I 2023-10-14 05:10:06,068][0m Trial 37 finished with value: 0.7274725274725274 and parameters: {'n_layers': 12, 'lr1': 0.039999999999999994, 'lr2': 0.02, 'wd1': -8, 'wd2': -3, 'dropout': 0.30000000000000004, 'dropout2': 0.4}. Best is trial 23 with value: 0.7296703296703296 and user_attrs {'test_acc': 0.7155361050328227, 'val_acc': 0.7296703296703296}.[0m
[32m[I 2023-10-14 05:10:19,408][0m Trial 38 finished with value: 0.7076923076923077 and parameters: {'n_layers': 8, 'lr1': 0.039999999999999994, 'lr2': 0.02, 'wd1': -8, 'wd2': -3, 'dropout': 0.30000000000000004, 'dropout2': 0.5}. Best is trial 23 with value: 0.7296703296703296 and user_attrs {'test_acc': 0.7155361050328227, 'val_acc': 0.7296703296703296}.[0m
[32m[I 2023-10-14 05:10:35,492][0m Trial 39 finished with value: 0.7208791208791209 and parameters: {'n_layers': 12, 'lr1': 0.039999999999999994, 'lr2': 0.02, 'wd1': -8, 'wd2': -3, 'dropout': 0.30000000000000004, 'dropout2': 0.4}. Best is trial 23 with value: 0.7296703296703296 and user_attrs {'test_acc': 0.7155361050328227, 'val_acc': 0.7296703296703296}.[0m
[32m[I 2023-10-14 05:11:02,140][0m Trial 40 finished with value: 0.7186813186813187 and parameters: {'n_layers': 12, 'lr1': 0.039999999999999994, 'lr2': 0.02, 'wd1': -8, 'wd2': -3, 'dropout': 0.30000000000000004, 'dropout2': 0.6000000000000001}. Best is trial 23 with value: 0.7296703296703296 and user_attrs {'test_acc': 0.7155361050328227, 'val_acc': 0.7296703296703296}.[0m
[32m[I 2023-10-14 05:11:28,391][0m Trial 41 finished with value: 0.7120879120879121 and parameters: {'n_layers': 12, 'lr1': 0.039999999999999994, 'lr2': 0.02, 'wd1': -8, 'wd2': -3, 'dropout': 0.30000000000000004, 'dropout2': 0.6000000000000001}. Best is trial 23 with value: 0.7296703296703296 and user_attrs {'test_acc': 0.7155361050328227, 'val_acc': 0.7296703296703296}.[0m
[32m[I 2023-10-14 05:11:45,231][0m Trial 42 finished with value: 0.7186813186813187 and parameters: {'n_layers': 12, 'lr1': 0.05, 'lr2': 0.009999999999999998, 'wd1': -8, 'wd2': -3, 'dropout': 0.30000000000000004, 'dropout2': 0.4}. Best is trial 23 with value: 0.7296703296703296 and user_attrs {'test_acc': 0.7155361050328227, 'val_acc': 0.7296703296703296}.[0m
[32m[I 2023-10-14 05:11:46,902][0m Trial 43 pruned. [0m
[32m[I 2023-10-14 05:11:48,292][0m Trial 44 pruned. [0m
[32m[I 2023-10-14 05:11:50,032][0m Trial 45 pruned. [0m
[32m[I 2023-10-14 05:12:15,821][0m Trial 46 finished with value: 0.7186813186813187 and parameters: {'n_layers': 12, 'lr1': 0.039999999999999994, 'lr2': 0.02, 'wd1': -8, 'wd2': -3, 'dropout': 0.2, 'dropout2': 0.4}. Best is trial 23 with value: 0.7296703296703296 and user_attrs {'test_acc': 0.7155361050328227, 'val_acc': 0.7296703296703296}.[0m
[32m[I 2023-10-14 05:12:17,404][0m Trial 47 pruned. [0m
[32m[I 2023-10-14 05:12:19,032][0m Trial 48 pruned. [0m
[32m[I 2023-10-14 05:12:20,887][0m Trial 49 pruned. [0m
[32m[I 2023-10-14 05:12:22,306][0m Trial 50 pruned. [0m
[32m[I 2023-10-14 05:12:22,401][0m [YH INFO] Prune duplicated args![0m
[32m[I 2023-10-14 05:12:22,408][0m Trial 51 pruned. [0m
[32m[I 2023-10-14 05:12:45,764][0m Trial 52 finished with value: 0.7274725274725274 and parameters: {'n_layers': 12, 'lr1': 0.039999999999999994, 'lr2': 0.02, 'wd1': -8, 'wd2': -3, 'dropout': 0.30000000000000004, 'dropout2': 0.5}. Best is trial 23 with value: 0.7296703296703296 and user_attrs {'test_acc': 0.7155361050328227, 'val_acc': 0.7296703296703296}.[0m
[32m[I 2023-10-14 05:13:07,622][0m Trial 53 finished with value: 0.7142857142857143 and parameters: {'n_layers': 12, 'lr1': 0.039999999999999994, 'lr2': 0.02, 'wd1': -7, 'wd2': -3, 'dropout': 0.4, 'dropout2': 0.5}. Best is trial 23 with value: 0.7296703296703296 and user_attrs {'test_acc': 0.7155361050328227, 'val_acc': 0.7296703296703296}.[0m
[32m[I 2023-10-14 05:13:09,391][0m Trial 54 pruned. [0m
[32m[I 2023-10-14 05:13:24,937][0m Trial 55 finished with value: 0.7164835164835165 and parameters: {'n_layers': 12, 'lr1': 0.030000000000000002, 'lr2': 0.009999999999999998, 'wd1': -7, 'wd2': -3, 'dropout': 0.4, 'dropout2': 0.30000000000000004}. Best is trial 23 with value: 0.7296703296703296 and user_attrs {'test_acc': 0.7155361050328227, 'val_acc': 0.7296703296703296}.[0m
[32m[I 2023-10-14 05:14:05,066][0m Trial 56 finished with value: 0.734065934065934 and parameters: {'n_layers': 8, 'lr1': 0.05, 'lr2': 0.030000000000000002, 'wd1': -8, 'wd2': -4, 'dropout': 0.1, 'dropout2': 0.4}. Best is trial 56 with value: 0.734065934065934 and user_attrs {'test_acc': 0.7199124726477024, 'val_acc': 0.734065934065934}.[0m
[32m[I 2023-10-14 05:14:06,444][0m Trial 57 pruned. [0m
[32m[I 2023-10-14 05:14:08,026][0m Trial 58 pruned. [0m
[32m[I 2023-10-14 05:14:09,633][0m Trial 59 pruned. [0m
[32m[I 2023-10-14 05:14:11,196][0m Trial 60 pruned. [0m
[32m[I 2023-10-14 05:14:39,186][0m Trial 61 finished with value: 0.7208791208791209 and parameters: {'n_layers': 12, 'lr1': 0.039999999999999994, 'lr2': 0.02, 'wd1': -8, 'wd2': -3, 'dropout': 0.2, 'dropout2': 0.30000000000000004}. Best is trial 56 with value: 0.734065934065934 and user_attrs {'test_acc': 0.7199124726477024, 'val_acc': 0.734065934065934}.[0m
[32m[I 2023-10-14 05:14:58,843][0m Trial 62 finished with value: 0.7252747252747253 and parameters: {'n_layers': 12, 'lr1': 0.030000000000000002, 'lr2': 0.02, 'wd1': -8, 'wd2': -3, 'dropout': 0.2, 'dropout2': 0.30000000000000004}. Best is trial 56 with value: 0.734065934065934 and user_attrs {'test_acc': 0.7199124726477024, 'val_acc': 0.734065934065934}.[0m
[32m[I 2023-10-14 05:15:13,594][0m Trial 63 finished with value: 0.7076923076923077 and parameters: {'n_layers': 12, 'lr1': 0.030000000000000002, 'lr2': 0.030000000000000002, 'wd1': -8, 'wd2': -3, 'dropout': 0.1, 'dropout2': 0.30000000000000004}. Best is trial 56 with value: 0.734065934065934 and user_attrs {'test_acc': 0.7199124726477024, 'val_acc': 0.734065934065934}.[0m
[32m[I 2023-10-14 05:15:15,054][0m Trial 64 pruned. [0m
[32m[I 2023-10-14 05:15:42,790][0m Trial 65 finished with value: 0.7164835164835165 and parameters: {'n_layers': 12, 'lr1': 0.030000000000000002, 'lr2': 0.030000000000000002, 'wd1': -8, 'wd2': -3, 'dropout': 0.1, 'dropout2': 0.4}. Best is trial 56 with value: 0.734065934065934 and user_attrs {'test_acc': 0.7199124726477024, 'val_acc': 0.734065934065934}.[0m
[32m[I 2023-10-14 05:16:14,572][0m Trial 66 finished with value: 0.7208791208791209 and parameters: {'n_layers': 16, 'lr1': 0.05, 'lr2': 0.02, 'wd1': -8, 'wd2': -3, 'dropout': 0.2, 'dropout2': 0.30000000000000004}. Best is trial 56 with value: 0.734065934065934 and user_attrs {'test_acc': 0.7199124726477024, 'val_acc': 0.734065934065934}.[0m
[32m[I 2023-10-14 05:16:36,270][0m Trial 67 finished with value: 0.7164835164835165 and parameters: {'n_layers': 16, 'lr1': 0.05, 'lr2': 0.009999999999999998, 'wd1': -7, 'wd2': -3, 'dropout': 0.1, 'dropout2': 0.5}. Best is trial 56 with value: 0.734065934065934 and user_attrs {'test_acc': 0.7199124726477024, 'val_acc': 0.734065934065934}.[0m
[32m[I 2023-10-14 05:16:55,040][0m Trial 68 finished with value: 0.6989010989010989 and parameters: {'n_layers': 16, 'lr1': 0.05, 'lr2': 0.02, 'wd1': -8, 'wd2': -5, 'dropout': 0.2, 'dropout2': 0.30000000000000004}. Best is trial 56 with value: 0.734065934065934 and user_attrs {'test_acc': 0.7199124726477024, 'val_acc': 0.734065934065934}.[0m
[32m[I 2023-10-14 05:16:56,913][0m Trial 69 pruned. [0m
[32m[I 2023-10-14 05:17:12,027][0m Trial 70 pruned. [0m
[32m[I 2023-10-14 05:17:40,962][0m Trial 71 finished with value: 0.7186813186813187 and parameters: {'n_layers': 12, 'lr1': 0.039999999999999994, 'lr2': 0.02, 'wd1': -8, 'wd2': -3, 'dropout': 0.2, 'dropout2': 0.30000000000000004}. Best is trial 56 with value: 0.734065934065934 and user_attrs {'test_acc': 0.7199124726477024, 'val_acc': 0.734065934065934}.[0m
[32m[I 2023-10-14 05:17:56,895][0m Trial 72 finished with value: 0.7252747252747253 and parameters: {'n_layers': 12, 'lr1': 0.030000000000000002, 'lr2': 0.02, 'wd1': -8, 'wd2': -3, 'dropout': 0.2, 'dropout2': 0.30000000000000004}. Best is trial 56 with value: 0.734065934065934 and user_attrs {'test_acc': 0.7199124726477024, 'val_acc': 0.734065934065934}.[0m
[32m[I 2023-10-14 05:18:38,523][0m Trial 73 finished with value: 0.7120879120879121 and parameters: {'n_layers': 16, 'lr1': 0.02, 'lr2': 0.02, 'wd1': -8, 'wd2': -3, 'dropout': 0.2, 'dropout2': 0.30000000000000004}. Best is trial 56 with value: 0.734065934065934 and user_attrs {'test_acc': 0.7199124726477024, 'val_acc': 0.734065934065934}.[0m
[32m[I 2023-10-14 05:19:07,299][0m Trial 74 finished with value: 0.7186813186813187 and parameters: {'n_layers': 12, 'lr1': 0.030000000000000002, 'lr2': 0.02, 'wd1': -8, 'wd2': -3, 'dropout': 0.1, 'dropout2': 0.2}. Best is trial 56 with value: 0.734065934065934 and user_attrs {'test_acc': 0.7199124726477024, 'val_acc': 0.734065934065934}.[0m
[32m[I 2023-10-14 05:19:43,931][0m Trial 75 finished with value: 0.7186813186813187 and parameters: {'n_layers': 16, 'lr1': 0.02, 'lr2': 0.030000000000000002, 'wd1': -8, 'wd2': -3, 'dropout': 0.2, 'dropout2': 0.30000000000000004}. Best is trial 56 with value: 0.734065934065934 and user_attrs {'test_acc': 0.7199124726477024, 'val_acc': 0.734065934065934}.[0m
[32m[I 2023-10-14 05:20:08,654][0m Trial 76 finished with value: 0.7186813186813187 and parameters: {'n_layers': 12, 'lr1': 0.030000000000000002, 'lr2': 0.02, 'wd1': -8, 'wd2': -3, 'dropout': 0.2, 'dropout2': 0.2}. Best is trial 56 with value: 0.734065934065934 and user_attrs {'test_acc': 0.7199124726477024, 'val_acc': 0.734065934065934}.[0m
[32m[I 2023-10-14 05:20:10,111][0m Trial 77 pruned. [0m
[32m[I 2023-10-14 05:20:11,708][0m Trial 78 pruned. [0m
[32m[I 2023-10-14 05:20:13,142][0m Trial 79 pruned. [0m
[32m[I 2023-10-14 05:20:14,872][0m Trial 80 pruned. [0m
[32m[I 2023-10-14 05:20:14,987][0m [YH INFO] Prune duplicated args![0m
[32m[I 2023-10-14 05:20:14,995][0m Trial 81 pruned. [0m
[32m[I 2023-10-14 05:20:15,091][0m [YH INFO] Prune duplicated args![0m
[32m[I 2023-10-14 05:20:15,097][0m Trial 82 pruned. [0m
[32m[I 2023-10-14 05:20:38,815][0m Trial 83 finished with value: 0.7120879120879121 and parameters: {'n_layers': 12, 'lr1': 0.039999999999999994, 'lr2': 0.02, 'wd1': -8, 'wd2': -3, 'dropout': 0.2, 'dropout2': 0.2}. Best is trial 56 with value: 0.734065934065934 and user_attrs {'test_acc': 0.7199124726477024, 'val_acc': 0.734065934065934}.[0m
[32m[I 2023-10-14 05:20:40,423][0m Trial 84 pruned. [0m
[32m[I 2023-10-14 05:20:42,122][0m Trial 85 pruned. [0m
[32m[I 2023-10-14 05:21:14,481][0m Trial 86 finished with value: 0.7230769230769231 and parameters: {'n_layers': 12, 'lr1': 0.030000000000000002, 'lr2': 0.02, 'wd1': -8, 'wd2': -3, 'dropout': 0.30000000000000004, 'dropout2': 0.5}. Best is trial 56 with value: 0.734065934065934 and user_attrs {'test_acc': 0.7199124726477024, 'val_acc': 0.734065934065934}.[0m
[32m[I 2023-10-14 05:21:15,940][0m Trial 87 pruned. [0m
[32m[I 2023-10-14 05:21:17,661][0m Trial 88 pruned. [0m
[32m[I 2023-10-14 05:21:19,322][0m Trial 89 pruned. [0m
[32m[I 2023-10-14 05:21:21,198][0m Trial 90 pruned. [0m
[32m[I 2023-10-14 05:21:37,022][0m Trial 91 finished with value: 0.7142857142857143 and parameters: {'n_layers': 12, 'lr1': 0.039999999999999994, 'lr2': 0.02, 'wd1': -8, 'wd2': -3, 'dropout': 0.2, 'dropout2': 0.4}. Best is trial 56 with value: 0.734065934065934 and user_attrs {'test_acc': 0.7199124726477024, 'val_acc': 0.734065934065934}.[0m
[32m[I 2023-10-14 05:21:38,742][0m Trial 92 pruned. [0m
[32m[I 2023-10-14 05:21:38,830][0m [YH INFO] Prune duplicated args![0m
[32m[I 2023-10-14 05:21:38,835][0m Trial 93 pruned. [0m
[32m[I 2023-10-14 05:21:40,366][0m Trial 94 pruned. [0m
[32m[I 2023-10-14 05:21:41,705][0m Trial 95 pruned. [0m
[32m[I 2023-10-14 05:21:43,201][0m Trial 96 pruned. [0m
[32m[I 2023-10-14 05:21:44,627][0m Trial 97 pruned. [0m
[32m[I 2023-10-14 05:21:46,100][0m Trial 98 pruned. [0m
[32m[I 2023-10-14 05:21:47,559][0m Trial 99 pruned. [0m
[32m[I 2023-10-14 05:21:47,653][0m [YH INFO] Prune duplicated args![0m
[32m[I 2023-10-14 05:21:47,658][0m Trial 100 pruned. [0m
[32m[I 2023-10-14 05:21:49,260][0m Trial 101 pruned. [0m
[32m[I 2023-10-14 05:21:50,742][0m Trial 102 pruned. [0m
[32m[I 2023-10-14 05:22:36,463][0m Trial 103 finished with value: 0.7252747252747253 and parameters: {'n_layers': 16, 'lr1': 0.02, 'lr2': 0.039999999999999994, 'wd1': -8, 'wd2': -3, 'dropout': 0.2, 'dropout2': 0.30000000000000004}. Best is trial 56 with value: 0.734065934065934 and user_attrs {'test_acc': 0.7199124726477024, 'val_acc': 0.734065934065934}.[0m
[32m[I 2023-10-14 05:22:38,442][0m Trial 104 pruned. [0m
