[32m[I 2023-10-13 14:22:42,408][0m Using an existing study with name 'woselfloop-geom-squirrel' instead of creating a new one.[0m
/home/yuhe_guo/repos/polyFilterPlayground/data/geom_dataloader.py:36: RuntimeWarning: divide by zero encountered in power
  r_inv = np.power(rowsum, -1).flatten()
/home/yuhe_guo/repos/polyFilterPlayground/data/geom_dataloader.py:95: FutureWarning: adjacency_matrix will return a scipy.sparse array instead of a matrix in Networkx 3.0.
  adj = nx.adjacency_matrix(G, sorted(G.nodes()))
/home/yuhe_guo/repos/polyFilterPlayground/data/geom_dataloader.py:96: UserWarning: Creating a tensor from a list of numpy.ndarrays is extremely slow. Please consider converting the list to a single numpy.ndarray with numpy.array() before converting to a tensor. (Triggered internally at  ../torch/csrc/utils/tensor_new.cpp:201.)
  edge_index = th.Tensor(adj.nonzero())
WARNING:root:The OGB package is out of date. Your version is 1.3.5, while the latest version is 1.3.6.
[32m[I 2023-10-13 14:23:04,407][0m Trial 2 finished with value: 0.5711538461538461 and parameters: {'n_layers': 8, 'lr1': 0.009999999999999998, 'lr2': 0.0, 'wd1': -7, 'wd2': -6, 'dropout': 0.30000000000000004, 'dropout2': 0.5}. Best is trial 2 with value: 0.5711538461538461 and user_attrs {'test_acc': 0.5773294908741594, 'val_acc': 0.5711538461538461}.[0m
[32m[I 2023-10-13 14:23:50,029][0m Trial 3 finished with value: 0.43653846153846154 and parameters: {'n_layers': 20, 'lr1': 0.039999999999999994, 'lr2': 0.030000000000000002, 'wd1': -4, 'wd2': -4, 'dropout': 0.4, 'dropout2': 0.7000000000000001}. Best is trial 2 with value: 0.5711538461538461 and user_attrs {'test_acc': 0.5773294908741594, 'val_acc': 0.5711538461538461}.[0m
[32m[I 2023-10-13 14:25:27,869][0m Trial 4 finished with value: 0.575 and parameters: {'n_layers': 16, 'lr1': 0.009999999999999998, 'lr2': 0.039999999999999994, 'wd1': -7, 'wd2': -8, 'dropout': 0.5, 'dropout2': 0.7000000000000001}. Best is trial 4 with value: 0.575 and user_attrs {'test_acc': 0.574447646493756, 'val_acc': 0.575}.[0m
[32m[I 2023-10-13 14:26:05,480][0m Trial 5 finished with value: 0.5538461538461539 and parameters: {'n_layers': 20, 'lr1': -0.02, 'lr2': 0.0, 'wd1': -7, 'wd2': -4, 'dropout': 0.2, 'dropout2': 0.7000000000000001}. Best is trial 4 with value: 0.575 and user_attrs {'test_acc': 0.574447646493756, 'val_acc': 0.575}.[0m
[32m[I 2023-10-13 14:27:02,462][0m Trial 6 finished with value: 0.3682692307692308 and parameters: {'n_layers': 8, 'lr1': -0.02, 'lr2': 0.039999999999999994, 'wd1': -5, 'wd2': -6, 'dropout': 0.9, 'dropout2': 0.2}. Best is trial 4 with value: 0.575 and user_attrs {'test_acc': 0.574447646493756, 'val_acc': 0.575}.[0m
[32m[I 2023-10-13 14:27:05,496][0m Trial 7 pruned. [0m
[32m[I 2023-10-13 14:27:08,873][0m Trial 8 pruned. [0m
[32m[I 2023-10-13 14:27:12,582][0m Trial 9 pruned. [0m
[32m[I 2023-10-13 14:27:16,061][0m Trial 10 pruned. [0m
[32m[I 2023-10-13 14:27:38,208][0m Trial 11 finished with value: 0.5451923076923076 and parameters: {'n_layers': 4, 'lr1': 0.05, 'lr2': 0.030000000000000002, 'wd1': -7, 'wd2': -3, 'dropout': 0.30000000000000004, 'dropout2': 0.4}. Best is trial 4 with value: 0.575 and user_attrs {'test_acc': 0.574447646493756, 'val_acc': 0.575}.[0m
[32m[I 2023-10-13 14:27:42,769][0m Trial 12 pruned. [0m
[32m[I 2023-10-13 14:27:46,114][0m Trial 13 pruned. [0m
[32m[I 2023-10-13 14:27:49,734][0m Trial 14 pruned. [0m
[32m[I 2023-10-13 14:27:53,000][0m Trial 15 pruned. [0m
[32m[I 2023-10-13 14:27:57,314][0m Trial 16 pruned. [0m
[32m[I 2023-10-13 14:28:07,682][0m Trial 17 pruned. [0m
[32m[I 2023-10-13 14:28:11,134][0m Trial 18 pruned. [0m
[32m[I 2023-10-13 14:28:56,931][0m Trial 19 finished with value: 0.5451923076923076 and parameters: {'n_layers': 16, 'lr1': 0.030000000000000002, 'lr2': 0.02, 'wd1': -7, 'wd2': -7, 'dropout': 0.5, 'dropout2': 0.5}. Best is trial 4 with value: 0.575 and user_attrs {'test_acc': 0.574447646493756, 'val_acc': 0.575}.[0m
[32m[I 2023-10-13 14:29:10,079][0m Trial 20 finished with value: 0.5605769230769231 and parameters: {'n_layers': 4, 'lr1': 0.009999999999999998, 'lr2': 0.05, 'wd1': -8, 'wd2': -5, 'dropout': 0.2, 'dropout2': 0.6000000000000001}. Best is trial 4 with value: 0.575 and user_attrs {'test_acc': 0.574447646493756, 'val_acc': 0.575}.[0m
[32m[I 2023-10-13 14:29:13,490][0m Trial 21 pruned. [0m
[32m[I 2023-10-13 14:29:16,948][0m Trial 22 pruned. [0m
[32m[I 2023-10-13 14:29:29,435][0m Trial 23 finished with value: 0.5605769230769231 and parameters: {'n_layers': 4, 'lr1': 0.009999999999999998, 'lr2': 0.05, 'wd1': -8, 'wd2': -5, 'dropout': 0.2, 'dropout2': 0.6000000000000001}. Best is trial 4 with value: 0.575 and user_attrs {'test_acc': 0.574447646493756, 'val_acc': 0.575}.[0m
[32m[I 2023-10-13 14:29:33,279][0m Trial 24 pruned. [0m
[32m[I 2023-10-13 14:30:38,810][0m Trial 25 finished with value: 0.5990384615384615 and parameters: {'n_layers': 8, 'lr1': 0.0, 'lr2': 0.039999999999999994, 'wd1': -7, 'wd2': -5, 'dropout': 0.2, 'dropout2': 0.6000000000000001}. Best is trial 25 with value: 0.5990384615384615 and user_attrs {'test_acc': 0.5936599423631124, 'val_acc': 0.5990384615384615}.[0m
[32m[I 2023-10-13 14:30:42,005][0m Trial 26 pruned. [0m
[32m[I 2023-10-13 14:31:12,089][0m Trial 27 finished with value: 0.5913461538461539 and parameters: {'n_layers': 8, 'lr1': 0.0, 'lr2': 0.02, 'wd1': -6, 'wd2': -7, 'dropout': 0.0, 'dropout2': 0.30000000000000004}. Best is trial 25 with value: 0.5990384615384615 and user_attrs {'test_acc': 0.5936599423631124, 'val_acc': 0.5990384615384615}.[0m
[32m[I 2023-10-13 14:31:51,093][0m Trial 28 finished with value: 0.6192307692307693 and parameters: {'n_layers': 12, 'lr1': 0.0, 'lr2': 0.039999999999999994, 'wd1': -6, 'wd2': -7, 'dropout': 0.0, 'dropout2': 0.30000000000000004}. Best is trial 28 with value: 0.6192307692307693 and user_attrs {'test_acc': 0.6023054755043228, 'val_acc': 0.6192307692307693}.[0m
[32m[I 2023-10-13 14:31:54,257][0m Trial 29 pruned. [0m
[32m[I 2023-10-13 14:32:11,138][0m Trial 30 finished with value: 0.5605769230769231 and parameters: {'n_layers': 8, 'lr1': 0.0, 'lr2': 0.039999999999999994, 'wd1': -5, 'wd2': -7, 'dropout': 0.1, 'dropout2': 0.30000000000000004}. Best is trial 28 with value: 0.6192307692307693 and user_attrs {'test_acc': 0.6023054755043228, 'val_acc': 0.6192307692307693}.[0m
[32m[I 2023-10-13 14:32:14,392][0m Trial 31 pruned. [0m
[32m[I 2023-10-13 14:32:17,492][0m Trial 32 pruned. [0m
[32m[I 2023-10-13 14:32:49,763][0m Trial 33 finished with value: 0.5894230769230769 and parameters: {'n_layers': 16, 'lr1': 0.0, 'lr2': 0.039999999999999994, 'wd1': -7, 'wd2': -8, 'dropout': 0.0, 'dropout2': 0.4}. Best is trial 28 with value: 0.6192307692307693 and user_attrs {'test_acc': 0.6023054755043228, 'val_acc': 0.6192307692307693}.[0m
[32m[I 2023-10-13 14:33:24,548][0m Trial 34 finished with value: 0.6134615384615385 and parameters: {'n_layers': 12, 'lr1': 0.0, 'lr2': 0.039999999999999994, 'wd1': -6, 'wd2': -8, 'dropout': 0.0, 'dropout2': 0.4}. Best is trial 28 with value: 0.6192307692307693 and user_attrs {'test_acc': 0.6023054755043228, 'val_acc': 0.6192307692307693}.[0m
[32m[I 2023-10-13 14:34:15,971][0m Trial 35 finished with value: 0.6201923076923077 and parameters: {'n_layers': 12, 'lr1': 0.0, 'lr2': 0.030000000000000002, 'wd1': -6, 'wd2': -7, 'dropout': 0.0, 'dropout2': 0.30000000000000004}. Best is trial 35 with value: 0.6201923076923077 and user_attrs {'test_acc': 0.6253602305475504, 'val_acc': 0.6201923076923077}.[0m
[32m[I 2023-10-13 14:34:19,436][0m Trial 36 pruned. [0m
[32m[I 2023-10-13 14:34:22,841][0m Trial 37 pruned. [0m
[32m[I 2023-10-13 14:34:27,348][0m Trial 38 pruned. [0m
[32m[I 2023-10-13 14:34:30,833][0m Trial 39 pruned. [0m
[32m[I 2023-10-13 14:35:15,294][0m Trial 40 finished with value: 0.5990384615384615 and parameters: {'n_layers': 12, 'lr1': 0.02, 'lr2': 0.030000000000000002, 'wd1': -6, 'wd2': -4, 'dropout': 0.2, 'dropout2': 0.30000000000000004}. Best is trial 35 with value: 0.6201923076923077 and user_attrs {'test_acc': 0.6253602305475504, 'val_acc': 0.6201923076923077}.[0m
[32m[I 2023-10-13 14:35:34,044][0m Trial 41 finished with value: 0.5875 and parameters: {'n_layers': 12, 'lr1': 0.02, 'lr2': 0.030000000000000002, 'wd1': -6, 'wd2': -3, 'dropout': 0.0, 'dropout2': 0.30000000000000004}. Best is trial 35 with value: 0.6201923076923077 and user_attrs {'test_acc': 0.6253602305475504, 'val_acc': 0.6201923076923077}.[0m
[32m[I 2023-10-13 14:35:37,684][0m Trial 42 pruned. [0m
[32m[I 2023-10-13 14:36:22,149][0m Trial 43 finished with value: 0.6096153846153847 and parameters: {'n_layers': 12, 'lr1': 0.030000000000000002, 'lr2': 0.030000000000000002, 'wd1': -6, 'wd2': -4, 'dropout': 0.2, 'dropout2': 0.30000000000000004}. Best is trial 35 with value: 0.6201923076923077 and user_attrs {'test_acc': 0.6253602305475504, 'val_acc': 0.6201923076923077}.[0m
[32m[I 2023-10-13 14:37:12,534][0m Trial 44 finished with value: 0.6115384615384616 and parameters: {'n_layers': 12, 'lr1': 0.030000000000000002, 'lr2': 0.030000000000000002, 'wd1': -6, 'wd2': -4, 'dropout': 0.2, 'dropout2': 0.2}. Best is trial 35 with value: 0.6201923076923077 and user_attrs {'test_acc': 0.6253602305475504, 'val_acc': 0.6201923076923077}.[0m
[32m[I 2023-10-13 14:37:16,215][0m Trial 45 pruned. [0m
[32m[I 2023-10-13 14:37:22,156][0m Trial 46 pruned. [0m
[32m[I 2023-10-13 14:37:25,357][0m Trial 47 pruned. [0m
[32m[I 2023-10-13 14:37:28,728][0m Trial 48 pruned. [0m
[32m[I 2023-10-13 14:37:56,447][0m Trial 49 finished with value: 0.5557692307692308 and parameters: {'n_layers': 20, 'lr1': 0.030000000000000002, 'lr2': 0.039999999999999994, 'wd1': -6, 'wd2': -8, 'dropout': 0.2, 'dropout2': 0.2}. Best is trial 35 with value: 0.6201923076923077 and user_attrs {'test_acc': 0.6253602305475504, 'val_acc': 0.6201923076923077}.[0m
[32m[I 2023-10-13 14:38:00,037][0m Trial 50 pruned. [0m
[32m[I 2023-10-13 14:38:04,732][0m Trial 51 pruned. [0m
[32m[I 2023-10-13 14:38:09,285][0m Trial 52 pruned. [0m
[32m[I 2023-10-13 14:38:45,585][0m Trial 53 finished with value: 0.5932692307692308 and parameters: {'n_layers': 12, 'lr1': 0.02, 'lr2': 0.030000000000000002, 'wd1': -6, 'wd2': -4, 'dropout': 0.2, 'dropout2': 0.30000000000000004}. Best is trial 35 with value: 0.6201923076923077 and user_attrs {'test_acc': 0.6253602305475504, 'val_acc': 0.6201923076923077}.[0m
[32m[I 2023-10-13 14:39:26,088][0m Trial 54 finished with value: 0.6115384615384616 and parameters: {'n_layers': 12, 'lr1': 0.030000000000000002, 'lr2': 0.030000000000000002, 'wd1': -6, 'wd2': -4, 'dropout': 0.2, 'dropout2': 0.30000000000000004}. Best is trial 35 with value: 0.6201923076923077 and user_attrs {'test_acc': 0.6253602305475504, 'val_acc': 0.6201923076923077}.[0m
[32m[I 2023-10-13 14:39:29,499][0m Trial 55 pruned. [0m
[32m[I 2023-10-13 14:39:32,882][0m Trial 56 pruned. [0m
[32m[I 2023-10-13 14:39:36,258][0m Trial 57 pruned. [0m
[32m[I 2023-10-13 14:40:00,508][0m Trial 58 pruned. [0m
[32m[I 2023-10-13 14:40:04,257][0m Trial 59 pruned. [0m
[32m[I 2023-10-13 14:40:09,200][0m Trial 60 pruned. [0m
[32m[I 2023-10-13 14:40:12,474][0m Trial 61 pruned. [0m
[32m[I 2023-10-13 14:40:15,945][0m Trial 62 pruned. [0m
[32m[I 2023-10-13 14:40:16,074][0m [YH INFO] Prune duplicated args![0m
[32m[I 2023-10-13 14:40:16,080][0m Trial 63 pruned. [0m
[32m[I 2023-10-13 14:40:51,379][0m Trial 64 finished with value: 0.6134615384615385 and parameters: {'n_layers': 12, 'lr1': 0.02, 'lr2': 0.030000000000000002, 'wd1': -6, 'wd2': -4, 'dropout': 0.0, 'dropout2': 0.30000000000000004}. Best is trial 35 with value: 0.6201923076923077 and user_attrs {'test_acc': 0.6253602305475504, 'val_acc': 0.6201923076923077}.[0m
[32m[I 2023-10-13 14:40:54,931][0m Trial 65 pruned. [0m
[32m[I 2023-10-13 14:40:58,510][0m Trial 66 pruned. [0m
[32m[I 2023-10-13 14:41:02,936][0m Trial 67 pruned. [0m
[32m[I 2023-10-13 14:41:06,479][0m Trial 68 pruned. [0m
[32m[I 2023-10-13 14:41:09,864][0m Trial 69 pruned. [0m
[32m[I 2023-10-13 14:41:13,085][0m Trial 70 pruned. [0m
[32m[I 2023-10-13 14:41:16,629][0m Trial 71 pruned. [0m
[32m[I 2023-10-13 14:41:20,160][0m Trial 72 pruned. [0m
[32m[I 2023-10-13 14:41:20,267][0m [YH INFO] Prune duplicated args![0m
[32m[I 2023-10-13 14:41:20,275][0m Trial 73 pruned. [0m
[32m[I 2023-10-13 14:41:23,748][0m Trial 74 pruned. [0m
[32m[I 2023-10-13 14:41:27,036][0m Trial 75 pruned. [0m
[32m[I 2023-10-13 14:41:30,091][0m Trial 76 pruned. [0m
[32m[I 2023-10-13 14:41:33,375][0m Trial 77 pruned. [0m
[32m[I 2023-10-13 14:41:36,555][0m Trial 78 pruned. [0m
[32m[I 2023-10-13 14:41:40,078][0m Trial 79 pruned. [0m
[32m[I 2023-10-13 14:41:43,531][0m Trial 80 pruned. [0m
[32m[I 2023-10-13 14:41:46,937][0m Trial 81 pruned. [0m
[32m[I 2023-10-13 14:41:50,487][0m Trial 82 pruned. [0m
[32m[I 2023-10-13 14:41:54,012][0m Trial 83 pruned. [0m
[32m[I 2023-10-13 14:41:57,514][0m Trial 84 pruned. [0m
[32m[I 2023-10-13 14:42:00,964][0m Trial 85 pruned. [0m
[32m[I 2023-10-13 14:42:07,682][0m Trial 86 pruned. [0m
[32m[I 2023-10-13 14:42:45,782][0m Trial 87 finished with value: 0.5875 and parameters: {'n_layers': 20, 'lr1': 0.009999999999999998, 'lr2': 0.039999999999999994, 'wd1': -7, 'wd2': -8, 'dropout': 0.0, 'dropout2': 0.30000000000000004}. Best is trial 35 with value: 0.6201923076923077 and user_attrs {'test_acc': 0.6253602305475504, 'val_acc': 0.6201923076923077}.[0m
[32m[I 2023-10-13 14:42:49,229][0m Trial 88 pruned. [0m
[32m[I 2023-10-13 14:42:52,651][0m Trial 89 pruned. [0m
[32m[I 2023-10-13 14:42:55,956][0m Trial 90 pruned. [0m
[32m[I 2023-10-13 14:42:59,471][0m Trial 91 pruned. [0m
[32m[I 2023-10-13 14:43:02,994][0m Trial 92 pruned. [0m
[32m[I 2023-10-13 14:43:03,094][0m [YH INFO] Prune duplicated args![0m
[32m[I 2023-10-13 14:43:03,100][0m Trial 93 pruned. [0m
[32m[I 2023-10-13 14:43:03,196][0m [YH INFO] Prune duplicated args![0m
[32m[I 2023-10-13 14:43:03,202][0m Trial 94 pruned. [0m
[32m[I 2023-10-13 14:43:06,643][0m Trial 95 pruned. [0m
[32m[I 2023-10-13 14:43:09,953][0m Trial 96 pruned. [0m
[32m[I 2023-10-13 14:43:13,407][0m Trial 97 pruned. [0m
[32m[I 2023-10-13 14:43:16,831][0m Trial 98 pruned. [0m
[32m[I 2023-10-13 14:43:20,188][0m Trial 99 pruned. [0m
[32m[I 2023-10-13 14:43:23,242][0m Trial 100 pruned. [0m
[32m[I 2023-10-13 14:43:26,663][0m Trial 101 pruned. [0m
[32m[I 2023-10-13 14:43:30,031][0m Trial 102 pruned. [0m
[32m[I 2023-10-13 14:43:33,266][0m Trial 103 pruned. [0m
[32m[I 2023-10-13 14:43:36,639][0m Trial 104 pruned. [0m
[32m[I 2023-10-13 14:43:39,965][0m Trial 105 pruned. [0m
[32m[I 2023-10-13 14:43:43,520][0m Trial 106 pruned. [0m
[32m[I 2023-10-13 14:43:46,704][0m Trial 107 pruned. [0m
[32m[I 2023-10-13 14:44:11,299][0m Trial 108 pruned. [0m
[32m[I 2023-10-13 14:44:14,753][0m Trial 109 pruned. [0m
[32m[I 2023-10-13 14:44:18,181][0m Trial 110 pruned. [0m
[32m[I 2023-10-13 14:44:22,493][0m Trial 111 pruned. [0m
[32m[I 2023-10-13 14:44:26,155][0m Trial 112 pruned. [0m
[32m[I 2023-10-13 14:44:29,833][0m Trial 113 pruned. [0m
[32m[I 2023-10-13 14:45:05,875][0m Trial 114 pruned. [0m
[32m[I 2023-10-13 14:45:09,169][0m Trial 115 pruned. [0m
[32m[I 2023-10-13 14:45:12,403][0m Trial 116 pruned. [0m
[32m[I 2023-10-13 14:45:15,852][0m Trial 117 pruned. [0m
[32m[I 2023-10-13 14:45:19,179][0m Trial 118 pruned. [0m
[32m[I 2023-10-13 14:45:22,599][0m Trial 119 pruned. [0m
[32m[I 2023-10-13 14:45:26,358][0m Trial 120 pruned. [0m
[32m[I 2023-10-13 14:45:29,435][0m Trial 121 pruned. [0m
[32m[I 2023-10-13 14:45:55,057][0m Trial 122 finished with value: 0.5798076923076924 and parameters: {'n_layers': 20, 'lr1': 0.02, 'lr2': 0.02, 'wd1': -6, 'wd2': -4, 'dropout': 0.2, 'dropout2': 0.2}. Best is trial 35 with value: 0.6201923076923077 and user_attrs {'test_acc': 0.6253602305475504, 'val_acc': 0.6201923076923077}.[0m
[32m[I 2023-10-13 14:46:04,371][0m Trial 123 pruned. [0m
[32m[I 2023-10-13 14:46:09,094][0m Trial 124 pruned. [0m
[32m[I 2023-10-13 14:46:41,360][0m Trial 125 pruned. [0m
[32m[I 2023-10-13 14:47:40,008][0m Trial 126 finished with value: 0.6201923076923077 and parameters: {'n_layers': 12, 'lr1': 0.0, 'lr2': 0.030000000000000002, 'wd1': -6, 'wd2': -8, 'dropout': 0.0, 'dropout2': 0.30000000000000004}. Best is trial 35 with value: 0.6201923076923077 and user_attrs {'test_acc': 0.6253602305475504, 'val_acc': 0.6201923076923077}.[0m
[32m[I 2023-10-13 14:48:28,630][0m Trial 127 finished with value: 0.6211538461538462 and parameters: {'n_layers': 12, 'lr1': 0.0, 'lr2': 0.030000000000000002, 'wd1': -6, 'wd2': -8, 'dropout': 0.0, 'dropout2': 0.30000000000000004}. Best is trial 127 with value: 0.6211538461538462 and user_attrs {'test_acc': 0.6128722382324687, 'val_acc': 0.6211538461538462}.[0m
[32m[I 2023-10-13 14:48:32,022][0m Trial 128 pruned. [0m
[32m[I 2023-10-13 14:48:35,464][0m Trial 129 pruned. [0m
[32m[I 2023-10-13 14:48:38,705][0m Trial 130 pruned. [0m
[32m[I 2023-10-13 14:48:42,052][0m Trial 131 pruned. [0m
[32m[I 2023-10-13 14:48:45,442][0m Trial 132 pruned. [0m
[32m[I 2023-10-13 14:48:48,822][0m Trial 133 pruned. [0m
[32m[I 2023-10-13 14:48:52,276][0m Trial 134 pruned. [0m
[32m[I 2023-10-13 14:48:55,645][0m Trial 135 pruned. [0m
[32m[I 2023-10-13 14:48:58,964][0m Trial 136 pruned. [0m
[32m[I 2023-10-13 14:49:02,341][0m Trial 137 pruned. [0m
[32m[I 2023-10-13 14:49:05,759][0m Trial 138 pruned. [0m
[32m[I 2023-10-13 14:49:09,081][0m Trial 139 pruned. [0m
[32m[I 2023-10-13 14:49:12,532][0m Trial 140 pruned. [0m
[32m[I 2023-10-13 14:49:15,768][0m Trial 141 pruned. [0m
[32m[I 2023-10-13 14:49:19,100][0m Trial 142 pruned. [0m
[32m[I 2023-10-13 14:49:37,334][0m Trial 143 finished with value: 0.5875 and parameters: {'n_layers': 12, 'lr1': 0.02, 'lr2': 0.030000000000000002, 'wd1': -6, 'wd2': -3, 'dropout': 0.0, 'dropout2': 0.30000000000000004}. Best is trial 127 with value: 0.6211538461538462 and user_attrs {'test_acc': 0.6128722382324687, 'val_acc': 0.6211538461538462}.[0m
[32m[I 2023-10-13 14:49:37,441][0m [YH INFO] Prune duplicated args![0m
[32m[I 2023-10-13 14:49:37,447][0m Trial 144 pruned. [0m
[32m[I 2023-10-13 14:49:41,509][0m Trial 145 pruned. [0m
[32m[I 2023-10-13 14:49:45,523][0m Trial 146 pruned. [0m
[32m[I 2023-10-13 14:49:49,009][0m Trial 147 pruned. [0m
[32m[I 2023-10-13 14:49:52,318][0m Trial 148 pruned. [0m
[32m[I 2023-10-13 14:49:55,873][0m Trial 149 pruned. [0m
[32m[I 2023-10-13 14:49:59,156][0m Trial 150 pruned. [0m
[32m[I 2023-10-13 14:50:02,503][0m Trial 151 pruned. [0m
[32m[I 2023-10-13 14:50:05,969][0m Trial 152 pruned. [0m
[32m[I 2023-10-13 14:50:09,303][0m Trial 153 pruned. [0m
[32m[I 2023-10-13 14:50:12,756][0m Trial 154 pruned. [0m
[32m[I 2023-10-13 14:50:12,860][0m [YH INFO] Prune duplicated args![0m
[32m[I 2023-10-13 14:50:12,866][0m Trial 155 pruned. [0m
[32m[I 2023-10-13 14:50:16,380][0m Trial 156 pruned. [0m
[32m[I 2023-10-13 14:50:19,913][0m Trial 157 pruned. [0m
[32m[I 2023-10-13 14:50:23,507][0m Trial 158 pruned. [0m
[32m[I 2023-10-13 14:50:23,642][0m [YH INFO] Prune duplicated args![0m
[32m[I 2023-10-13 14:50:23,649][0m Trial 159 pruned. [0m
[32m[I 2023-10-13 14:50:27,242][0m Trial 160 pruned. [0m
[32m[I 2023-10-13 14:50:30,902][0m Trial 161 pruned. [0m
[32m[I 2023-10-13 14:50:34,346][0m Trial 162 pruned. [0m
[32m[I 2023-10-13 14:50:37,717][0m Trial 163 pruned. [0m
[32m[I 2023-10-13 14:50:41,654][0m Trial 164 pruned. [0m
[32m[I 2023-10-13 14:50:41,761][0m [YH INFO] Prune duplicated args![0m
[32m[I 2023-10-13 14:50:41,767][0m Trial 165 pruned. [0m
[32m[I 2023-10-13 14:50:45,437][0m Trial 166 pruned. [0m
[32m[I 2023-10-13 14:50:48,808][0m Trial 167 pruned. [0m
[32m[I 2023-10-13 14:51:42,257][0m Trial 168 finished with value: 0.6288461538461538 and parameters: {'n_layers': 12, 'lr1': 0.009999999999999998, 'lr2': 0.030000000000000002, 'wd1': -6, 'wd2': -8, 'dropout': 0.0, 'dropout2': 0.2}. Best is trial 168 with value: 0.6288461538461538 and user_attrs {'test_acc': 0.6234390009606148, 'val_acc': 0.6288461538461538}.[0m
[32m[I 2023-10-13 14:51:45,615][0m Trial 169 pruned. [0m
[32m[I 2023-10-13 14:51:49,413][0m Trial 170 pruned. [0m
[32m[I 2023-10-13 14:51:52,671][0m Trial 171 pruned. [0m
[32m[I 2023-10-13 14:51:56,116][0m Trial 172 pruned. [0m
[32m[I 2023-10-13 14:52:43,434][0m Trial 173 finished with value: 0.625 and parameters: {'n_layers': 12, 'lr1': 0.009999999999999998, 'lr2': 0.030000000000000002, 'wd1': -6, 'wd2': -8, 'dropout': 0.0, 'dropout2': 0.30000000000000004}. Best is trial 168 with value: 0.6288461538461538 and user_attrs {'test_acc': 0.6234390009606148, 'val_acc': 0.6288461538461538}.[0m
[32m[I 2023-10-13 14:53:19,985][0m Trial 174 finished with value: 0.6211538461538462 and parameters: {'n_layers': 12, 'lr1': 0.009999999999999998, 'lr2': 0.030000000000000002, 'wd1': -6, 'wd2': -8, 'dropout': 0.0, 'dropout2': 0.30000000000000004}. Best is trial 168 with value: 0.6288461538461538 and user_attrs {'test_acc': 0.6234390009606148, 'val_acc': 0.6288461538461538}.[0m
[32m[I 2023-10-13 14:53:23,344][0m Trial 175 pruned. [0m
[32m[I 2023-10-13 14:53:23,448][0m [YH INFO] Prune duplicated args![0m
[32m[I 2023-10-13 14:53:23,453][0m Trial 176 pruned. [0m
[32m[I 2023-10-13 14:53:26,752][0m Trial 177 pruned. [0m
[32m[I 2023-10-13 14:54:03,444][0m Trial 178 finished with value: 0.6163461538461539 and parameters: {'n_layers': 12, 'lr1': 0.009999999999999998, 'lr2': 0.039999999999999994, 'wd1': -7, 'wd2': -8, 'dropout': 0.0, 'dropout2': 0.4}. Best is trial 168 with value: 0.6288461538461538 and user_attrs {'test_acc': 0.6234390009606148, 'val_acc': 0.6288461538461538}.[0m
