[32m[I 2023-10-14 04:59:42,112][0m Trial 0 finished with value: 0.325 and parameters: {'n_layers': 16, 'lr1': 0.05, 'lr2': 0.009999999999999998, 'wd1': -7, 'wd2': -8, 'dropout': 0.9, 'dropout2': 0.2}. Best is trial 0 with value: 0.325 and user_attrs {'test_acc': 0.3371757925072046, 'val_acc': 0.325}.[0m
[32m[I 2023-10-14 05:01:10,805][0m Trial 1 finished with value: 0.46153846153846156 and parameters: {'n_layers': 12, 'lr1': 0.009999999999999998, 'lr2': -0.01, 'wd1': -3, 'wd2': -8, 'dropout': 0.5, 'dropout2': 0.2}. Best is trial 1 with value: 0.46153846153846156 and user_attrs {'test_acc': 0.4514889529298751, 'val_acc': 0.46153846153846156}.[0m
[32m[I 2023-10-14 05:01:35,103][0m Trial 2 finished with value: 0.27115384615384613 and parameters: {'n_layers': 8, 'lr1': 0.02, 'lr2': 0.02, 'wd1': -3, 'wd2': -7, 'dropout': 0.8, 'dropout2': 0.7000000000000001}. Best is trial 1 with value: 0.46153846153846156 and user_attrs {'test_acc': 0.4514889529298751, 'val_acc': 0.46153846153846156}.[0m
[32m[I 2023-10-14 05:02:41,852][0m Trial 3 finished with value: 0.5490384615384616 and parameters: {'n_layers': 20, 'lr1': 0.05, 'lr2': 0.05, 'wd1': -4, 'wd2': -8, 'dropout': 0.4, 'dropout2': 0.4}. Best is trial 3 with value: 0.5490384615384616 and user_attrs {'test_acc': 0.5283381364073007, 'val_acc': 0.5490384615384616}.[0m
[32m[I 2023-10-14 05:02:56,210][0m Trial 4 finished with value: 0.3 and parameters: {'n_layers': 4, 'lr1': 0.039999999999999994, 'lr2': 0.009999999999999998, 'wd1': -4, 'wd2': -3, 'dropout': 0.7000000000000001, 'dropout2': 0.9}. Best is trial 3 with value: 0.5490384615384616 and user_attrs {'test_acc': 0.5283381364073007, 'val_acc': 0.5490384615384616}.[0m
[32m[I 2023-10-14 05:03:56,354][0m Trial 5 finished with value: 0.5028846153846154 and parameters: {'n_layers': 8, 'lr1': 0.02, 'lr2': 0.05, 'wd1': -6, 'wd2': -5, 'dropout': 0.8, 'dropout2': 0.0}. Best is trial 3 with value: 0.5490384615384616 and user_attrs {'test_acc': 0.5283381364073007, 'val_acc': 0.5490384615384616}.[0m
[32m[I 2023-10-14 05:04:43,398][0m Trial 6 finished with value: 0.5826923076923077 and parameters: {'n_layers': 8, 'lr1': 0.030000000000000002, 'lr2': -0.01, 'wd1': -7, 'wd2': -6, 'dropout': 0.30000000000000004, 'dropout2': 0.5}. Best is trial 6 with value: 0.5826923076923077 and user_attrs {'test_acc': 0.5840537944284342, 'val_acc': 0.5826923076923077}.[0m
[32m[I 2023-10-14 05:04:47,722][0m Trial 7 pruned. [0m
[32m[I 2023-10-14 05:04:51,527][0m Trial 8 pruned. [0m
[32m[I 2023-10-14 05:04:55,329][0m Trial 9 pruned. [0m
[32m[I 2023-10-14 05:04:59,085][0m Trial 10 pruned. [0m
[32m[I 2023-10-14 05:06:24,838][0m Trial 11 finished with value: 0.5721153846153846 and parameters: {'n_layers': 20, 'lr1': 0.05, 'lr2': 0.030000000000000002, 'wd1': -8, 'wd2': -7, 'dropout': 0.4, 'dropout2': 0.4}. Best is trial 6 with value: 0.5826923076923077 and user_attrs {'test_acc': 0.5840537944284342, 'val_acc': 0.5826923076923077}.[0m
[32m[I 2023-10-14 05:08:06,129][0m Trial 12 finished with value: 0.5480769230769231 and parameters: {'n_layers': 12, 'lr1': 0.039999999999999994, 'lr2': 0.030000000000000002, 'wd1': -8, 'wd2': -7, 'dropout': 0.4, 'dropout2': 0.5}. Best is trial 6 with value: 0.5826923076923077 and user_attrs {'test_acc': 0.5840537944284342, 'val_acc': 0.5826923076923077}.[0m
[32m[I 2023-10-14 05:10:16,546][0m Trial 13 finished with value: 0.6230769230769231 and parameters: {'n_layers': 16, 'lr1': 0.039999999999999994, 'lr2': 0.030000000000000002, 'wd1': -7, 'wd2': -4, 'dropout': 0.30000000000000004, 'dropout2': 0.4}. Best is trial 13 with value: 0.6230769230769231 and user_attrs {'test_acc': 0.6109510086455331, 'val_acc': 0.6230769230769231}.[0m
[32m[I 2023-10-14 05:10:20,982][0m Trial 14 pruned. [0m
[32m[I 2023-10-14 05:10:56,130][0m Trial 15 pruned. [0m
[32m[I 2023-10-14 05:11:30,146][0m Trial 16 finished with value: 0.575 and parameters: {'n_layers': 8, 'lr1': 0.0, 'lr2': 0.030000000000000002, 'wd1': -6, 'wd2': -4, 'dropout': 0.30000000000000004, 'dropout2': 0.30000000000000004}. Best is trial 13 with value: 0.6230769230769231 and user_attrs {'test_acc': 0.6109510086455331, 'val_acc': 0.6230769230769231}.[0m
[32m[I 2023-10-14 05:12:02,536][0m Trial 17 finished with value: 0.5711538461538461 and parameters: {'n_layers': 16, 'lr1': 0.039999999999999994, 'lr2': 0.0, 'wd1': -7, 'wd2': -5, 'dropout': 0.2, 'dropout2': 0.6000000000000001}. Best is trial 13 with value: 0.6230769230769231 and user_attrs {'test_acc': 0.6109510086455331, 'val_acc': 0.6230769230769231}.[0m
[32m[I 2023-10-14 05:12:05,824][0m Trial 18 pruned. [0m
[32m[I 2023-10-14 05:14:01,947][0m Trial 19 finished with value: 0.5961538461538461 and parameters: {'n_layers': 12, 'lr1': 0.030000000000000002, 'lr2': 0.039999999999999994, 'wd1': -7, 'wd2': -4, 'dropout': 0.30000000000000004, 'dropout2': 0.7000000000000001}. Best is trial 13 with value: 0.6230769230769231 and user_attrs {'test_acc': 0.6109510086455331, 'val_acc': 0.6230769230769231}.[0m
[32m[I 2023-10-14 05:14:05,539][0m Trial 20 pruned. [0m
[32m[I 2023-10-14 05:15:06,643][0m Trial 21 finished with value: 0.5961538461538461 and parameters: {'n_layers': 12, 'lr1': 0.030000000000000002, 'lr2': 0.039999999999999994, 'wd1': -7, 'wd2': -4, 'dropout': 0.30000000000000004, 'dropout2': 0.7000000000000001}. Best is trial 13 with value: 0.6230769230769231 and user_attrs {'test_acc': 0.6109510086455331, 'val_acc': 0.6230769230769231}.[0m
[32m[I 2023-10-14 05:15:10,514][0m Trial 22 pruned. [0m
[32m[I 2023-10-14 05:15:14,212][0m Trial 23 pruned. [0m
[32m[I 2023-10-14 05:15:46,639][0m Trial 24 pruned. [0m
[32m[I 2023-10-14 05:15:50,650][0m Trial 25 pruned. [0m
[32m[I 2023-10-14 05:16:23,914][0m Trial 26 finished with value: 0.5461538461538461 and parameters: {'n_layers': 16, 'lr1': 0.05, 'lr2': 0.02, 'wd1': -7, 'wd2': -4, 'dropout': 0.1, 'dropout2': 0.6000000000000001}. Best is trial 13 with value: 0.6230769230769231 and user_attrs {'test_acc': 0.6109510086455331, 'val_acc': 0.6230769230769231}.[0m
[32m[I 2023-10-14 05:17:05,951][0m Trial 27 finished with value: 0.5711538461538461 and parameters: {'n_layers': 12, 'lr1': 0.030000000000000002, 'lr2': 0.039999999999999994, 'wd1': -5, 'wd2': -3, 'dropout': 0.2, 'dropout2': 0.4}. Best is trial 13 with value: 0.6230769230769231 and user_attrs {'test_acc': 0.6109510086455331, 'val_acc': 0.6230769230769231}.[0m
[32m[I 2023-10-14 05:17:09,434][0m Trial 28 pruned. [0m
[32m[I 2023-10-14 05:18:23,376][0m Trial 29 finished with value: 0.6326923076923077 and parameters: {'n_layers': 16, 'lr1': 0.05, 'lr2': 0.05, 'wd1': -8, 'wd2': -4, 'dropout': 0.4, 'dropout2': 0.30000000000000004}. Best is trial 29 with value: 0.6326923076923077 and user_attrs {'test_acc': 0.6099903938520653, 'val_acc': 0.6326923076923077}.[0m
[32m[I 2023-10-14 05:19:14,183][0m Trial 30 finished with value: 0.5846153846153846 and parameters: {'n_layers': 20, 'lr1': 0.05, 'lr2': 0.05, 'wd1': -8, 'wd2': -4, 'dropout': 0.6000000000000001, 'dropout2': 0.1}. Best is trial 29 with value: 0.6326923076923077 and user_attrs {'test_acc': 0.6099903938520653, 'val_acc': 0.6326923076923077}.[0m
[32m[I 2023-10-14 05:20:25,803][0m Trial 31 finished with value: 0.6221153846153846 and parameters: {'n_layers': 16, 'lr1': 0.039999999999999994, 'lr2': 0.039999999999999994, 'wd1': -8, 'wd2': -4, 'dropout': 0.4, 'dropout2': 0.30000000000000004}. Best is trial 29 with value: 0.6326923076923077 and user_attrs {'test_acc': 0.6099903938520653, 'val_acc': 0.6326923076923077}.[0m
[32m[I 2023-10-14 05:20:59,689][0m Trial 32 finished with value: 0.5961538461538461 and parameters: {'n_layers': 16, 'lr1': 0.039999999999999994, 'lr2': 0.05, 'wd1': -8, 'wd2': -3, 'dropout': 0.4, 'dropout2': 0.30000000000000004}. Best is trial 29 with value: 0.6326923076923077 and user_attrs {'test_acc': 0.6099903938520653, 'val_acc': 0.6326923076923077}.[0m
[32m[I 2023-10-14 05:22:00,600][0m Trial 33 finished with value: 0.6134615384615385 and parameters: {'n_layers': 16, 'lr1': 0.05, 'lr2': 0.05, 'wd1': -8, 'wd2': -3, 'dropout': 0.4, 'dropout2': 0.30000000000000004}. Best is trial 29 with value: 0.6326923076923077 and user_attrs {'test_acc': 0.6099903938520653, 'val_acc': 0.6326923076923077}.[0m
[32m[I 2023-10-14 05:22:37,433][0m Trial 34 finished with value: 0.6048076923076923 and parameters: {'n_layers': 20, 'lr1': 0.05, 'lr2': 0.05, 'wd1': -8, 'wd2': -3, 'dropout': 0.5, 'dropout2': 0.2}. Best is trial 29 with value: 0.6326923076923077 and user_attrs {'test_acc': 0.6099903938520653, 'val_acc': 0.6326923076923077}.[0m
[32m[I 2023-10-14 05:23:33,026][0m Trial 35 finished with value: 0.6192307692307693 and parameters: {'n_layers': 16, 'lr1': 0.05, 'lr2': 0.05, 'wd1': -8, 'wd2': -3, 'dropout': 0.4, 'dropout2': 0.30000000000000004}. Best is trial 29 with value: 0.6326923076923077 and user_attrs {'test_acc': 0.6099903938520653, 'val_acc': 0.6326923076923077}.[0m
[32m[I 2023-10-14 05:23:36,571][0m Trial 36 pruned. [0m
[32m[I 2023-10-14 05:24:20,357][0m Trial 37 finished with value: 0.6125 and parameters: {'n_layers': 20, 'lr1': 0.039999999999999994, 'lr2': 0.05, 'wd1': -8, 'wd2': -3, 'dropout': 0.4, 'dropout2': 0.4}. Best is trial 29 with value: 0.6326923076923077 and user_attrs {'test_acc': 0.6099903938520653, 'val_acc': 0.6326923076923077}.[0m
[32m[I 2023-10-14 05:24:24,498][0m Trial 38 pruned. [0m
[32m[I 2023-10-14 05:24:28,068][0m Trial 39 pruned. [0m
[32m[I 2023-10-14 05:24:31,445][0m Trial 40 pruned. [0m
[32m[I 2023-10-14 05:24:31,531][0m [YH INFO] Prune duplicated args![0m
[32m[I 2023-10-14 05:24:31,538][0m Trial 41 pruned. [0m
[32m[I 2023-10-14 05:24:34,967][0m Trial 42 pruned. [0m
[32m[I 2023-10-14 05:24:38,435][0m Trial 43 pruned. [0m
[32m[I 2023-10-14 05:24:41,991][0m Trial 44 pruned. [0m
[32m[I 2023-10-14 05:25:08,315][0m Trial 45 finished with value: 0.5836538461538462 and parameters: {'n_layers': 16, 'lr1': 0.05, 'lr2': 0.05, 'wd1': -7, 'wd2': -3, 'dropout': 0.2, 'dropout2': 0.2}. Best is trial 29 with value: 0.6326923076923077 and user_attrs {'test_acc': 0.6099903938520653, 'val_acc': 0.6326923076923077}.[0m
[32m[I 2023-10-14 05:25:11,761][0m Trial 46 pruned. [0m
[32m[I 2023-10-14 05:25:44,501][0m Trial 47 finished with value: 0.6125 and parameters: {'n_layers': 20, 'lr1': 0.05, 'lr2': 0.05, 'wd1': -7, 'wd2': -3, 'dropout': 0.30000000000000004, 'dropout2': 0.30000000000000004}. Best is trial 29 with value: 0.6326923076923077 and user_attrs {'test_acc': 0.6099903938520653, 'val_acc': 0.6326923076923077}.[0m
[32m[I 2023-10-14 05:25:47,854][0m Trial 48 pruned. [0m
[32m[I 2023-10-14 05:25:51,173][0m Trial 49 pruned. [0m
[32m[I 2023-10-14 05:26:22,655][0m Trial 50 pruned. [0m
[32m[I 2023-10-14 05:26:26,436][0m Trial 51 pruned. [0m
[32m[I 2023-10-14 05:27:10,796][0m Trial 52 finished with value: 0.6105769230769231 and parameters: {'n_layers': 20, 'lr1': 0.05, 'lr2': 0.05, 'wd1': -7, 'wd2': -3, 'dropout': 0.4, 'dropout2': 0.30000000000000004}. Best is trial 29 with value: 0.6326923076923077 and user_attrs {'test_acc': 0.6099903938520653, 'val_acc': 0.6326923076923077}.[0m
[32m[I 2023-10-14 05:27:14,390][0m Trial 53 pruned. [0m
[32m[I 2023-10-14 05:27:20,150][0m Trial 54 pruned. [0m
[32m[I 2023-10-14 05:27:23,664][0m Trial 55 pruned. [0m
[32m[I 2023-10-14 05:27:27,410][0m Trial 56 pruned. [0m
[32m[I 2023-10-14 05:27:31,125][0m Trial 57 pruned. [0m
[32m[I 2023-10-14 05:27:59,223][0m Trial 58 finished with value: 0.6 and parameters: {'n_layers': 12, 'lr1': 0.039999999999999994, 'lr2': 0.05, 'wd1': -8, 'wd2': -3, 'dropout': 0.30000000000000004, 'dropout2': 0.30000000000000004}. Best is trial 29 with value: 0.6326923076923077 and user_attrs {'test_acc': 0.6099903938520653, 'val_acc': 0.6326923076923077}.[0m
[32m[I 2023-10-14 05:28:02,662][0m Trial 59 pruned. [0m
[32m[I 2023-10-14 05:28:06,181][0m Trial 60 pruned. [0m
[32m[I 2023-10-14 05:28:45,979][0m Trial 61 finished with value: 0.6038461538461538 and parameters: {'n_layers': 20, 'lr1': 0.039999999999999994, 'lr2': 0.05, 'wd1': -8, 'wd2': -3, 'dropout': 0.4, 'dropout2': 0.30000000000000004}. Best is trial 29 with value: 0.6326923076923077 and user_attrs {'test_acc': 0.6099903938520653, 'val_acc': 0.6326923076923077}.[0m
[32m[I 2023-10-14 05:28:49,412][0m Trial 62 pruned. [0m
[32m[I 2023-10-14 05:28:52,804][0m Trial 63 pruned. [0m
[32m[I 2023-10-14 05:29:13,520][0m Trial 64 finished with value: 0.5884615384615385 and parameters: {'n_layers': 16, 'lr1': 0.030000000000000002, 'lr2': 0.05, 'wd1': -8, 'wd2': -3, 'dropout': 0.1, 'dropout2': 0.30000000000000004}. Best is trial 29 with value: 0.6326923076923077 and user_attrs {'test_acc': 0.6099903938520653, 'val_acc': 0.6326923076923077}.[0m
[32m[I 2023-10-14 05:29:17,136][0m Trial 65 pruned. [0m
[32m[I 2023-10-14 05:30:26,348][0m Trial 66 finished with value: 0.6173076923076923 and parameters: {'n_layers': 16, 'lr1': 0.05, 'lr2': 0.039999999999999994, 'wd1': -8, 'wd2': -4, 'dropout': 0.30000000000000004, 'dropout2': 0.5}. Best is trial 29 with value: 0.6326923076923077 and user_attrs {'test_acc': 0.6099903938520653, 'val_acc': 0.6326923076923077}.[0m
[32m[I 2023-10-14 05:30:30,359][0m Trial 67 pruned. [0m
[32m[I 2023-10-14 05:30:33,740][0m Trial 68 pruned. [0m
[32m[I 2023-10-14 05:30:36,971][0m Trial 69 pruned. [0m
[32m[I 2023-10-14 05:30:40,122][0m Trial 70 pruned. [0m
[32m[I 2023-10-14 05:31:32,398][0m Trial 71 finished with value: 0.6173076923076923 and parameters: {'n_layers': 16, 'lr1': 0.05, 'lr2': 0.05, 'wd1': -8, 'wd2': -4, 'dropout': 0.30000000000000004, 'dropout2': 0.30000000000000004}. Best is trial 29 with value: 0.6326923076923077 and user_attrs {'test_acc': 0.6099903938520653, 'val_acc': 0.6326923076923077}.[0m
[32m[I 2023-10-14 05:32:23,790][0m Trial 72 finished with value: 0.6192307692307693 and parameters: {'n_layers': 16, 'lr1': 0.05, 'lr2': 0.05, 'wd1': -8, 'wd2': -4, 'dropout': 0.30000000000000004, 'dropout2': 0.30000000000000004}. Best is trial 29 with value: 0.6326923076923077 and user_attrs {'test_acc': 0.6099903938520653, 'val_acc': 0.6326923076923077}.[0m
[32m[I 2023-10-14 05:32:27,448][0m Trial 73 pruned. [0m
[32m[I 2023-10-14 05:33:43,459][0m Trial 74 finished with value: 0.6259615384615385 and parameters: {'n_layers': 16, 'lr1': 0.05, 'lr2': 0.039999999999999994, 'wd1': -8, 'wd2': -4, 'dropout': 0.30000000000000004, 'dropout2': 0.2}. Best is trial 29 with value: 0.6326923076923077 and user_attrs {'test_acc': 0.6099903938520653, 'val_acc': 0.6326923076923077}.[0m
[32m[I 2023-10-14 05:33:47,242][0m Trial 75 pruned. [0m
[32m[I 2023-10-14 05:33:52,330][0m Trial 76 pruned. [0m
[32m[I 2023-10-14 05:35:07,664][0m Trial 77 finished with value: 0.6317307692307692 and parameters: {'n_layers': 16, 'lr1': 0.05, 'lr2': 0.039999999999999994, 'wd1': -8, 'wd2': -4, 'dropout': 0.30000000000000004, 'dropout2': 0.2}. Best is trial 29 with value: 0.6326923076923077 and user_attrs {'test_acc': 0.6099903938520653, 'val_acc': 0.6326923076923077}.[0m
[32m[I 2023-10-14 05:36:03,825][0m Trial 78 finished with value: 0.625 and parameters: {'n_layers': 16, 'lr1': 0.05, 'lr2': 0.039999999999999994, 'wd1': -8, 'wd2': -4, 'dropout': 0.2, 'dropout2': 0.2}. Best is trial 29 with value: 0.6326923076923077 and user_attrs {'test_acc': 0.6099903938520653, 'val_acc': 0.6326923076923077}.[0m
[32m[I 2023-10-14 05:37:17,463][0m Trial 79 finished with value: 0.625 and parameters: {'n_layers': 16, 'lr1': 0.039999999999999994, 'lr2': 0.030000000000000002, 'wd1': -8, 'wd2': -4, 'dropout': 0.2, 'dropout2': 0.2}. Best is trial 29 with value: 0.6326923076923077 and user_attrs {'test_acc': 0.6099903938520653, 'val_acc': 0.6326923076923077}.[0m
[32m[I 2023-10-14 05:38:37,109][0m Trial 80 finished with value: 0.6173076923076923 and parameters: {'n_layers': 16, 'lr1': 0.039999999999999994, 'lr2': 0.030000000000000002, 'wd1': -7, 'wd2': -5, 'dropout': 0.1, 'dropout2': 0.1}. Best is trial 29 with value: 0.6326923076923077 and user_attrs {'test_acc': 0.6099903938520653, 'val_acc': 0.6326923076923077}.[0m
[32m[I 2023-10-14 05:38:40,739][0m Trial 81 pruned. [0m
[32m[I 2023-10-14 05:38:44,401][0m Trial 82 pruned. [0m
[32m[I 2023-10-14 05:38:48,020][0m Trial 83 pruned. [0m
[32m[I 2023-10-14 05:38:54,812][0m Trial 84 pruned. [0m
[32m[I 2023-10-14 05:38:58,093][0m Trial 85 pruned. [0m
[32m[I 2023-10-14 05:39:01,652][0m Trial 86 pruned. [0m
[32m[I 2023-10-14 05:39:05,411][0m Trial 87 pruned. [0m
[32m[I 2023-10-14 05:40:38,931][0m Trial 88 finished with value: 0.6307692307692307 and parameters: {'n_layers': 16, 'lr1': 0.030000000000000002, 'lr2': 0.030000000000000002, 'wd1': -8, 'wd2': -4, 'dropout': 0.30000000000000004, 'dropout2': 0.2}. Best is trial 29 with value: 0.6326923076923077 and user_attrs {'test_acc': 0.6099903938520653, 'val_acc': 0.6326923076923077}.[0m
[32m[I 2023-10-14 05:41:32,448][0m Trial 89 pruned. [0m
[32m[I 2023-10-14 05:41:56,396][0m Trial 90 finished with value: 0.5932692307692308 and parameters: {'n_layers': 12, 'lr1': 0.039999999999999994, 'lr2': 0.02, 'wd1': -8, 'wd2': -6, 'dropout': 0.1, 'dropout2': 0.2}. Best is trial 29 with value: 0.6326923076923077 and user_attrs {'test_acc': 0.6099903938520653, 'val_acc': 0.6326923076923077}.[0m
[32m[I 2023-10-14 05:42:23,836][0m Trial 91 pruned. [0m
[32m[I 2023-10-14 05:43:21,891][0m Trial 92 finished with value: 0.6259615384615385 and parameters: {'n_layers': 16, 'lr1': 0.05, 'lr2': 0.039999999999999994, 'wd1': -8, 'wd2': -4, 'dropout': 0.2, 'dropout2': 0.30000000000000004}. Best is trial 29 with value: 0.6326923076923077 and user_attrs {'test_acc': 0.6099903938520653, 'val_acc': 0.6326923076923077}.[0m
[32m[I 2023-10-14 05:44:27,036][0m Trial 93 finished with value: 0.614423076923077 and parameters: {'n_layers': 16, 'lr1': 0.039999999999999994, 'lr2': 0.039999999999999994, 'wd1': -8, 'wd2': -4, 'dropout': 0.2, 'dropout2': 0.30000000000000004}. Best is trial 29 with value: 0.6326923076923077 and user_attrs {'test_acc': 0.6099903938520653, 'val_acc': 0.6326923076923077}.[0m
[32m[I 2023-10-14 05:44:31,106][0m Trial 94 pruned. [0m
[32m[I 2023-10-14 05:44:34,621][0m Trial 95 pruned. [0m
[32m[I 2023-10-14 05:44:46,529][0m Trial 96 pruned. [0m
[32m[I 2023-10-14 05:44:49,840][0m Trial 97 pruned. [0m
[32m[I 2023-10-14 05:45:26,836][0m Trial 98 finished with value: 0.6278846153846154 and parameters: {'n_layers': 16, 'lr1': 0.05, 'lr2': 0.039999999999999994, 'wd1': -7, 'wd2': -4, 'dropout': 0.1, 'dropout2': 0.2}. Best is trial 29 with value: 0.6326923076923077 and user_attrs {'test_acc': 0.6099903938520653, 'val_acc': 0.6326923076923077}.[0m
[32m[I 2023-10-14 05:45:29,861][0m Trial 99 pruned. [0m
[32m[I 2023-10-14 05:46:10,381][0m Trial 100 finished with value: 0.625 and parameters: {'n_layers': 16, 'lr1': 0.030000000000000002, 'lr2': 0.039999999999999994, 'wd1': -6, 'wd2': -4, 'dropout': 0.1, 'dropout2': 0.2}. Best is trial 29 with value: 0.6326923076923077 and user_attrs {'test_acc': 0.6099903938520653, 'val_acc': 0.6326923076923077}.[0m
[32m[I 2023-10-14 05:47:03,350][0m Trial 101 finished with value: 0.6221153846153846 and parameters: {'n_layers': 16, 'lr1': 0.030000000000000002, 'lr2': 0.039999999999999994, 'wd1': -6, 'wd2': -4, 'dropout': 0.1, 'dropout2': 0.2}. Best is trial 29 with value: 0.6326923076923077 and user_attrs {'test_acc': 0.6099903938520653, 'val_acc': 0.6326923076923077}.[0m
[32m[I 2023-10-14 05:47:35,942][0m Trial 102 finished with value: 0.625 and parameters: {'n_layers': 16, 'lr1': 0.02, 'lr2': 0.039999999999999994, 'wd1': -6, 'wd2': -4, 'dropout': 0.1, 'dropout2': 0.2}. Best is trial 29 with value: 0.6326923076923077 and user_attrs {'test_acc': 0.6099903938520653, 'val_acc': 0.6326923076923077}.[0m
[32m[I 2023-10-14 05:48:10,993][0m Trial 103 finished with value: 0.6259615384615385 and parameters: {'n_layers': 16, 'lr1': 0.02, 'lr2': 0.039999999999999994, 'wd1': -6, 'wd2': -4, 'dropout': 0.1, 'dropout2': 0.2}. Best is trial 29 with value: 0.6326923076923077 and user_attrs {'test_acc': 0.6099903938520653, 'val_acc': 0.6326923076923077}.[0m
[32m[I 2023-10-14 05:48:11,097][0m [YH INFO] Prune duplicated args![0m
[32m[I 2023-10-14 05:48:11,103][0m Trial 104 pruned. [0m
[32m[I 2023-10-14 05:48:11,219][0m [YH INFO] Prune duplicated args![0m
[32m[I 2023-10-14 05:48:11,226][0m Trial 105 pruned. [0m
[32m[I 2023-10-14 05:48:14,721][0m Trial 106 pruned. [0m
[32m[I 2023-10-14 05:48:18,149][0m Trial 107 pruned. [0m
[32m[I 2023-10-14 05:48:21,560][0m Trial 108 pruned. [0m
[32m[I 2023-10-14 05:48:25,095][0m Trial 109 pruned. [0m
[32m[I 2023-10-14 05:48:25,197][0m [YH INFO] Prune duplicated args![0m
[32m[I 2023-10-14 05:48:25,204][0m Trial 110 pruned. [0m
[32m[I 2023-10-14 05:48:28,625][0m Trial 111 pruned. [0m
[32m[I 2023-10-14 05:48:32,376][0m Trial 112 pruned. [0m
[32m[I 2023-10-14 05:49:12,493][0m Trial 113 finished with value: 0.6173076923076923 and parameters: {'n_layers': 16, 'lr1': 0.030000000000000002, 'lr2': 0.039999999999999994, 'wd1': -6, 'wd2': -4, 'dropout': 0.0, 'dropout2': 0.2}. Best is trial 29 with value: 0.6326923076923077 and user_attrs {'test_acc': 0.6099903938520653, 'val_acc': 0.6326923076923077}.[0m
[32m[I 2023-10-14 05:49:15,983][0m Trial 114 pruned. [0m
[32m[I 2023-10-14 05:49:19,394][0m Trial 115 pruned. [0m
[32m[I 2023-10-14 05:49:22,602][0m Trial 116 pruned. [0m
[32m[I 2023-10-14 05:49:26,237][0m Trial 117 pruned. [0m
[32m[I 2023-10-14 05:49:29,653][0m Trial 118 pruned. [0m
[32m[I 2023-10-14 05:49:33,266][0m Trial 119 pruned. [0m
[32m[I 2023-10-14 05:49:36,584][0m Trial 120 pruned. [0m
[32m[I 2023-10-14 05:49:40,909][0m Trial 121 pruned. [0m
[32m[I 2023-10-14 05:49:44,378][0m Trial 122 pruned. [0m
