[32m[I 2023-10-13 14:54:06,729][0m Trial 179 pruned. [0m
[32m[I 2023-10-13 14:54:10,208][0m Trial 180 pruned. [0m
[32m[I 2023-10-13 14:54:13,601][0m Trial 181 pruned. [0m
[32m[I 2023-10-13 14:54:17,074][0m Trial 182 pruned. [0m
[32m[I 2023-10-13 14:54:20,321][0m Trial 183 pruned. [0m
[32m[I 2023-10-13 14:54:23,837][0m Trial 184 pruned. [0m
[32m[I 2023-10-13 14:54:23,945][0m [YH INFO] Prune duplicated args![0m
[32m[I 2023-10-13 14:54:23,951][0m Trial 185 pruned. [0m
[32m[I 2023-10-13 14:54:27,186][0m Trial 186 pruned. [0m
[32m[I 2023-10-13 14:54:30,661][0m Trial 187 pruned. [0m
[32m[I 2023-10-13 14:54:33,979][0m Trial 188 pruned. [0m
[32m[I 2023-10-13 14:54:37,470][0m Trial 189 pruned. [0m
[32m[I 2023-10-13 14:54:40,743][0m Trial 190 pruned. [0m
[32m[I 2023-10-13 14:54:44,358][0m Trial 191 pruned. [0m
[32m[I 2023-10-13 14:54:47,495][0m Trial 192 pruned. [0m
[32m[I 2023-10-13 14:54:50,911][0m Trial 193 pruned. [0m
[32m[I 2023-10-13 14:54:54,224][0m Trial 194 pruned. [0m
[32m[I 2023-10-13 14:54:57,568][0m Trial 195 pruned. [0m
[32m[I 2023-10-13 14:54:57,669][0m [YH INFO] Prune duplicated args![0m
[32m[I 2023-10-13 14:54:57,675][0m Trial 196 pruned. [0m
[32m[I 2023-10-13 14:55:00,713][0m Trial 197 pruned. [0m
[32m[I 2023-10-13 14:55:03,984][0m Trial 198 pruned. [0m
[32m[I 2023-10-13 14:55:08,463][0m Trial 199 pruned. [0m
[32m[I 2023-10-13 14:55:11,959][0m Trial 200 pruned. [0m
[32m[I 2023-10-13 14:55:15,623][0m Trial 201 pruned. [0m
[32m[I 2023-10-13 14:55:19,010][0m Trial 202 pruned. [0m
[32m[I 2023-10-13 14:55:22,356][0m Trial 203 pruned. [0m
